0 verbose cli /data/data/com.termux/files/usr/bin/node /data/data/com.termux/files/usr/bin/npm
1 info using npm@11.16.0
2 info using node@v26.2.0
3 silly config load:file:/data/data/com.termux/files/usr/lib/node_modules/npm/npmrc
4 silly config load:file:/data/data/com.termux/files/home/.npmrc
5 silly config load:file:/data/data/com.termux/files/usr/etc/npmrc
6 verbose title npm install dotenv
7 verbose argv "install" "dotenv"
8 verbose logfile logs-max:10 dir:/data/data/com.termux/files/home/.npm/_logs/2026-05-30T15_56_59_509Z-
9 verbose logfile /data/data/com.termux/files/home/.npm/_logs/2026-05-30T15_56_59_509Z-debug-0.log
10 silly logfile done cleaning log files
11 silly packumentCache heap:1082130432 maxSize:270532608 maxEntrySize:135266304
12 silly idealTree buildDeps
13 silly fetch manifest dotenv@*
14 silly packumentCache full:https://registry.npmjs.org/dotenv cache-miss
15 http fetch GET 200 https://registry.npmjs.org/dotenv 647ms (cache miss)
16 silly packumentCache full:https://registry.npmjs.org/dotenv set size:undefined disposed:false
17 silly placeDep ROOT dotenv@17.4.2 OK for: home@1.0.0 want: *
18 silly reify moves {}
19 silly audit bulk request {
19 silly audit   '@borewit/text-codec': [ '0.2.2' ],
19 silly audit   '@cacheable/memory': [ '2.0.9' ],
19 silly audit   '@cacheable/node-cache': [ '1.7.6' ],
19 silly audit   '@cacheable/utils': [ '2.4.1' ],
19 silly audit   '@emnapi/runtime': [ '1.10.0' ],
19 silly audit   '@hapi/boom': [ '9.1.4' ],
19 silly audit   '@hapi/hoek': [ '9.3.0' ],
19 silly audit   '@img/colour': [ '1.1.0' ],
19 silly audit   '@img/sharp-darwin-arm64': [ '0.34.5' ],
19 silly audit   '@img/sharp-darwin-x64': [ '0.34.5' ],
19 silly audit   '@img/sharp-libvips-darwin-arm64': [ '1.2.4' ],
19 silly audit   '@img/sharp-libvips-darwin-x64': [ '1.2.4' ],
19 silly audit   '@img/sharp-libvips-linux-arm': [ '1.2.4' ],
19 silly audit   '@img/sharp-libvips-linux-arm64': [ '1.2.4' ],
19 silly audit   '@img/sharp-libvips-linux-ppc64': [ '1.2.4' ],
19 silly audit   '@img/sharp-libvips-linux-riscv64': [ '1.2.4' ],
19 silly audit   '@img/sharp-libvips-linux-s390x': [ '1.2.4' ],
19 silly audit   '@img/sharp-libvips-linux-x64': [ '1.2.4' ],
19 silly audit   '@img/sharp-libvips-linuxmusl-arm64': [ '1.2.4' ],
19 silly audit   '@img/sharp-libvips-linuxmusl-x64': [ '1.2.4' ],
19 silly audit   '@img/sharp-linux-arm': [ '0.34.5' ],
19 silly audit   '@img/sharp-linux-arm64': [ '0.34.5' ],
19 silly audit   '@img/sharp-linux-ppc64': [ '0.34.5' ],
19 silly audit   '@img/sharp-linux-riscv64': [ '0.34.5' ],
19 silly audit   '@img/sharp-linux-s390x': [ '0.34.5' ],
19 silly audit   '@img/sharp-linux-x64': [ '0.34.5' ],
19 silly audit   '@img/sharp-linuxmusl-arm64': [ '0.34.5' ],
19 silly audit   '@img/sharp-linuxmusl-x64': [ '0.34.5' ],
19 silly audit   '@img/sharp-wasm32': [ '0.34.5' ],
19 silly audit   '@img/sharp-win32-arm64': [ '0.34.5' ],
19 silly audit   '@img/sharp-win32-ia32': [ '0.34.5' ],
19 silly audit   '@img/sharp-win32-x64': [ '0.34.5' ],
19 silly audit   '@jsep-plugin/assignment': [ '1.3.0' ],
19 silly audit   '@jsep-plugin/regex': [ '1.0.4' ],
19 silly audit   '@keyv/bigmap': [ '1.3.1' ],
19 silly audit   '@keyv/serialize': [ '1.1.1' ],
19 silly audit   '@pinojs/redact': [ '0.4.0' ],
19 silly audit   '@protobufjs/aspromise': [ '1.1.2' ],
19 silly audit   '@protobufjs/base64': [ '1.1.2' ],
19 silly audit   '@protobufjs/codegen': [ '2.0.5' ],
19 silly audit   '@protobufjs/eventemitter': [ '1.1.1' ],
19 silly audit   '@protobufjs/fetch': [ '1.1.1' ],
19 silly audit   '@protobufjs/float': [ '1.0.2' ],
19 silly audit   '@protobufjs/inquire': [ '1.1.2' ],
19 silly audit   '@protobufjs/path': [ '1.1.2' ],
19 silly audit   '@protobufjs/pool': [ '1.1.0' ],
19 silly audit   '@protobufjs/utf8': [ '1.1.1' ],
19 silly audit   '@tokenizer/inflate': [ '0.4.1' ],
19 silly audit   '@tokenizer/token': [ '0.3.0' ],
19 silly audit   '@types/node': [ '25.9.1' ],
19 silly audit   '@whiskeysockets/baileys': [ '7.0.0-rc13' ],
19 silly audit   pino: [ '9.14.0', '10.3.1' ],
19 silly audit   'pino-abstract-transport': [ '2.0.0', '3.0.0' ],
19 silly audit   'thread-stream': [ '3.1.0', '4.2.0' ],
19 silly audit   accepts: [ '2.0.0' ],
19 silly audit   'ansi-regex': [ '3.0.1' ],
19 silly audit   'async-mutex': [ '0.5.0' ],
19 silly audit   'async.parallellimit': [ '0.5.2' ],
19 silly audit   'async.util.eachoflimit': [ '0.5.2' ],
19 silly audit   'async.util.isarray': [ '0.5.2' ],
19 silly audit   'async.util.isarraylike': [ '0.5.2' ],
19 silly audit   'async.util.keyiterator': [ '0.5.2' ],
19 silly audit   'async.util.keys': [ '0.5.2' ],
19 silly audit   'async.util.noop': [ '0.5.2' ],
19 silly audit   'async.util.once': [ '0.5.2' ],
19 silly audit   'async.util.onlyonce': [ '0.5.2' ],
19 silly audit   'async.util.parallel': [ '0.5.2' ],
19 silly audit   'async.util.restparam': [ '0.5.2' ],
19 silly audit   'atomic-sleep': [ '1.0.0' ],
19 silly audit   'balanced-match': [ '1.0.2' ],
19 silly audit   'body-parser': [ '2.2.2' ],
19 silly audit   'iconv-lite': [ '0.7.2', '0.6.3' ],
19 silly audit   boolbase: [ '1.0.0' ],
19 silly audit   boolstring: [ '2.0.1' ],
19 silly audit   'brace-expansion': [ '1.1.15' ],
19 silly audit   bytes: [ '3.1.2' ],
19 silly audit   cacheable: [ '2.3.5' ],
19 silly audit   'call-bind-apply-helpers': [ '1.0.2' ],
19 silly audit   'call-bound': [ '1.0.4' ],
19 silly audit   cheerio: [ '1.2.0' ],
19 silly audit   'cheerio-select': [ '2.1.0' ],
19 silly audit   'dom-serializer': [ '2.0.0', '0.2.2' ],
19 silly audit   domelementtype: [ '2.3.0', '1.3.1' ],
19 silly audit   domhandler: [ '5.0.3', '2.4.2' ],
19 silly audit   domutils: [ '3.2.2', '1.7.0' ],
19 silly audit   entities: [ '4.5.0', '7.0.1', '2.2.0', '1.1.2', '6.0.1' ],
19 silly audit   htmlparser2: [ '10.1.0', '3.10.1' ],
19 silly audit   'concat-map': [ '0.0.1' ],
19 silly audit   'content-disposition': [ '1.1.0' ],
19 silly audit   'content-type': [ '1.0.5', '2.0.0' ],
19 silly audit   cookie: [ '0.7.2' ],
19 silly audit   'cookie-signature': [ '1.2.2' ],
19 silly audit   'css-select': [ '5.2.2' ],
19 silly audit   'css-what': [ '6.2.2' ],
19 silly audit   'curve25519-js': [ '0.0.4' ],
19 silly audit   dasu: [ '0.4.3' ],
19 silly audit   debug: [ '4.4.3' ],
19 silly audit   depd: [ '2.0.0' ],
19 silly audit   'detect-libc': [ '2.1.2' ],
19 silly audit   'dunder-proto': [ '1.0.1' ],
19 silly audit   'ee-first': [ '1.1.1' ],
19 silly audit   encodeurl: [ '2.0.0' ],
19 silly audit   encoding: [ '0.1.13' ],
19 silly audit   'encoding-sniffer': [ '0.2.1' ],
19 silly audit   'es-define-property': [ '1.0.1' ],
19 silly audit   'es-errors': [ '1.3.0' ],
19 silly audit   'es-object-atoms': [ '1.1.2' ],
19 silly audit   'escape-html': [ '1.0.3' ],
19 silly audit   etag: [ '1.8.1' ],
19 silly audit   eventemitter3: [ '5.0.4' ],
19 silly audit   express: [ '5.2.1' ],
19 silly audit   'file-type': [ '21.3.4' ],
19 silly audit   finalhandler: [ '2.1.1' ],
19 silly audit   forwarded: [ '0.2.0' ],
19 silly audit   fresh: [ '2.0.0' ],
19 silly audit   'function-bind': [ '1.1.2' ],
19 silly audit   'get-intrinsic': [ '1.3.0' ],
19 silly audit   'get-proto': [ '1.0.1' ],
19 silly audit   gopd: [ '1.2.0' ],
19 silly audit   'has-symbols': [ '1.1.0' ],
19 silly audit   hashery: [ '1.5.1' ],
19 silly audit   hasown: [ '2.0.4' ],
19 silly audit   he: [ '1.2.0' ],
19 silly audit   hookified: [ '1.15.1', '2.2.0' ],
19 silly audit   'html-to-text': [ '5.1.1' ],
19 silly audit   'http-errors': [ '2.0.1' ],
19 silly audit   'human-time': [ '0.0.2' ],
19 silly audit   ieee754: [ '1.2.1' ],
19 silly audit   inherits: [ '2.0.4' ],
19 silly audit   'ipaddr.js': [ '1.9.1' ],
19 silly audit   'is-fullwidth-code-point': [ '2.0.0' ],
19 silly audit   'is-promise': [ '4.0.0' ],
19 silly audit   jsep: [ '1.4.0' ],
19 silly audit   'jsonpath-plus': [ '10.3.0' ],
19 silly audit   keypress: [ '0.2.1' ],
19 silly audit   keyv: [ '5.6.0' ],
19 silly audit   libsignal: [ '6.0.0' ],
19 silly audit   lodash: [ '4.18.1' ],
19 silly audit   long: [ '5.3.2' ],
19 silly audit   'lru-cache': [ '11.5.1' ],
19 silly audit   'lyrics-finder': [ '21.7.0' ],
19 silly audit   m3u8stream: [ '0.8.6' ],
19 silly audit   'math-intrinsics': [ '1.1.0' ],
19 silly audit   'media-typer': [ '1.1.0' ],
19 silly audit   'merge-descriptors': [ '2.0.0' ],
19 silly audit   'mime-db': [ '1.54.0' ],
19 silly audit   'mime-types': [ '3.0.2' ],
19 silly audit   'mimic-fn': [ '2.1.0' ],
19 silly audit   miniget: [ '4.2.3' ],
19 silly audit   minimatch: [ '3.0.8' ],
19 silly audit   minimist: [ '1.2.8' ],
19 silly audit   ms: [ '2.1.3' ],
19 silly audit   'music-metadata': [ '11.12.3' ],
19 silly audit   negotiator: [ '1.0.0' ],
19 silly audit   'node-fetch': [ '2.7.0' ],
19 silly audit   'node-fzf': [ '0.14.0' ],
19 silly audit   'nth-check': [ '2.1.1' ],
19 silly audit   'object-inspect': [ '1.13.4' ],
19 silly audit   'on-exit-leak-free': [ '2.1.2' ],
19 silly audit   'on-finished': [ '2.4.1' ],
19 silly audit   once: [ '1.4.0' ],
19 silly audit   onetime: [ '5.1.2' ],
19 silly audit   'p-queue': [ '9.3.0' ],
19 silly audit   'p-timeout': [ '7.0.1' ],
19 silly audit   parse5: [ '7.3.0' ],
19 silly audit   'parse5-htmlparser2-tree-adapter': [ '7.1.0' ],
19 silly audit   'parse5-parser-stream': [ '7.1.2' ],
19 silly audit   parseurl: [ '1.3.3' ],
19 silly audit   'path-to-regexp': [ '8.4.2' ],
19 silly audit   picocolors: [ '1.1.1' ],
19 silly audit   'pino-std-serializers': [ '7.1.0' ],
19 silly audit   'play-audio': [ '0.5.2' ],
19 silly audit   'play-dl': [ '1.9.7' ],
19 silly audit   'process-warning': [ '5.0.0' ],
19 silly audit   protobufjs: [ '7.6.1' ],
19 silly audit   'proxy-addr': [ '2.0.7' ],
19 silly audit   qified: [ '0.10.1' ],
19 silly audit   qs: [ '6.15.2' ],
19 silly audit   'quick-format-unescaped': [ '4.0.4' ],
19 silly audit   'range-parser': [ '1.2.1' ],
19 silly audit   'raw-body': [ '3.0.2' ],
19 silly audit   'readable-stream': [ '3.6.2' ],
19 silly audit   'real-require': [ '0.2.0', '1.0.0' ],
19 silly audit   redstar: [ '0.0.2' ],
19 silly audit   'restore-cursor': [ '3.1.0' ],
19 silly audit   router: [ '2.2.0' ],
19 silly audit   'safe-buffer': [ '5.2.1' ],
19 silly audit   'safe-stable-stringify': [ '2.5.0' ],
19 silly audit   'safer-buffer': [ '2.1.2' ],
19 silly audit   sax: [ '1.6.0' ],
19 silly audit   semver: [ '7.8.1' ],
19 silly audit   send: [ '1.2.1' ],
19 silly audit   'serve-static': [ '2.2.1' ],
19 silly audit   setprototypeof: [ '1.2.0' ],
19 silly audit   sharp: [ '0.34.5' ],
19 silly audit   'side-channel': [ '1.1.0' ],
19 silly audit   'side-channel-list': [ '1.0.1' ],
19 silly audit   'side-channel-map': [ '1.0.1' ],
19 silly audit   'side-channel-weakmap': [ '1.0.2' ],
19 silly audit   'signal-exit': [ '3.0.7' ],
19 silly audit   'sonic-boom': [ '4.2.1' ],
19 silly audit   split2: [ '4.2.0' ],
19 silly audit   statuses: [ '2.0.2' ],
19 silly audit   string_decoder: [ '1.3.0' ],
19 silly audit   'string-width': [ '2.1.1' ],
19 silly audit   'strip-ansi': [ '4.0.0' ],
19 silly audit   strtok3: [ '10.3.5' ],
19 silly audit   toidentifier: [ '1.0.1' ],
19 silly audit   'token-types': [ '6.1.2' ],
19 silly audit   tr46: [ '0.0.3' ],
19 silly audit   tslib: [ '2.8.1' ],
19 silly audit   ttys: [ '0.0.3' ],
19 silly audit   'type-is': [ '2.1.0' ],
19 silly audit   'uint8array-extras': [ '1.5.0' ],
19 silly audit   undici: [ '7.26.0' ],
19 silly audit   'undici-types': [ '7.24.6' ],
19 silly audit   unpipe: [ '1.0.0' ],
19 silly audit   'util-deprecate': [ '1.0.2' ],
19 silly audit   vary: [ '1.1.2' ],
19 silly audit   'webidl-conversions': [ '3.0.1' ],
19 silly audit   'whatsapp-rust-bridge': [ '0.5.4' ],
19 silly audit   'whatwg-encoding': [ '3.1.1' ],
19 silly audit   'whatwg-mimetype': [ '4.0.0' ],
19 silly audit   'whatwg-url': [ '5.0.0' ],
19 silly audit   'win-guid': [ '0.2.1' ],
19 silly audit   wrappy: [ '1.0.2' ],
19 silly audit   ws: [ '8.21.0' ],
19 silly audit   'yt-search': [ '2.13.1' ],
19 silly audit   'ytdl-core': [ '4.11.5' ],
19 silly audit   dotenv: [ '17.4.2' ]
19 silly audit }
20 http cache dotenv@https://registry.npmjs.org/dotenv/-/dotenv-17.4.2.tgz 1ms (cache hit)
21 silly tarball no local data for dotenv@https://registry.npmjs.org/dotenv/-/dotenv-17.4.2.tgz. Extracting by manifest.
22 http fetch POST 200 https://registry.npmjs.org/-/npm/v1/security/advisories/bulk 327ms
23 silly audit report {
23 silly audit report   minimatch: [
23 silly audit report     {
23 silly audit report       id: 1113459,
23 silly audit report       url: 'https://github.com/advisories/GHSA-3ppc-4f35-3m26',
23 silly audit report       title: 'minimatch has a ReDoS via repeated wildcards with non-matching literal in pattern',
23 silly audit report       severity: 'high',
23 silly audit report       vulnerable_versions: '<3.1.3',
23 silly audit report       cwe: [Array],
23 silly audit report       cvss: [Object]
23 silly audit report     },
23 silly audit report     {
23 silly audit report       id: 1113538,
23 silly audit report       url: 'https://github.com/advisories/GHSA-7r86-cg39-jmmj',
23 silly audit report       title: 'minimatch has ReDoS: matchOne() combinatorial backtracking via multiple non-adjacent GLOBSTAR segments',
23 silly audit report       severity: 'high',
23 silly audit report       vulnerable_versions: '<3.1.3',
23 silly audit report       cwe: [Array],
23 silly audit report       cvss: [Object]
23 silly audit report     },
23 silly audit report     {
23 silly audit report       id: 1113546,
23 silly audit report       url: 'https://github.com/advisories/GHSA-23c5-xmqv-rm74',
23 silly audit report       title: 'minimatch ReDoS: nested *() extglobs generate catastrophically backtracking regular expressions',
23 silly audit report       severity: 'high',
23 silly audit report       vulnerable_versions: '<3.1.4',
23 silly audit report       cwe: [Array],
23 silly audit report       cvss: [Object]
23 silly audit report     }
23 silly audit report   ]
23 silly audit report }
24 silly packumentCache corgi:https://registry.npmjs.org/minimatch cache-miss
25 http fetch GET 200 https://registry.npmjs.org/dotenv/-/dotenv-17.4.2.tgz 441ms (cache miss)
26 http fetch GET 200 https://registry.npmjs.org/minimatch 845ms (cache revalidated)
27 silly packumentCache corgi:https://registry.npmjs.org/minimatch set size:168441 disposed:false
28 silly packumentCache corgi:https://registry.npmjs.org/redstar cache-miss
29 http fetch GET 200 https://registry.npmjs.org/redstar 355ms (cache revalidated)
30 silly packumentCache corgi:https://registry.npmjs.org/redstar set size:1262 disposed:false
31 silly packumentCache corgi:https://registry.npmjs.org/node-fzf cache-miss
32 http fetch GET 200 https://registry.npmjs.org/node-fzf 506ms (cache revalidated)
33 silly packumentCache corgi:https://registry.npmjs.org/node-fzf set size:42290 disposed:false
34 silly packumentCache corgi:https://registry.npmjs.org/yt-search cache-miss
35 http fetch GET 200 https://registry.npmjs.org/yt-search 355ms (cache revalidated)
36 silly packumentCache corgi:https://registry.npmjs.org/yt-search set size:126336 disposed:false
37 silly ADD node_modules/dotenv
38 warn allow-scripts 3 packages have install scripts not yet covered by allowScripts:
38 warn allow-scripts   @whiskeysockets/baileys@7.0.0-rc13 (install: (install scripts present))
38 warn allow-scripts   protobufjs@7.6.1 (install: (install scripts present))
38 warn allow-scripts   sharp@0.34.5 (install: (install scripts present))
38 warn allow-scripts
38 warn allow-scripts Run `npm approve-scripts --allow-scripts-pending` to review, or `npm approve-scripts <pkg>` to allow.
39 verbose cwd /data/data/com.termux/files/home
40 verbose os Linux 4.14.186-g629cb8c46-dirty
41 verbose node v26.2.0
42 verbose npm  v11.16.0
43 verbose exit 0
44 info ok
