0 verbose cli /data/data/com.termux/files/usr/bin/node /data/data/com.termux/files/usr/bin/npm
1 info using npm@11.16.0
2 info using node@v26.2.0
3 silly config load:file:/data/data/com.termux/files/usr/lib/node_modules/npm/npmrc
4 silly config load:file:/data/data/com.termux/files/home/.npmrc
5 silly config load:file:/data/data/com.termux/files/usr/etc/npmrc
6 verbose title npm install mumaker
7 verbose argv "install" "mumaker"
8 verbose logfile logs-max:10 dir:/data/data/com.termux/files/home/.npm/_logs/2026-06-01T11_09_26_050Z-
9 verbose logfile /data/data/com.termux/files/home/.npm/_logs/2026-06-01T11_09_26_050Z-debug-0.log
10 silly logfile done cleaning log files
11 silly packumentCache heap:1082130432 maxSize:270532608 maxEntrySize:135266304
12 silly idealTree buildDeps
13 silly fetch manifest mumaker@*
14 silly packumentCache full:https://registry.npmjs.org/mumaker cache-miss
15 http fetch GET 200 https://registry.npmjs.org/mumaker 1080ms (cache miss)
16 silly packumentCache full:https://registry.npmjs.org/mumaker set size:undefined disposed:false
17 silly placeDep ROOT mumaker@2.0.0 OK for: home@1.0.0 want: *
18 silly reify moves {}
19 silly audit bulk request {
19 silly audit   '@babel/helper-string-parser': [ '7.29.7' ],
19 silly audit   '@babel/helper-validator-identifier': [ '7.29.7' ],
19 silly audit   '@babel/parser': [ '7.29.7' ],
19 silly audit   '@babel/types': [ '7.29.7' ],
19 silly audit   '@borewit/text-codec': [ '0.2.2' ],
19 silly audit   '@cacheable/memory': [ '2.0.9' ],
19 silly audit   '@cacheable/node-cache': [ '1.7.6' ],
19 silly audit   '@cacheable/utils': [ '2.4.1' ],
19 silly audit   '@cspotcode/source-map-support': [ '0.8.1' ],
19 silly audit   '@jridgewell/trace-mapping': [ '0.3.9', '0.3.31' ],
19 silly audit   '@emnapi/runtime': [ '1.10.0' ],
19 silly audit   '@esbuild/aix-ppc64': [ '0.28.0', '0.27.7' ],
19 silly audit   '@esbuild/android-arm': [ '0.28.0', '0.27.7' ],
19 silly audit   '@esbuild/android-arm64': [ '0.28.0', '0.27.7' ],
19 silly audit   '@esbuild/android-x64': [ '0.28.0', '0.27.7' ],
19 silly audit   '@esbuild/darwin-arm64': [ '0.28.0', '0.27.7' ],
19 silly audit   '@esbuild/darwin-x64': [ '0.28.0', '0.27.7' ],
19 silly audit   '@esbuild/freebsd-arm64': [ '0.28.0', '0.27.7' ],
19 silly audit   '@esbuild/freebsd-x64': [ '0.28.0', '0.27.7' ],
19 silly audit   '@esbuild/linux-arm': [ '0.28.0', '0.27.7' ],
19 silly audit   '@esbuild/linux-arm64': [ '0.28.0', '0.27.7' ],
19 silly audit   '@esbuild/linux-ia32': [ '0.28.0', '0.27.7' ],
19 silly audit   '@esbuild/linux-loong64': [ '0.28.0', '0.27.7' ],
19 silly audit   '@esbuild/linux-mips64el': [ '0.28.0', '0.27.7' ],
19 silly audit   '@esbuild/linux-ppc64': [ '0.28.0', '0.27.7' ],
19 silly audit   '@esbuild/linux-riscv64': [ '0.28.0', '0.27.7' ],
19 silly audit   '@esbuild/linux-s390x': [ '0.28.0', '0.27.7' ],
19 silly audit   '@esbuild/linux-x64': [ '0.28.0', '0.27.7' ],
19 silly audit   '@esbuild/netbsd-arm64': [ '0.28.0', '0.27.7' ],
19 silly audit   '@esbuild/netbsd-x64': [ '0.28.0', '0.27.7' ],
19 silly audit   '@esbuild/openbsd-arm64': [ '0.28.0', '0.27.7' ],
19 silly audit   '@esbuild/openbsd-x64': [ '0.28.0', '0.27.7' ],
19 silly audit   '@esbuild/openharmony-arm64': [ '0.28.0', '0.27.7' ],
19 silly audit   '@esbuild/sunos-x64': [ '0.28.0', '0.27.7' ],
19 silly audit   '@esbuild/win32-arm64': [ '0.28.0', '0.27.7' ],
19 silly audit   '@esbuild/win32-ia32': [ '0.28.0', '0.27.7' ],
19 silly audit   '@esbuild/win32-x64': [ '0.28.0', '0.27.7' ],
19 silly audit   '@ffmpeg-installer/darwin-arm64': [ '4.1.5' ],
19 silly audit   '@ffmpeg-installer/darwin-x64': [ '4.1.0' ],
19 silly audit   '@ffmpeg-installer/ffmpeg': [ '1.1.0' ],
19 silly audit   '@ffmpeg-installer/linux-arm': [ '4.1.3' ],
19 silly audit   '@ffmpeg-installer/linux-arm64': [ '4.1.4' ],
19 silly audit   '@ffmpeg-installer/linux-ia32': [ '4.1.0' ],
19 silly audit   '@ffmpeg-installer/linux-x64': [ '4.1.0' ],
19 silly audit   '@ffmpeg-installer/win32-ia32': [ '4.1.0' ],
19 silly audit   '@ffmpeg-installer/win32-x64': [ '4.1.0' ],
19 silly audit   '@hapi/boom': [ '9.1.4' ],
19 silly audit   '@hapi/hoek': [ '9.3.0' ],
19 silly audit   '@img/colour': [ '1.1.0' ],
19 silly audit   '@img/sharp-darwin-arm64': [ '0.34.5' ],
19 silly audit   '@img/sharp-darwin-x64': [ '0.34.5' ],
19 silly audit   '@img/sharp-libvips-darwin-arm64': [ '1.2.4' ],
19 silly audit   '@img/sharp-libvips-darwin-x64': [ '1.2.4' ],
19 silly audit   '@img/sharp-libvips-linux-arm': [ '1.2.4' ],
19 silly audit   '@img/sharp-libvips-linux-arm64': [ '1.2.4' ],
19 silly audit   '@img/sharp-libvips-linux-ppc64': [ '1.2.4' ],
19 silly audit   '@img/sharp-libvips-linux-riscv64': [ '1.2.4' ],
19 silly audit   '@img/sharp-libvips-linux-s390x': [ '1.2.4' ],
19 silly audit   '@img/sharp-libvips-linux-x64': [ '1.2.4' ],
19 silly audit   '@img/sharp-libvips-linuxmusl-arm64': [ '1.2.4' ],
19 silly audit   '@img/sharp-libvips-linuxmusl-x64': [ '1.2.4' ],
19 silly audit   '@img/sharp-linux-arm': [ '0.34.5' ],
19 silly audit   '@img/sharp-linux-arm64': [ '0.34.5' ],
19 silly audit   '@img/sharp-linux-ppc64': [ '0.34.5' ],
19 silly audit   '@img/sharp-linux-riscv64': [ '0.34.5' ],
19 silly audit   '@img/sharp-linux-s390x': [ '0.34.5' ],
19 silly audit   '@img/sharp-linux-x64': [ '0.34.5' ],
19 silly audit   '@img/sharp-linuxmusl-arm64': [ '0.34.5' ],
19 silly audit   '@img/sharp-linuxmusl-x64': [ '0.34.5' ],
19 silly audit   '@img/sharp-wasm32': [ '0.34.5' ],
19 silly audit   '@img/sharp-win32-arm64': [ '0.34.5' ],
19 silly audit   '@img/sharp-win32-ia32': [ '0.34.5' ],
19 silly audit   '@img/sharp-win32-x64': [ '0.34.5' ],
19 silly audit   '@jridgewell/gen-mapping': [ '0.3.13' ],
19 silly audit   '@jridgewell/resolve-uri': [ '3.1.2' ],
19 silly audit   '@jridgewell/source-map': [ '0.3.11' ],
19 silly audit   '@jridgewell/sourcemap-codec': [ '1.5.5' ],
19 silly audit   '@jsdoc/salty': [ '0.2.12' ],
19 silly audit   '@jsep-plugin/assignment': [ '1.3.0' ],
19 silly audit   '@jsep-plugin/regex': [ '1.0.4' ],
19 silly audit   '@keyv/bigmap': [ '1.3.1' ],
19 silly audit   '@keyv/serialize': [ '1.1.1' ],
19 silly audit   '@pinojs/redact': [ '0.4.0' ],
19 silly audit   '@protobufjs/aspromise': [ '1.1.2' ],
19 silly audit   '@protobufjs/base64': [ '1.1.2' ],
19 silly audit   '@protobufjs/codegen': [ '2.0.5' ],
19 silly audit   '@protobufjs/eventemitter': [ '1.1.1' ],
19 silly audit   '@protobufjs/fetch': [ '1.1.1' ],
19 silly audit   '@protobufjs/float': [ '1.0.2' ],
19 silly audit   '@protobufjs/inquire': [ '1.1.2' ],
19 silly audit   '@protobufjs/path': [ '1.1.2' ],
19 silly audit   '@protobufjs/pool': [ '1.1.0' ],
19 silly audit   '@protobufjs/utf8': [ '1.1.1' ],
19 silly audit   '@rollup/rollup-android-arm-eabi': [ '4.60.4' ],
19 silly audit   '@rollup/rollup-android-arm64': [ '4.60.4' ],
19 silly audit   '@rollup/rollup-darwin-arm64': [ '4.60.4' ],
19 silly audit   '@rollup/rollup-darwin-x64': [ '4.60.4' ],
19 silly audit   '@rollup/rollup-freebsd-arm64': [ '4.60.4' ],
19 silly audit   '@rollup/rollup-freebsd-x64': [ '4.60.4' ],
19 silly audit   '@rollup/rollup-linux-arm-gnueabihf': [ '4.60.4' ],
19 silly audit   '@rollup/rollup-linux-arm-musleabihf': [ '4.60.4' ],
19 silly audit   '@rollup/rollup-linux-arm64-gnu': [ '4.60.4' ],
19 silly audit   '@rollup/rollup-linux-arm64-musl': [ '4.60.4' ],
19 silly audit   '@rollup/rollup-linux-loong64-gnu': [ '4.60.4' ],
19 silly audit   '@rollup/rollup-linux-loong64-musl': [ '4.60.4' ],
19 silly audit   '@rollup/rollup-linux-ppc64-gnu': [ '4.60.4' ],
19 silly audit   '@rollup/rollup-linux-ppc64-musl': [ '4.60.4' ],
19 silly audit   '@rollup/rollup-linux-riscv64-gnu': [ '4.60.4' ],
19 silly audit   '@rollup/rollup-linux-riscv64-musl': [ '4.60.4' ],
19 silly audit   '@rollup/rollup-linux-s390x-gnu': [ '4.60.4' ],
19 silly audit   '@rollup/rollup-linux-x64-gnu': [ '4.60.4' ],
19 silly audit   '@rollup/rollup-linux-x64-musl': [ '4.60.4' ],
19 silly audit   '@rollup/rollup-openbsd-x64': [ '4.60.4' ],
19 silly audit   '@rollup/rollup-openharmony-arm64': [ '4.60.4' ],
19 silly audit   '@rollup/rollup-win32-arm64-msvc': [ '4.60.4' ],
19 silly audit   '@rollup/rollup-win32-ia32-msvc': [ '4.60.4' ],
19 silly audit   '@rollup/rollup-win32-x64-gnu': [ '4.60.4' ],
19 silly audit   '@rollup/rollup-win32-x64-msvc': [ '4.60.4' ],
19 silly audit   '@tokenizer/inflate': [ '0.4.1' ],
19 silly audit   '@tokenizer/token': [ '0.3.0' ],
19 silly audit   '@tsconfig/node10': [ '1.0.12' ],
19 silly audit   '@tsconfig/node12': [ '1.0.11' ],
19 silly audit   '@tsconfig/node14': [ '1.0.3' ],
19 silly audit   '@tsconfig/node16': [ '1.0.4' ],
19 silly audit   '@types/estree': [ '1.0.8' ],
19 silly audit   '@types/linkify-it': [ '5.0.0' ],
19 silly audit   '@types/markdown-it': [ '14.1.2' ],
19 silly audit   '@types/mdurl': [ '2.0.0' ],
19 silly audit   '@types/node': [ '25.9.1' ],
19 silly audit   '@whiskeysockets/baileys': [ '7.0.0-rc13' ],
19 silly audit   pino: [ '9.14.0', '10.3.1' ],
19 silly audit   'pino-abstract-transport': [ '2.0.0', '3.0.0' ],
19 silly audit   'thread-stream': [ '3.1.0', '4.2.0' ],
19 silly audit   'ab-downloader': [ '1.0.2' ],
19 silly audit   accepts: [ '2.0.0' ],
19 silly audit   acorn: [ '8.16.0' ],
19 silly audit   'acorn-walk': [ '8.3.5' ],
19 silly audit   'agent-base': [ '6.0.2' ],
19 silly audit   'ansi-regex': [ '3.0.1', '5.0.1' ],
19 silly audit   'ansi-styles': [ '3.2.1', '4.3.0' ],
19 silly audit   'any-promise': [ '1.3.0' ],
19 silly audit   'apkmirror-downloader': [ '2.0.10' ],
19 silly audit   arg: [ '4.1.3' ],
19 silly audit   argparse: [ '2.0.1' ],
19 silly audit   async: [ '0.2.10' ],
19 silly audit   'async-mutex': [ '0.5.0' ],
19 silly audit   'async.parallellimit': [ '0.5.2' ],
19 silly audit   'async.util.eachoflimit': [ '0.5.2' ],
19 silly audit   'async.util.isarray': [ '0.5.2' ],
19 silly audit   'async.util.isarraylike': [ '0.5.2' ],
19 silly audit   'async.util.keyiterator': [ '0.5.2' ],
19 silly audit   'async.util.keys': [ '0.5.2' ],
19 silly audit   'async.util.noop': [ '0.5.2' ],
19 silly audit   'async.util.once': [ '0.5.2' ],
19 silly audit   'async.util.onlyonce': [ '0.5.2' ],
19 silly audit   'async.util.parallel': [ '0.5.2' ],
19 silly audit   'async.util.restparam': [ '0.5.2' ],
19 silly audit   asynckit: [ '0.4.0' ],
19 silly audit   'atomic-sleep': [ '1.0.0' ],
19 silly audit   'awesome-phonenumber': [ '4.4.1', '5.11.0' ],
19 silly audit   axios: [ '1.16.1' ],
19 silly audit   'balanced-match': [ '1.0.2' ],
19 silly audit   bluebird: [ '3.7.2' ],
19 silly audit   'body-parser': [ '2.2.2' ],
19 silly audit   'iconv-lite': [ '0.7.2', '0.6.3' ],
19 silly audit   boolbase: [ '1.0.0' ],
19 silly audit   boolstring: [ '2.0.1' ],
19 silly audit   'brace-expansion': [ '1.1.15' ],
19 silly audit   'btch-downloader': [ '6.0.32' ],
19 silly audit   typescript: [ '6.0.3', '5.9.3' ],
19 silly audit   'btch-http': [ '2.0.3' ],
19 silly audit   'buffer-from': [ '1.1.2' ],
19 silly audit   'bundle-require': [ '5.1.0' ],
19 silly audit   bytes: [ '3.1.2' ],
19 silly audit   cac: [ '6.7.14' ],
19 silly audit   cacheable: [ '2.3.5' ],
19 silly audit   'call-bind-apply-helpers': [ '1.0.2' ],
19 silly audit   'call-bound': [ '1.0.4' ],
19 silly audit   'camel-case': [ '4.1.2' ],
19 silly audit   catharsis: [ '0.9.0' ],
19 silly audit   chalk: [ '2.4.2' ],
19 silly audit   'escape-string-regexp': [ '1.0.5', '2.0.0' ],
19 silly audit   cheerio: [ '1.2.0' ],
19 silly audit   'cheerio-select': [ '2.1.0' ],
19 silly audit   'dom-serializer': [ '2.0.0', '0.2.2' ],
19 silly audit   domelementtype: [ '2.3.0', '1.3.1' ],
19 silly audit   domhandler: [ '5.0.3', '2.4.2' ],
19 silly audit   domutils: [ '3.2.2', '1.7.0' ],
19 silly audit   entities: [ '4.5.0', '7.0.1', '2.2.0', '1.1.2', '6.0.1' ],
19 silly audit   htmlparser2: [ '10.1.0', '3.10.1' ],
19 silly audit   chokidar: [ '4.0.3' ],
19 silly audit   'clean-css': [ '5.3.3' ],
19 silly audit   'source-map': [ '0.6.1', '0.7.6' ],
19 silly audit   'clean-jsdoc-theme': [ '4.3.2' ],
19 silly audit   cliui: [ '8.0.1' ],
19 silly audit   'is-fullwidth-code-point': [ '3.0.0', '2.0.0' ],
19 silly audit   'string-width': [ '4.2.3', '2.1.1' ],
19 silly audit   'strip-ansi': [ '6.0.1', '4.0.0' ],
19 silly audit   'color-convert': [ '1.9.3', '2.0.1' ],
19 silly audit   'color-name': [ '1.1.3', '1.1.4' ],
19 silly audit   'combined-stream': [ '1.0.8' ],
19 silly audit   commander: [ '10.0.1', '9.5.0', '4.1.1', '2.20.3' ],
19 silly audit   'concat-map': [ '0.0.1' ],
19 silly audit   confbox: [ '0.1.8' ],
19 silly audit   consola: [ '3.4.2' ],
19 silly audit   'content-disposition': [ '1.1.0' ],
19 silly audit   'content-type': [ '1.0.5', '2.0.0' ],
19 silly audit   cookie: [ '0.7.2' ],
19 silly audit   'cookie-signature': [ '1.2.2' ],
19 silly audit   'create-require': [ '1.1.1' ],
19 silly audit   'css-select': [ '5.2.2' ],
19 silly audit   'css-what': [ '6.2.2' ],
19 silly audit   'curve25519-js': [ '0.0.4' ],
19 silly audit   dasu: [ '0.4.3' ],
19 silly audit   debug: [ '4.4.3' ],
19 silly audit   'delayed-stream': [ '1.0.0' ],
19 silly audit   depd: [ '2.0.0' ],
19 silly audit   'detect-libc': [ '2.1.2' ],
19 silly audit   diff: [ '4.0.4' ],
19 silly audit   docdash: [ '2.0.2' ],
19 silly audit   'dot-case': [ '3.0.4' ],
19 silly audit   dotenv: [ '17.4.2' ],
19 silly audit   'dunder-proto': [ '1.0.1' ],
19 silly audit   'ee-first': [ '1.1.1' ],
19 silly audit   'emoji-regex': [ '8.0.0' ],
19 silly audit   encodeurl: [ '2.0.0' ],
19 silly audit   encoding: [ '0.1.13' ],
19 silly audit   'encoding-sniffer': [ '0.2.1' ],
19 silly audit   'es-define-property': [ '1.0.1' ],
19 silly audit   'es-errors': [ '1.3.0' ],
19 silly audit   'es-object-atoms': [ '1.1.2' ],
19 silly audit   'es-set-tostringtag': [ '2.1.0' ],
19 silly audit   esbuild: [ '0.28.0', '0.27.7' ],
19 silly audit   escalade: [ '3.2.0' ],
19 silly audit   'escape-html': [ '1.0.3' ],
19 silly audit   etag: [ '1.8.1' ],
19 silly audit   eventemitter3: [ '5.0.4' ],
19 silly audit   express: [ '5.2.1' ],
19 silly audit   fdir: [ '6.5.0' ],
19 silly audit   'file-type': [ '21.3.4' ],
19 silly audit   finalhandler: [ '2.1.1' ],
19 silly audit   'fix-dts-default-cjs-exports': [ '1.0.1' ],
19 silly audit   'fluent-ffmpeg': [ '2.1.3' ],
19 silly audit   'follow-redirects': [ '1.16.0' ],
19 silly audit   'form-data': [ '4.0.5' ],
19 silly audit   'mime-db': [ '1.52.0', '1.54.0' ],
19 silly audit   'mime-types': [ '2.1.35', '3.0.2' ],
19 silly audit   forwarded: [ '0.2.0' ],
19 silly audit   fresh: [ '2.0.0' ],
19 silly audit   'fs-extra': [ '10.1.0' ],
19 silly audit   fsevents: [ '2.3.3' ],
19 silly audit   'function-bind': [ '1.1.2' ],
19 silly audit   'get-caller-file': [ '2.0.5' ],
19 silly audit   'get-intrinsic': [ '1.3.0' ],
19 silly audit   'get-proto': [ '1.0.1' ],
19 silly audit   gopd: [ '1.2.0' ],
19 silly audit   'graceful-fs': [ '4.2.11' ],
19 silly audit   'has-flag': [ '3.0.0' ],
19 silly audit   'has-symbols': [ '1.1.0' ],
19 silly audit   'has-tostringtag': [ '1.0.2' ],
19 silly audit   hashery: [ '1.5.1' ],
19 silly audit   hasown: [ '2.0.4' ],
19 silly audit   he: [ '1.2.0' ],
19 silly audit   hookified: [ '1.15.1', '2.2.0' ],
19 silly audit   'html-minifier-terser': [ '7.2.0' ],
19 silly audit   'html-to-text': [ '5.1.1' ],
19 silly audit   'http-errors': [ '2.0.1' ],
19 silly audit   'https-proxy-agent': [ '5.0.1' ],
19 silly audit   'human-time': [ '0.0.2' ],
19 silly audit   ieee754: [ '1.2.1' ],
19 silly audit   inherits: [ '2.0.4' ],
19 silly audit   install: [ '0.13.0' ],
19 silly audit   'ipaddr.js': [ '1.9.1' ],
19 silly audit   'is-plain-object': [ '2.0.4' ],
19 silly audit   'is-primitive': [ '3.0.1' ],
19 silly audit   'is-promise': [ '4.0.0' ],
19 silly audit   isexe: [ '2.0.0' ],
19 silly audit   isobject: [ '3.0.1' ],
19 silly audit   joycon: [ '3.1.1' ],
19 silly audit   js2xmlparser: [ '4.0.2' ],
19 silly audit   jsdoc: [ '4.0.5' ],
19 silly audit   jsep: [ '1.4.0' ],
19 silly audit   'json-colorizer': [ '2.2.2' ],
19 silly audit   'json-to-plain-text': [ '1.2.0' ],
19 silly audit   jsonfile: [ '6.2.1' ],
19 silly audit   'jsonpath-plus': [ '10.3.0' ],
19 silly audit   keypress: [ '0.2.1' ],
19 silly audit   keyv: [ '5.6.0' ],
19 silly audit   klaw: [ '3.0.0' ],
19 silly audit   'klaw-sync': [ '6.0.0' ],
19 silly audit   libsignal: [ '6.0.0' ],
19 silly audit   lilconfig: [ '3.1.3' ],
19 silly audit   'lines-and-columns': [ '1.2.4' ],
19 silly audit   'linkify-it': [ '5.0.1' ],
19 silly audit   'load-tsconfig': [ '0.2.5' ],
19 silly audit   lodash: [ '4.18.1' ],
19 silly audit   'lodash.get': [ '4.4.2' ],
19 silly audit   long: [ '5.3.2' ],
19 silly audit   'lower-case': [ '2.0.2' ],
19 silly audit   'lru-cache': [ '11.5.1' ],
19 silly audit   'lyrics-finder': [ '21.7.0' ],
19 silly audit   'magic-string': [ '0.30.21' ],
19 silly audit   'make-error': [ '1.3.6' ],
19 silly audit   'markdown-it': [ '14.2.0' ],
19 silly audit   'markdown-it-anchor': [ '8.6.7' ],
19 silly audit   marked: [ '4.3.0' ],
19 silly audit   'math-intrinsics': [ '1.1.0' ],
19 silly audit   mdurl: [ '2.0.0' ],
19 silly audit   'media-typer': [ '1.1.0' ],
19 silly audit   'merge-descriptors': [ '2.0.0' ],
19 silly audit   'mimic-fn': [ '2.1.0' ],
19 silly audit   minimatch: [ '3.0.8' ],
19 silly audit   minimist: [ '1.2.8' ],
19 silly audit   mkdirp: [ '1.0.4' ],
19 silly audit   mlly: [ '1.8.2' ],
19 silly audit   ms: [ '2.1.3' ],
19 silly audit   'music-metadata': [ '11.12.3' ],
19 silly audit   mz: [ '2.7.0' ],
19 silly audit   negotiator: [ '1.0.0' ],
19 silly audit   'no-case': [ '3.0.4' ],
19 silly audit   'node-fetch': [ '2.7.0' ],
19 silly audit   'node-fzf': [ '0.14.0' ],
19 silly audit   'node-truecaller': [ '1.1.0' ],
19 silly audit   'nth-check': [ '2.1.1' ],
19 silly audit   'object-assign': [ '4.1.1' ],
19 silly audit   'object-inspect': [ '1.13.4' ],
19 silly audit   'on-exit-leak-free': [ '2.1.2' ],
19 silly audit   'on-finished': [ '2.4.1' ],
19 silly audit   once: [ '1.4.0' ],
19 silly audit   onetime: [ '5.1.2' ],
19 silly audit   'p-queue': [ '9.3.0' ],
19 silly audit   'p-timeout': [ '7.0.1' ],
19 silly audit   'param-case': [ '3.0.4' ],
19 silly audit   parse5: [ '7.3.0' ],
19 silly audit   'parse5-htmlparser2-tree-adapter': [ '7.1.0' ],
19 silly audit   'parse5-parser-stream': [ '7.1.2' ],
19 silly audit   parseurl: [ '1.3.3' ],
19 silly audit   'pascal-case': [ '3.1.2' ],
19 silly audit   'path-to-regexp': [ '8.4.2' ],
19 silly audit   pathe: [ '2.0.3' ],
19 silly audit   picocolors: [ '1.1.1' ],
19 silly audit   picomatch: [ '4.0.4' ],
19 silly audit   'pino-std-serializers': [ '7.1.0' ],
19 silly audit   pirates: [ '4.0.7' ],
19 silly audit   'pkg-types': [ '1.3.1' ],
19 silly audit   'play-audio': [ '0.5.2' ],
19 silly audit   'play-dl': [ '1.9.7' ],
19 silly audit   'postcss-load-config': [ '6.0.1' ],
19 silly audit   'process-warning': [ '5.0.0' ],
19 silly audit   protobufjs: [ '7.6.1' ],
19 silly audit   'proxy-addr': [ '2.0.7' ],
19 silly audit   'proxy-from-env': [ '2.1.0' ],
19 silly audit   'punycode.js': [ '2.3.1' ],
19 silly audit   qified: [ '0.10.1' ],
19 silly audit   qs: [ '6.15.2' ],
19 silly audit   'quick-format-unescaped': [ '4.0.4' ],
19 silly audit   'range-parser': [ '1.2.1' ],
19 silly audit   'raw-body': [ '3.0.2' ],
19 silly audit   'readable-stream': [ '3.6.2' ],
19 silly audit   readdirp: [ '4.1.2' ],
19 silly audit   'readline-sync': [ '1.4.10' ],
19 silly audit   'real-require': [ '0.2.0', '1.0.0' ],
19 silly audit   redstar: [ '0.0.2' ],
19 silly audit   relateurl: [ '0.2.7' ],
19 silly audit   'require-directory': [ '2.1.1' ],
19 silly audit   requizzle: [ '0.2.4' ],
19 silly audit   'resolve-from': [ '5.0.0' ],
19 silly audit   'restore-cursor': [ '3.1.0' ],
19 silly audit   rollup: [ '4.60.4' ],
19 silly audit   router: [ '2.2.0' ],
19 silly audit   'safe-buffer': [ '5.2.1' ],
19 silly audit   'safe-stable-stringify': [ '2.5.0' ],
19 silly audit   'safer-buffer': [ '2.1.2' ],
19 silly audit   sax: [ '1.6.0' ],
19 silly audit   semver: [ '7.8.1' ],
19 silly audit   send: [ '1.2.1' ],
19 silly audit   'serve-static': [ '2.2.1' ],
19 silly audit   'set-value': [ '4.1.0' ],
19 silly audit   setprototypeof: [ '1.2.0' ],
19 silly audit   sharp: [ '0.34.5' ],
19 silly audit   showdown: [ '2.1.0' ],
19 silly audit   'side-channel': [ '1.1.0' ],
19 silly audit   'side-channel-list': [ '1.0.1' ],
19 silly audit   'side-channel-map': [ '1.0.1' ],
19 silly audit   'side-channel-weakmap': [ '1.0.2' ],
19 silly audit   'signal-exit': [ '3.0.7' ],
19 silly audit   'sonic-boom': [ '4.2.1' ],
19 silly audit   'source-map-support': [ '0.5.21' ],
19 silly audit   split2: [ '4.2.0' ],
19 silly audit   statuses: [ '2.0.2' ],
19 silly audit   string_decoder: [ '1.3.0' ],
19 silly audit   'strip-json-comments': [ '3.1.1' ],
19 silly audit   strtok3: [ '10.3.5' ],
19 silly audit   sucrase: [ '3.35.1' ],
19 silly audit   'supports-color': [ '5.5.0' ],
19 silly audit   terser: [ '5.48.0' ],
19 silly audit   thenify: [ '3.3.1' ],
19 silly audit   'thenify-all': [ '1.6.0' ],
19 silly audit   tinyexec: [ '0.3.2' ],
19 silly audit   tinyglobby: [ '0.2.17' ],
19 silly audit   toidentifier: [ '1.0.1' ],
19 silly audit   'token-types': [ '6.1.2' ],
19 silly audit   tr46: [ '0.0.3' ],
19 silly audit   'tree-kill': [ '1.2.2' ],
19 silly audit   truecallerjs: [ '1.1.5' ],
19 silly audit   'ts-interface-checker': [ '0.1.13' ],
19 silly audit   'ts-node': [ '10.9.2' ],
19 silly audit   'ts-pattern': [ '5.9.0' ],
19 silly audit   tslib: [ '2.8.1' ],
19 silly audit   tsup: [ '8.5.1' ],
19 silly audit   ttys: [ '0.0.3' ],
19 silly audit   'type-is': [ '2.1.0' ],
19 silly audit   'uc.micro': [ '2.1.0' ],
19 silly audit   ufo: [ '1.6.4' ],
19 silly audit   'uint8array-extras': [ '1.5.0' ],
19 silly audit   underscore: [ '1.13.8' ],
19 silly audit   undici: [ '7.26.0' ],
19 silly audit   'undici-types': [ '7.24.6' ],
19 silly audit   universalify: [ '2.0.1' ],
19 silly audit   unpipe: [ '1.0.0' ],
19 silly audit   'util-deprecate': [ '1.0.2' ],
19 silly audit   'v8-compile-cache-lib': [ '3.0.1' ],
19 silly audit   vary: [ '1.1.2' ],
19 silly audit   'webidl-conversions': [ '3.0.1' ],
19 silly audit   'whatsapp-rust-bridge': [ '0.5.4' ],
19 silly audit   'whatwg-encoding': [ '3.1.1' ],
19 silly audit   'whatwg-mimetype': [ '4.0.0' ],
19 silly audit   'whatwg-url': [ '5.0.0' ],
19 silly audit   which: [ '1.3.1' ],
19 silly audit   'win-guid': [ '0.2.1' ],
19 silly audit   'wrap-ansi': [ '7.0.0' ],
19 silly audit   wrappy: [ '1.0.2' ],
19 silly audit   ws: [ '8.21.0' ],
19 silly audit   xml2js: [ '0.4.23' ],
19 silly audit   xmlbuilder: [ '11.0.1' ],
19 silly audit   xmlcreate: [ '2.0.4' ],
19 silly audit   y18n: [ '5.0.8' ],
19 silly audit   yargs: [ '17.7.2' ],
19 silly audit   'yargs-parser': [ '21.1.1' ],
19 silly audit   yn: [ '3.1.1' ],
19 silly audit   'yt-search': [ '2.13.1' ],
19 silly audit   mumaker: [ '2.0.0' ]
19 silly audit }
20 http cache mumaker@https://registry.npmjs.org/mumaker/-/mumaker-2.0.0.tgz 1ms (cache hit)
21 silly tarball no local data for mumaker@https://registry.npmjs.org/mumaker/-/mumaker-2.0.0.tgz. Extracting by manifest.
22 http fetch GET 200 https://registry.npmjs.org/mumaker/-/mumaker-2.0.0.tgz 254ms (cache miss)
23 http fetch POST 200 https://registry.npmjs.org/-/npm/v1/security/advisories/bulk 1021ms
24 silly audit report {
24 silly audit report   minimatch: [
24 silly audit report     {
24 silly audit report       id: 1113459,
24 silly audit report       url: 'https://github.com/advisories/GHSA-3ppc-4f35-3m26',
24 silly audit report       title: 'minimatch has a ReDoS via repeated wildcards with non-matching literal in pattern',
24 silly audit report       severity: 'high',
24 silly audit report       vulnerable_versions: '<3.1.3',
24 silly audit report       cwe: [Array],
24 silly audit report       cvss: [Object]
24 silly audit report     },
24 silly audit report     {
24 silly audit report       id: 1113538,
24 silly audit report       url: 'https://github.com/advisories/GHSA-7r86-cg39-jmmj',
24 silly audit report       title: 'minimatch has ReDoS: matchOne() combinatorial backtracking via multiple non-adjacent GLOBSTAR segments',
24 silly audit report       severity: 'high',
24 silly audit report       vulnerable_versions: '<3.1.3',
24 silly audit report       cwe: [Array],
24 silly audit report       cvss: [Object]
24 silly audit report     },
24 silly audit report     {
24 silly audit report       id: 1113546,
24 silly audit report       url: 'https://github.com/advisories/GHSA-23c5-xmqv-rm74',
24 silly audit report       title: 'minimatch ReDoS: nested *() extglobs generate catastrophically backtracking regular expressions',
24 silly audit report       severity: 'high',
24 silly audit report       vulnerable_versions: '<3.1.4',
24 silly audit report       cwe: [Array],
24 silly audit report       cvss: [Object]
24 silly audit report     }
24 silly audit report   ],
24 silly audit report   showdown: [
24 silly audit report     {
24 silly audit report       id: 1117038,
24 silly audit report       url: 'https://github.com/advisories/GHSA-rmmh-p597-ppvv',
24 silly audit report       title: 'Showdown vulnerable to Regular Expression Denial of Service (ReDoS) in link/anchor parsing',
24 silly audit report       severity: 'moderate',
24 silly audit report       vulnerable_versions: '<=2.1.0',
24 silly audit report       cwe: [Array],
24 silly audit report       cvss: [Object]
24 silly audit report     }
24 silly audit report   ],
24 silly audit report   xml2js: [
24 silly audit report     {
24 silly audit report       id: 1096693,
24 silly audit report       url: 'https://github.com/advisories/GHSA-776f-qx25-q3cc',
24 silly audit report       title: 'xml2js is vulnerable to prototype pollution',
24 silly audit report       severity: 'moderate',
24 silly audit report       vulnerable_versions: '<0.5.0',
24 silly audit report       cwe: [Array],
24 silly audit report       cvss: [Object]
24 silly audit report     }
24 silly audit report   ]
24 silly audit report }
25 silly packumentCache corgi:https://registry.npmjs.org/minimatch cache-miss
26 silly packumentCache corgi:https://registry.npmjs.org/showdown cache-miss
27 silly packumentCache corgi:https://registry.npmjs.org/xml2js cache-miss
28 http fetch GET 200 https://registry.npmjs.org/showdown 406ms (cache miss)
29 silly packumentCache corgi:https://registry.npmjs.org/showdown set size:undefined disposed:false
30 http fetch GET 200 https://registry.npmjs.org/minimatch 447ms (cache miss)
31 silly packumentCache corgi:https://registry.npmjs.org/minimatch set size:undefined disposed:false
32 http fetch GET 200 https://registry.npmjs.org/xml2js 786ms (cache miss)
33 silly packumentCache corgi:https://registry.npmjs.org/xml2js set size:undefined disposed:false
34 silly packumentCache corgi:https://registry.npmjs.org/redstar cache-miss
35 http fetch GET 200 https://registry.npmjs.org/redstar 348ms (cache miss)
36 silly packumentCache corgi:https://registry.npmjs.org/redstar set size:undefined disposed:false
37 silly packumentCache corgi:https://registry.npmjs.org/clean-jsdoc-theme cache-miss
38 http fetch GET 200 https://registry.npmjs.org/clean-jsdoc-theme 405ms (cache miss)
39 silly packumentCache corgi:https://registry.npmjs.org/clean-jsdoc-theme set size:undefined disposed:false
40 silly packumentCache corgi:https://registry.npmjs.org/truecallerjs cache-miss
41 http fetch GET 200 https://registry.npmjs.org/truecallerjs 395ms (cache miss)
42 silly packumentCache corgi:https://registry.npmjs.org/truecallerjs set size:undefined disposed:false
43 silly packumentCache corgi:https://registry.npmjs.org/node-fzf cache-miss
44 http fetch GET 200 https://registry.npmjs.org/node-fzf 395ms (cache miss)
45 silly packumentCache corgi:https://registry.npmjs.org/node-fzf set size:undefined disposed:false
46 silly packumentCache corgi:https://registry.npmjs.org/btch-downloader cache-miss
47 http fetch GET 200 https://registry.npmjs.org/btch-downloader 396ms (cache miss)
48 silly packumentCache corgi:https://registry.npmjs.org/btch-downloader set size:undefined disposed:false
49 silly packumentCache corgi:https://registry.npmjs.org/node-truecaller cache-miss
50 http fetch GET 200 https://registry.npmjs.org/node-truecaller 460ms (cache miss)
51 silly packumentCache corgi:https://registry.npmjs.org/node-truecaller set size:undefined disposed:false
52 silly packumentCache corgi:https://registry.npmjs.org/yt-search cache-miss
53 http fetch GET 200 https://registry.npmjs.org/yt-search 357ms (cache miss)
54 silly packumentCache corgi:https://registry.npmjs.org/yt-search set size:undefined disposed:false
55 silly ADD node_modules/mumaker
56 warn allow-scripts 6 packages have install scripts not yet covered by allowScripts:
56 warn allow-scripts   @whiskeysockets/baileys@7.0.0-rc13 (install: (install scripts present))
56 warn allow-scripts   btch-downloader@6.0.32 (install: (install scripts present))
56 warn allow-scripts   esbuild@0.28.0 (install: (install scripts present))
56 warn allow-scripts   protobufjs@7.6.1 (install: (install scripts present))
56 warn allow-scripts   sharp@0.34.5 (install: (install scripts present))
56 warn allow-scripts   esbuild@0.27.7 (install: (install scripts present))
56 warn allow-scripts
56 warn allow-scripts Run `npm approve-scripts --allow-scripts-pending` to review, or `npm approve-scripts <pkg>` to allow.
57 verbose cwd /data/data/com.termux/files/home
58 verbose os Linux 4.14.186-g629cb8c46-dirty
59 verbose node v26.2.0
60 verbose npm  v11.16.0
61 verbose exit 0
62 info ok
