0 verbose cli /data/data/com.termux/files/usr/bin/node /data/data/com.termux/files/usr/bin/npm
1 info using npm@11.16.0
2 info using node@v26.2.0
3 silly config load:file:/data/data/com.termux/files/usr/lib/node_modules/npm/npmrc
4 silly config load:file:/data/data/com.termux/files/home/.npmrc
5 silly config load:file:/data/data/com.termux/files/usr/etc/npmrc
6 verbose title npm uninstall @distube/ytdl-core
7 verbose argv "uninstall" "@distube/ytdl-core"
8 verbose logfile logs-max:10 dir:/data/data/com.termux/files/home/.npm/_logs/2026-05-30T11_20_12_885Z-
9 verbose logfile /data/data/com.termux/files/home/.npm/_logs/2026-05-30T11_20_12_885Z-debug-0.log
10 silly logfile done cleaning log files
11 silly packumentCache heap:1082130432 maxSize:270532608 maxEntrySize:135266304
12 silly idealTree buildDeps
13 silly reify mark retired [ '/data/data/com.termux/files/home/node_modules/@distube/ytdl-core' ]
14 silly reify mark retired [ '/data/data/com.termux/files/home/node_modules/agent-base' ]
15 silly reify mark retired [ '/data/data/com.termux/files/home/node_modules/http-cookie-agent' ]
16 silly reify mark retired [ '/data/data/com.termux/files/home/node_modules/https-proxy-agent' ]
17 silly reify mark retired [
17 silly reify   '/data/data/com.termux/files/home/node_modules/tldts',
17 silly reify   '/data/data/com.termux/files/home/node_modules/.bin/tldts'
17 silly reify ]
18 silly reify mark retired [ '/data/data/com.termux/files/home/node_modules/tldts-core' ]
19 silly reify mark retired [ '/data/data/com.termux/files/home/node_modules/tough-cookie' ]
20 silly reify moves {
20 silly reify   '/data/data/com.termux/files/home/node_modules/@distube/ytdl-core': '/data/data/com.termux/files/home/node_modules/@distube/.ytdl-core-I3UpmXrY',
20 silly reify   '/data/data/com.termux/files/home/node_modules/agent-base': '/data/data/com.termux/files/home/node_modules/.agent-base-GPa1owoj',
20 silly reify   '/data/data/com.termux/files/home/node_modules/http-cookie-agent': '/data/data/com.termux/files/home/node_modules/.http-cookie-agent-IKxl3H32',
20 silly reify   '/data/data/com.termux/files/home/node_modules/https-proxy-agent': '/data/data/com.termux/files/home/node_modules/.https-proxy-agent-JUJEINxo',
20 silly reify   '/data/data/com.termux/files/home/node_modules/tldts': '/data/data/com.termux/files/home/node_modules/.tldts-67ehonWt',
20 silly reify   '/data/data/com.termux/files/home/node_modules/.bin/tldts': '/data/data/com.termux/files/home/node_modules/.bin/.tldts-g2UGxzMt',
20 silly reify   '/data/data/com.termux/files/home/node_modules/tldts-core': '/data/data/com.termux/files/home/node_modules/.tldts-core-EiIFlVGK',
20 silly reify   '/data/data/com.termux/files/home/node_modules/tough-cookie': '/data/data/com.termux/files/home/node_modules/.tough-cookie-aTG6dq1B'
20 silly reify }
21 silly audit bulk request {
21 silly audit   '@borewit/text-codec': [ '0.2.2' ],
21 silly audit   '@cacheable/memory': [ '2.0.9' ],
21 silly audit   '@cacheable/node-cache': [ '1.7.6' ],
21 silly audit   '@cacheable/utils': [ '2.4.1' ],
21 silly audit   '@emnapi/runtime': [ '1.10.0' ],
21 silly audit   '@hapi/boom': [ '9.1.4' ],
21 silly audit   '@hapi/hoek': [ '9.3.0' ],
21 silly audit   '@img/colour': [ '1.1.0' ],
21 silly audit   '@img/sharp-darwin-arm64': [ '0.34.5' ],
21 silly audit   '@img/sharp-darwin-x64': [ '0.34.5' ],
21 silly audit   '@img/sharp-libvips-darwin-arm64': [ '1.2.4' ],
21 silly audit   '@img/sharp-libvips-darwin-x64': [ '1.2.4' ],
21 silly audit   '@img/sharp-libvips-linux-arm': [ '1.2.4' ],
21 silly audit   '@img/sharp-libvips-linux-arm64': [ '1.2.4' ],
21 silly audit   '@img/sharp-libvips-linux-ppc64': [ '1.2.4' ],
21 silly audit   '@img/sharp-libvips-linux-riscv64': [ '1.2.4' ],
21 silly audit   '@img/sharp-libvips-linux-s390x': [ '1.2.4' ],
21 silly audit   '@img/sharp-libvips-linux-x64': [ '1.2.4' ],
21 silly audit   '@img/sharp-libvips-linuxmusl-arm64': [ '1.2.4' ],
21 silly audit   '@img/sharp-libvips-linuxmusl-x64': [ '1.2.4' ],
21 silly audit   '@img/sharp-linux-arm': [ '0.34.5' ],
21 silly audit   '@img/sharp-linux-arm64': [ '0.34.5' ],
21 silly audit   '@img/sharp-linux-ppc64': [ '0.34.5' ],
21 silly audit   '@img/sharp-linux-riscv64': [ '0.34.5' ],
21 silly audit   '@img/sharp-linux-s390x': [ '0.34.5' ],
21 silly audit   '@img/sharp-linux-x64': [ '0.34.5' ],
21 silly audit   '@img/sharp-linuxmusl-arm64': [ '0.34.5' ],
21 silly audit   '@img/sharp-linuxmusl-x64': [ '0.34.5' ],
21 silly audit   '@img/sharp-wasm32': [ '0.34.5' ],
21 silly audit   '@img/sharp-win32-arm64': [ '0.34.5' ],
21 silly audit   '@img/sharp-win32-ia32': [ '0.34.5' ],
21 silly audit   '@img/sharp-win32-x64': [ '0.34.5' ],
21 silly audit   '@jsep-plugin/assignment': [ '1.3.0' ],
21 silly audit   '@jsep-plugin/regex': [ '1.0.4' ],
21 silly audit   '@keyv/bigmap': [ '1.3.1' ],
21 silly audit   '@keyv/serialize': [ '1.1.1' ],
21 silly audit   '@pinojs/redact': [ '0.4.0' ],
21 silly audit   '@protobufjs/aspromise': [ '1.1.2' ],
21 silly audit   '@protobufjs/base64': [ '1.1.2' ],
21 silly audit   '@protobufjs/codegen': [ '2.0.5' ],
21 silly audit   '@protobufjs/eventemitter': [ '1.1.1' ],
21 silly audit   '@protobufjs/fetch': [ '1.1.1' ],
21 silly audit   '@protobufjs/float': [ '1.0.2' ],
21 silly audit   '@protobufjs/inquire': [ '1.1.2' ],
21 silly audit   '@protobufjs/path': [ '1.1.2' ],
21 silly audit   '@protobufjs/pool': [ '1.1.0' ],
21 silly audit   '@protobufjs/utf8': [ '1.1.1' ],
21 silly audit   '@tokenizer/inflate': [ '0.4.1' ],
21 silly audit   '@tokenizer/token': [ '0.3.0' ],
21 silly audit   '@types/node': [ '25.9.1' ],
21 silly audit   '@whiskeysockets/baileys': [ '7.0.0-rc13' ],
21 silly audit   pino: [ '9.14.0', '10.3.1' ],
21 silly audit   'pino-abstract-transport': [ '2.0.0', '3.0.0' ],
21 silly audit   'thread-stream': [ '3.1.0', '4.2.0' ],
21 silly audit   'ansi-regex': [ '3.0.1' ],
21 silly audit   'async-mutex': [ '0.5.0' ],
21 silly audit   'async.parallellimit': [ '0.5.2' ],
21 silly audit   'async.util.eachoflimit': [ '0.5.2' ],
21 silly audit   'async.util.isarray': [ '0.5.2' ],
21 silly audit   'async.util.isarraylike': [ '0.5.2' ],
21 silly audit   'async.util.keyiterator': [ '0.5.2' ],
21 silly audit   'async.util.keys': [ '0.5.2' ],
21 silly audit   'async.util.noop': [ '0.5.2' ],
21 silly audit   'async.util.once': [ '0.5.2' ],
21 silly audit   'async.util.onlyonce': [ '0.5.2' ],
21 silly audit   'async.util.parallel': [ '0.5.2' ],
21 silly audit   'async.util.restparam': [ '0.5.2' ],
21 silly audit   'atomic-sleep': [ '1.0.0' ],
21 silly audit   'balanced-match': [ '1.0.2' ],
21 silly audit   boolbase: [ '1.0.0' ],
21 silly audit   boolstring: [ '2.0.1' ],
21 silly audit   'brace-expansion': [ '1.1.15' ],
21 silly audit   cacheable: [ '2.3.5' ],
21 silly audit   cheerio: [ '1.2.0' ],
21 silly audit   'cheerio-select': [ '2.1.0' ],
21 silly audit   'dom-serializer': [ '2.0.0', '0.2.2' ],
21 silly audit   domelementtype: [ '2.3.0', '1.3.1' ],
21 silly audit   domhandler: [ '5.0.3', '2.4.2' ],
21 silly audit   domutils: [ '3.2.2', '1.7.0' ],
21 silly audit   entities: [ '4.5.0', '7.0.1', '2.2.0', '1.1.2', '6.0.1' ],
21 silly audit   htmlparser2: [ '10.1.0', '3.10.1' ],
21 silly audit   'concat-map': [ '0.0.1' ],
21 silly audit   'content-type': [ '1.0.5' ],
21 silly audit   'css-select': [ '5.2.2' ],
21 silly audit   'css-what': [ '6.2.2' ],
21 silly audit   'curve25519-js': [ '0.0.4' ],
21 silly audit   dasu: [ '0.4.3' ],
21 silly audit   debug: [ '4.4.3' ],
21 silly audit   'detect-libc': [ '2.1.2' ],
21 silly audit   encoding: [ '0.1.13' ],
21 silly audit   'encoding-sniffer': [ '0.2.1' ],
21 silly audit   eventemitter3: [ '5.0.4' ],
21 silly audit   'file-type': [ '21.3.4' ],
21 silly audit   hashery: [ '1.5.1' ],
21 silly audit   he: [ '1.2.0' ],
21 silly audit   hookified: [ '1.15.1', '2.2.0' ],
21 silly audit   'html-to-text': [ '5.1.1' ],
21 silly audit   'human-time': [ '0.0.2' ],
21 silly audit   'iconv-lite': [ '0.6.3' ],
21 silly audit   ieee754: [ '1.2.1' ],
21 silly audit   inherits: [ '2.0.4' ],
21 silly audit   'is-fullwidth-code-point': [ '2.0.0' ],
21 silly audit   jsep: [ '1.4.0' ],
21 silly audit   'jsonpath-plus': [ '10.3.0' ],
21 silly audit   keypress: [ '0.2.1' ],
21 silly audit   keyv: [ '5.6.0' ],
21 silly audit   libsignal: [ '6.0.0' ],
21 silly audit   lodash: [ '4.18.1' ],
21 silly audit   long: [ '5.3.2' ],
21 silly audit   'lru-cache': [ '11.5.1' ],
21 silly audit   'lyrics-finder': [ '21.7.0' ],
21 silly audit   m3u8stream: [ '0.8.6' ],
21 silly audit   'media-typer': [ '1.1.0' ],
21 silly audit   'mimic-fn': [ '2.1.0' ],
21 silly audit   miniget: [ '4.2.3' ],
21 silly audit   minimatch: [ '3.0.8' ],
21 silly audit   minimist: [ '1.2.8' ],
21 silly audit   ms: [ '2.1.3' ],
21 silly audit   'music-metadata': [ '11.12.3' ],
21 silly audit   'node-fetch': [ '2.7.0' ],
21 silly audit   'node-fzf': [ '0.14.0' ],
21 silly audit   'nth-check': [ '2.1.1' ],
21 silly audit   'on-exit-leak-free': [ '2.1.2' ],
21 silly audit   onetime: [ '5.1.2' ],
21 silly audit   'p-queue': [ '9.3.0' ],
21 silly audit   'p-timeout': [ '7.0.1' ],
21 silly audit   parse5: [ '7.3.0' ],
21 silly audit   'parse5-htmlparser2-tree-adapter': [ '7.1.0' ],
21 silly audit   'parse5-parser-stream': [ '7.1.2' ],
21 silly audit   picocolors: [ '1.1.1' ],
21 silly audit   'pino-std-serializers': [ '7.1.0' ],
21 silly audit   'process-warning': [ '5.0.0' ],
21 silly audit   protobufjs: [ '7.6.1' ],
21 silly audit   qified: [ '0.10.1' ],
21 silly audit   'quick-format-unescaped': [ '4.0.4' ],
21 silly audit   'readable-stream': [ '3.6.2' ],
21 silly audit   'real-require': [ '0.2.0', '1.0.0' ],
21 silly audit   redstar: [ '0.0.2' ],
21 silly audit   'restore-cursor': [ '3.1.0' ],
21 silly audit   'safe-buffer': [ '5.2.1' ],
21 silly audit   'safe-stable-stringify': [ '2.5.0' ],
21 silly audit   'safer-buffer': [ '2.1.2' ],
21 silly audit   sax: [ '1.6.0' ],
21 silly audit   semver: [ '7.8.1' ],
21 silly audit   sharp: [ '0.34.5' ],
21 silly audit   'signal-exit': [ '3.0.7' ],
21 silly audit   'sonic-boom': [ '4.2.1' ],
21 silly audit   split2: [ '4.2.0' ],
21 silly audit   string_decoder: [ '1.3.0' ],
21 silly audit   'string-width': [ '2.1.1' ],
21 silly audit   'strip-ansi': [ '4.0.0' ],
21 silly audit   strtok3: [ '10.3.5' ],
21 silly audit   'token-types': [ '6.1.2' ],
21 silly audit   tr46: [ '0.0.3' ],
21 silly audit   tslib: [ '2.8.1' ],
21 silly audit   ttys: [ '0.0.3' ],
21 silly audit   'uint8array-extras': [ '1.5.0' ],
21 silly audit   undici: [ '7.26.0' ],
21 silly audit   'undici-types': [ '7.24.6' ],
21 silly audit   'util-deprecate': [ '1.0.2' ],
21 silly audit   'webidl-conversions': [ '3.0.1' ],
21 silly audit   'whatsapp-rust-bridge': [ '0.5.4' ],
21 silly audit   'whatwg-encoding': [ '3.1.1' ],
21 silly audit   'whatwg-mimetype': [ '4.0.0' ],
21 silly audit   'whatwg-url': [ '5.0.0' ],
21 silly audit   'win-guid': [ '0.2.1' ],
21 silly audit   ws: [ '8.21.0' ],
21 silly audit   'yt-search': [ '2.13.1' ],
21 silly audit   'ytdl-core': [ '4.11.5' ]
21 silly audit }
22 http fetch POST 200 https://registry.npmjs.org/-/npm/v1/security/advisories/bulk 617ms
23 silly audit report {
23 silly audit report   minimatch: [
23 silly audit report     {
23 silly audit report       id: 1113459,
23 silly audit report       url: 'https://github.com/advisories/GHSA-3ppc-4f35-3m26',
23 silly audit report       title: 'minimatch has a ReDoS via repeated wildcards with non-matching literal in pattern',
23 silly audit report       severity: 'high',
23 silly audit report       vulnerable_versions: '<3.1.3',
23 silly audit report       cwe: [Array],
23 silly audit report       cvss: [Object]
23 silly audit report     },
23 silly audit report     {
23 silly audit report       id: 1113538,
23 silly audit report       url: 'https://github.com/advisories/GHSA-7r86-cg39-jmmj',
23 silly audit report       title: 'minimatch has ReDoS: matchOne() combinatorial backtracking via multiple non-adjacent GLOBSTAR segments',
23 silly audit report       severity: 'high',
23 silly audit report       vulnerable_versions: '<3.1.3',
23 silly audit report       cwe: [Array],
23 silly audit report       cvss: [Object]
23 silly audit report     },
23 silly audit report     {
23 silly audit report       id: 1113546,
23 silly audit report       url: 'https://github.com/advisories/GHSA-23c5-xmqv-rm74',
23 silly audit report       title: 'minimatch ReDoS: nested *() extglobs generate catastrophically backtracking regular expressions',
23 silly audit report       severity: 'high',
23 silly audit report       vulnerable_versions: '<3.1.4',
23 silly audit report       cwe: [Array],
23 silly audit report       cvss: [Object]
23 silly audit report     }
23 silly audit report   ]
23 silly audit report }
24 silly packumentCache corgi:https://registry.npmjs.org/minimatch cache-miss
25 http fetch GET 200 https://registry.npmjs.org/minimatch 279ms (cache revalidated)
26 silly packumentCache corgi:https://registry.npmjs.org/minimatch set size:168441 disposed:false
27 silly packumentCache corgi:https://registry.npmjs.org/redstar cache-miss
28 http fetch GET 200 https://registry.npmjs.org/redstar 327ms (cache revalidated)
29 silly packumentCache corgi:https://registry.npmjs.org/redstar set size:1262 disposed:false
30 silly packumentCache corgi:https://registry.npmjs.org/node-fzf cache-miss
31 http fetch GET 200 https://registry.npmjs.org/node-fzf 377ms (cache revalidated)
32 silly packumentCache corgi:https://registry.npmjs.org/node-fzf set size:42290 disposed:false
33 silly packumentCache corgi:https://registry.npmjs.org/yt-search cache-miss
34 http fetch GET 200 https://registry.npmjs.org/yt-search 347ms (cache revalidated)
35 silly packumentCache corgi:https://registry.npmjs.org/yt-search set size:126336 disposed:false
36 silly REMOVE node_modules/tough-cookie
37 silly REMOVE node_modules/tldts-core
38 silly REMOVE node_modules/tldts
39 silly REMOVE node_modules/https-proxy-agent
40 silly REMOVE node_modules/https-proxy-agent/node_modules/agent-base
41 silly REMOVE node_modules/http-cookie-agent
42 silly REMOVE node_modules/agent-base
43 silly REMOVE node_modules/@distube/ytdl-core
44 warn allow-scripts 3 packages have install scripts not yet covered by allowScripts:
44 warn allow-scripts   @whiskeysockets/baileys@7.0.0-rc13 (install: (install scripts present))
44 warn allow-scripts   protobufjs@7.6.1 (install: (install scripts present))
44 warn allow-scripts   sharp@0.34.5 (install: (install scripts present))
44 warn allow-scripts
44 warn allow-scripts Run `npm approve-scripts --allow-scripts-pending` to review, or `npm approve-scripts <pkg>` to allow.
45 verbose cwd /data/data/com.termux/files/home
46 verbose os Linux 4.14.186-g629cb8c46-dirty
47 verbose node v26.2.0
48 verbose npm  v11.16.0
49 verbose exit 0
50 info ok
