0 verbose cli /data/data/com.termux/files/usr/bin/node /data/data/com.termux/files/usr/bin/npm
1 info using npm@11.16.0
2 info using node@v26.2.0
3 silly config load:file:/data/data/com.termux/files/usr/lib/node_modules/npm/npmrc
4 silly config load:file:/data/data/com.termux/files/home/.npmrc
5 silly config load:file:/data/data/com.termux/files/usr/etc/npmrc
6 verbose title npm install @whiskeysockets/baileys pino
7 verbose argv "install" "@whiskeysockets/baileys" "pino"
8 verbose logfile logs-max:10 dir:/data/data/com.termux/files/home/.npm/_logs/2026-05-30T09_04_26_205Z-
9 verbose logfile /data/data/com.termux/files/home/.npm/_logs/2026-05-30T09_04_26_205Z-debug-0.log
10 silly logfile done cleaning log files
11 silly packumentCache heap:1082130432 maxSize:270532608 maxEntrySize:135266304
12 silly idealTree buildDeps
13 silly fetch manifest @whiskeysockets/baileys@*
14 silly packumentCache full:https://registry.npmjs.org/@whiskeysockets%2fbaileys cache-miss
15 http fetch GET 200 https://registry.npmjs.org/@whiskeysockets%2fbaileys 1636ms (cache miss)
16 silly packumentCache full:https://registry.npmjs.org/@whiskeysockets%2fbaileys set size:undefined disposed:false
17 silly fetch manifest audio-decode@^2.1.3
18 silly packumentCache full:https://registry.npmjs.org/audio-decode cache-miss
19 http fetch GET 200 https://registry.npmjs.org/audio-decode 392ms (cache miss)
20 silly packumentCache full:https://registry.npmjs.org/audio-decode set size:undefined disposed:false
21 silly fetch manifest jimp@^1.6.1
22 silly packumentCache full:https://registry.npmjs.org/jimp cache-miss
23 http fetch GET 200 https://registry.npmjs.org/jimp 561ms (cache miss)
24 silly packumentCache full:https://registry.npmjs.org/jimp set size:undefined disposed:false
25 silly fetch manifest link-preview-js@^3.0.0
26 silly packumentCache full:https://registry.npmjs.org/link-preview-js cache-miss
27 http fetch GET 200 https://registry.npmjs.org/link-preview-js 388ms (cache miss)
28 silly packumentCache full:https://registry.npmjs.org/link-preview-js set size:undefined disposed:false
29 silly fetch manifest sharp@*
30 silly packumentCache full:https://registry.npmjs.org/sharp cache-miss
31 http fetch GET 200 https://registry.npmjs.org/sharp 122ms (cache miss)
32 silly packumentCache full:https://registry.npmjs.org/sharp set size:undefined disposed:false
33 silly fetch manifest pino@*
34 silly packumentCache full:https://registry.npmjs.org/pino cache-miss
35 http fetch GET 200 https://registry.npmjs.org/pino 541ms (cache miss)
36 silly packumentCache full:https://registry.npmjs.org/pino set size:undefined disposed:false
37 silly placeDep ROOT @whiskeysockets/baileys@7.0.0-rc13 OK for: home@1.0.0 want: *
38 silly placeDep ROOT sharp@0.34.5 OK for: @whiskeysockets/baileys@7.0.0-rc13 want: *
39 silly placeDep ROOT pino@10.3.1 OK for: home@1.0.0 want: *
40 silly fetch manifest ws@^8.13.0
41 silly packumentCache full:https://registry.npmjs.org/ws cache-miss
42 silly fetch manifest pino@^9.6
43 silly packumentCache full:https://registry.npmjs.org/pino cache-miss
44 silly fetch manifest p-queue@^9.0.0
45 silly packumentCache full:https://registry.npmjs.org/p-queue cache-miss
46 silly fetch manifest libsignal@^6.0.0
47 silly packumentCache full:https://registry.npmjs.org/libsignal cache-miss
48 silly fetch manifest lru-cache@^11.1.0
49 silly packumentCache full:https://registry.npmjs.org/lru-cache cache-miss
50 silly fetch manifest @hapi/boom@^9.1.3
51 silly packumentCache full:https://registry.npmjs.org/@hapi%2fboom cache-miss
52 silly fetch manifest protobufjs@^7.5.6
53 silly packumentCache full:https://registry.npmjs.org/protobufjs cache-miss
54 http cache https://registry.npmjs.org/pino 241ms (cache hit)
55 silly packumentCache full:https://registry.npmjs.org/pino set size:1274379 disposed:false
56 silly fetch manifest async-mutex@^0.5.0
57 silly packumentCache full:https://registry.npmjs.org/async-mutex cache-miss
58 http fetch GET 200 https://registry.npmjs.org/ws 370ms (cache miss)
59 silly packumentCache full:https://registry.npmjs.org/ws set size:undefined disposed:false
60 silly fetch manifest music-metadata@^11.12.3
61 silly packumentCache full:https://registry.npmjs.org/music-metadata cache-miss
62 http fetch GET 200 https://registry.npmjs.org/lru-cache 441ms (cache miss)
63 silly packumentCache full:https://registry.npmjs.org/lru-cache set size:undefined disposed:false
64 silly fetch manifest whatsapp-rust-bridge@0.5.4
65 silly packumentCache full:https://registry.npmjs.org/whatsapp-rust-bridge cache-miss
66 http fetch GET 200 https://registry.npmjs.org/libsignal 585ms (cache miss)
67 silly packumentCache full:https://registry.npmjs.org/libsignal set size:undefined disposed:false
68 silly fetch manifest @cacheable/node-cache@^1.4.0
69 silly packumentCache full:https://registry.npmjs.org/@cacheable%2fnode-cache cache-miss
70 http fetch GET 200 https://registry.npmjs.org/p-queue 624ms (cache miss)
71 silly packumentCache full:https://registry.npmjs.org/p-queue set size:undefined disposed:false
72 silly fetch manifest semver@^7.7.3
73 silly packumentCache full:https://registry.npmjs.org/semver cache-miss
74 http fetch GET 200 https://registry.npmjs.org/async-mutex 544ms (cache miss)
75 silly packumentCache full:https://registry.npmjs.org/async-mutex set size:undefined disposed:false
76 silly fetch manifest @img/colour@^1.0.0
77 silly packumentCache full:https://registry.npmjs.org/@img%2fcolour cache-miss
78 http fetch GET 200 https://registry.npmjs.org/whatsapp-rust-bridge 501ms (cache miss)
79 silly packumentCache full:https://registry.npmjs.org/whatsapp-rust-bridge set size:undefined disposed:false
80 silly fetch manifest detect-libc@^2.1.2
81 silly packumentCache full:https://registry.npmjs.org/detect-libc cache-miss
82 http fetch GET 200 https://registry.npmjs.org/@hapi%2fboom 1026ms (cache miss)
83 silly packumentCache full:https://registry.npmjs.org/@hapi%2fboom set size:undefined disposed:false
84 silly fetch manifest @img/sharp-wasm32@0.34.5
85 silly packumentCache full:https://registry.npmjs.org/@img%2fsharp-wasm32 cache-miss
86 http fetch GET 200 https://registry.npmjs.org/semver 426ms (cache miss)
87 silly packumentCache full:https://registry.npmjs.org/semver set size:undefined disposed:false
88 silly fetch manifest @img/sharp-linux-arm@0.34.5
89 silly packumentCache full:https://registry.npmjs.org/@img%2fsharp-linux-arm cache-miss
90 http fetch GET 200 https://registry.npmjs.org/music-metadata 714ms (cache miss)
91 silly packumentCache full:https://registry.npmjs.org/music-metadata set size:undefined disposed:false
92 silly fetch manifest @img/sharp-linux-x64@0.34.5
93 silly packumentCache full:https://registry.npmjs.org/@img%2fsharp-linux-x64 cache-miss
94 http fetch GET 200 https://registry.npmjs.org/detect-libc 193ms (cache miss)
95 silly packumentCache full:https://registry.npmjs.org/detect-libc set size:undefined disposed:false
96 silly fetch manifest @img/sharp-win32-x64@0.34.5
97 silly packumentCache full:https://registry.npmjs.org/@img%2fsharp-win32-x64 cache-miss
98 http fetch GET 200 https://registry.npmjs.org/protobufjs 1215ms (cache miss)
99 silly packumentCache full:https://registry.npmjs.org/protobufjs set size:undefined disposed:false
100 silly fetch manifest @img/sharp-darwin-x64@0.34.5
101 silly packumentCache full:https://registry.npmjs.org/@img%2fsharp-darwin-x64 cache-miss
102 http fetch GET 200 https://registry.npmjs.org/@cacheable%2fnode-cache 775ms (cache miss)
103 silly packumentCache full:https://registry.npmjs.org/@cacheable%2fnode-cache set size:undefined disposed:false
104 silly fetch manifest @img/sharp-win32-ia32@0.34.5
105 silly packumentCache full:https://registry.npmjs.org/@img%2fsharp-win32-ia32 cache-miss
106 http fetch GET 200 https://registry.npmjs.org/@img%2fcolour 535ms (cache miss)
107 silly packumentCache full:https://registry.npmjs.org/@img%2fcolour set size:undefined disposed:false
108 silly fetch manifest @img/sharp-linux-arm64@0.34.5
109 silly packumentCache full:https://registry.npmjs.org/@img%2fsharp-linux-arm64 cache-miss
110 http fetch GET 200 https://registry.npmjs.org/@img%2fsharp-wasm32 603ms (cache miss)
111 silly packumentCache full:https://registry.npmjs.org/@img%2fsharp-wasm32 set size:undefined disposed:false
112 silly fetch manifest @img/sharp-linux-ppc64@0.34.5
113 silly packumentCache full:https://registry.npmjs.org/@img%2fsharp-linux-ppc64 cache-miss
114 http fetch GET 200 https://registry.npmjs.org/@img%2fsharp-linux-arm 585ms (cache miss)
115 silly packumentCache full:https://registry.npmjs.org/@img%2fsharp-linux-arm set size:undefined disposed:false
116 silly fetch manifest @img/sharp-linux-s390x@0.34.5
117 silly packumentCache full:https://registry.npmjs.org/@img%2fsharp-linux-s390x cache-miss
118 http fetch GET 200 https://registry.npmjs.org/@img%2fsharp-win32-x64 543ms (cache miss)
119 silly packumentCache full:https://registry.npmjs.org/@img%2fsharp-win32-x64 set size:undefined disposed:false
120 silly fetch manifest @img/sharp-win32-arm64@0.34.5
121 silly packumentCache full:https://registry.npmjs.org/@img%2fsharp-win32-arm64 cache-miss
122 http fetch GET 200 https://registry.npmjs.org/@img%2fsharp-win32-arm64 298ms (cache miss)
123 silly packumentCache full:https://registry.npmjs.org/@img%2fsharp-win32-arm64 set size:undefined disposed:false
124 silly fetch manifest @img/sharp-darwin-arm64@0.34.5
125 silly packumentCache full:https://registry.npmjs.org/@img%2fsharp-darwin-arm64 cache-miss
126 http fetch GET 200 https://registry.npmjs.org/@img%2fsharp-linux-x64 923ms (cache miss)
127 silly packumentCache full:https://registry.npmjs.org/@img%2fsharp-linux-x64 set size:undefined disposed:false
128 silly fetch manifest @img/sharp-linux-riscv64@0.34.5
129 silly packumentCache full:https://registry.npmjs.org/@img%2fsharp-linux-riscv64 cache-miss
130 http fetch GET 200 https://registry.npmjs.org/@img%2fsharp-linux-arm64 771ms (cache miss)
131 silly packumentCache full:https://registry.npmjs.org/@img%2fsharp-linux-arm64 set size:undefined disposed:false
132 silly fetch manifest @img/sharp-linuxmusl-x64@0.34.5
133 silly packumentCache full:https://registry.npmjs.org/@img%2fsharp-linuxmusl-x64 cache-miss
134 http fetch GET 200 https://registry.npmjs.org/@img%2fsharp-win32-ia32 809ms (cache miss)
135 silly packumentCache full:https://registry.npmjs.org/@img%2fsharp-win32-ia32 set size:undefined disposed:false
136 silly fetch manifest @img/sharp-linuxmusl-arm64@0.34.5
137 silly packumentCache full:https://registry.npmjs.org/@img%2fsharp-linuxmusl-arm64 cache-miss
138 http fetch GET 200 https://registry.npmjs.org/@img%2fsharp-linux-s390x 642ms (cache miss)
139 silly packumentCache full:https://registry.npmjs.org/@img%2fsharp-linux-s390x set size:undefined disposed:false
140 silly fetch manifest @img/sharp-libvips-linux-arm@1.2.4
141 silly packumentCache full:https://registry.npmjs.org/@img%2fsharp-libvips-linux-arm cache-miss
142 http fetch GET 200 https://registry.npmjs.org/@img%2fsharp-darwin-x64 1054ms (cache miss)
143 silly packumentCache full:https://registry.npmjs.org/@img%2fsharp-darwin-x64 set size:undefined disposed:false
144 silly fetch manifest @img/sharp-libvips-linux-x64@1.2.4
145 silly packumentCache full:https://registry.npmjs.org/@img%2fsharp-libvips-linux-x64 cache-miss
146 http fetch GET 200 https://registry.npmjs.org/@img%2fsharp-linux-ppc64 833ms (cache miss)
147 silly packumentCache full:https://registry.npmjs.org/@img%2fsharp-linux-ppc64 set size:undefined disposed:false
148 silly fetch manifest @img/sharp-libvips-darwin-x64@1.2.4
149 silly packumentCache full:https://registry.npmjs.org/@img%2fsharp-libvips-darwin-x64 cache-miss
150 http fetch GET 200 https://registry.npmjs.org/@img%2fsharp-linux-riscv64 575ms (cache miss)
151 silly packumentCache full:https://registry.npmjs.org/@img%2fsharp-linux-riscv64 set size:undefined disposed:false
152 silly fetch manifest @img/sharp-libvips-linux-arm64@1.2.4
153 silly packumentCache full:https://registry.npmjs.org/@img%2fsharp-libvips-linux-arm64 cache-miss
154 http fetch GET 200 https://registry.npmjs.org/@img%2fsharp-linuxmusl-x64 645ms (cache miss)
155 silly packumentCache full:https://registry.npmjs.org/@img%2fsharp-linuxmusl-x64 set size:undefined disposed:false
156 silly fetch manifest @img/sharp-libvips-linux-ppc64@1.2.4
157 silly packumentCache full:https://registry.npmjs.org/@img%2fsharp-libvips-linux-ppc64 cache-miss
158 http fetch GET 200 https://registry.npmjs.org/@img%2fsharp-libvips-linux-x64 529ms (cache miss)
159 silly packumentCache full:https://registry.npmjs.org/@img%2fsharp-libvips-linux-x64 set size:undefined disposed:false
160 silly fetch manifest @img/sharp-libvips-linux-s390x@1.2.4
161 silly packumentCache full:https://registry.npmjs.org/@img%2fsharp-libvips-linux-s390x cache-miss
162 http fetch GET 200 https://registry.npmjs.org/@img%2fsharp-darwin-arm64 835ms (cache miss)
163 silly packumentCache full:https://registry.npmjs.org/@img%2fsharp-darwin-arm64 set size:undefined disposed:false
164 silly fetch manifest @img/sharp-libvips-darwin-arm64@1.2.4
165 silly packumentCache full:https://registry.npmjs.org/@img%2fsharp-libvips-darwin-arm64 cache-miss
166 http fetch GET 200 https://registry.npmjs.org/@img%2fsharp-libvips-linux-ppc64 316ms (cache miss)
167 silly packumentCache full:https://registry.npmjs.org/@img%2fsharp-libvips-linux-ppc64 set size:undefined disposed:false
168 silly fetch manifest @img/sharp-libvips-linux-riscv64@1.2.4
169 silly packumentCache full:https://registry.npmjs.org/@img%2fsharp-libvips-linux-riscv64 cache-miss
170 http fetch GET 200 https://registry.npmjs.org/@img%2fsharp-linuxmusl-arm64 983ms (cache miss)
171 silly packumentCache full:https://registry.npmjs.org/@img%2fsharp-linuxmusl-arm64 set size:undefined disposed:false
172 silly fetch manifest @img/sharp-libvips-linuxmusl-x64@1.2.4
173 silly packumentCache full:https://registry.npmjs.org/@img%2fsharp-libvips-linuxmusl-x64 cache-miss
174 http fetch GET 200 https://registry.npmjs.org/@img%2fsharp-libvips-linux-arm 874ms (cache miss)
175 silly packumentCache full:https://registry.npmjs.org/@img%2fsharp-libvips-linux-arm set size:undefined disposed:false
176 silly fetch manifest @img/sharp-libvips-linuxmusl-arm64@1.2.4
177 silly packumentCache full:https://registry.npmjs.org/@img%2fsharp-libvips-linuxmusl-arm64 cache-miss
178 http fetch GET 200 https://registry.npmjs.org/@img%2fsharp-libvips-darwin-x64 755ms (cache miss)
179 silly packumentCache full:https://registry.npmjs.org/@img%2fsharp-libvips-darwin-x64 set size:undefined disposed:false
180 silly fetch manifest atomic-sleep@^1.0.0
181 silly packumentCache full:https://registry.npmjs.org/atomic-sleep cache-miss
182 http fetch GET 200 https://registry.npmjs.org/@img%2fsharp-libvips-darwin-arm64 558ms (cache miss)
183 silly packumentCache full:https://registry.npmjs.org/@img%2fsharp-libvips-darwin-arm64 set size:undefined disposed:false
184 silly fetch manifest on-exit-leak-free@^2.1.0
185 silly packumentCache full:https://registry.npmjs.org/on-exit-leak-free cache-miss
186 http fetch GET 200 https://registry.npmjs.org/atomic-sleep 310ms (cache miss)
187 silly packumentCache full:https://registry.npmjs.org/atomic-sleep set size:undefined disposed:false
188 silly fetch manifest pino-abstract-transport@^3.0.0
189 silly packumentCache full:https://registry.npmjs.org/pino-abstract-transport cache-miss
190 http fetch GET 200 https://registry.npmjs.org/@img%2fsharp-libvips-linux-arm64 1143ms (cache miss)
191 silly packumentCache full:https://registry.npmjs.org/@img%2fsharp-libvips-linux-arm64 set size:undefined disposed:false
192 silly fetch manifest pino-std-serializers@^7.0.0
193 silly packumentCache full:https://registry.npmjs.org/pino-std-serializers cache-miss
194 http fetch GET 200 https://registry.npmjs.org/on-exit-leak-free 389ms (cache miss)
195 silly packumentCache full:https://registry.npmjs.org/on-exit-leak-free set size:undefined disposed:false
196 silly fetch manifest process-warning@^5.0.0
197 silly packumentCache full:https://registry.npmjs.org/process-warning cache-miss
198 http fetch GET 200 https://registry.npmjs.org/@img%2fsharp-libvips-linux-s390x 1021ms (cache miss)
199 silly packumentCache full:https://registry.npmjs.org/@img%2fsharp-libvips-linux-s390x set size:undefined disposed:false
200 silly fetch manifest quick-format-unescaped@^4.0.3
201 silly packumentCache full:https://registry.npmjs.org/quick-format-unescaped cache-miss
202 http fetch GET 200 https://registry.npmjs.org/pino-abstract-transport 352ms (cache miss)
203 silly packumentCache full:https://registry.npmjs.org/pino-abstract-transport set size:undefined disposed:false
204 silly fetch manifest real-require@^0.2.0
205 silly packumentCache full:https://registry.npmjs.org/real-require cache-miss
206 http fetch GET 200 https://registry.npmjs.org/@img%2fsharp-libvips-linuxmusl-arm64 766ms (cache miss)
207 silly packumentCache full:https://registry.npmjs.org/@img%2fsharp-libvips-linuxmusl-arm64 set size:undefined disposed:false
208 silly fetch manifest safe-stable-stringify@^2.3.1
209 silly packumentCache full:https://registry.npmjs.org/safe-stable-stringify cache-miss
210 http fetch GET 200 https://registry.npmjs.org/@img%2fsharp-libvips-linuxmusl-x64 831ms (cache miss)
211 silly packumentCache full:https://registry.npmjs.org/@img%2fsharp-libvips-linuxmusl-x64 set size:undefined disposed:false
212 silly fetch manifest @pinojs/redact@^0.4.0
213 silly packumentCache full:https://registry.npmjs.org/@pinojs%2fredact cache-miss
214 http fetch GET 200 https://registry.npmjs.org/process-warning 510ms (cache miss)
215 silly packumentCache full:https://registry.npmjs.org/process-warning set size:undefined disposed:false
216 silly fetch manifest sonic-boom@^4.0.1
217 silly packumentCache full:https://registry.npmjs.org/sonic-boom cache-miss
218 http fetch GET 200 https://registry.npmjs.org/pino-std-serializers 562ms (cache miss)
219 silly packumentCache full:https://registry.npmjs.org/pino-std-serializers set size:undefined disposed:false
220 silly fetch manifest thread-stream@^4.0.0
221 silly packumentCache full:https://registry.npmjs.org/thread-stream cache-miss
222 http fetch GET 200 https://registry.npmjs.org/@img%2fsharp-libvips-linux-riscv64 1276ms (cache miss)
223 silly packumentCache full:https://registry.npmjs.org/@img%2fsharp-libvips-linux-riscv64 set size:undefined disposed:false
224 http fetch GET 200 https://registry.npmjs.org/quick-format-unescaped 524ms (cache miss)
225 silly packumentCache full:https://registry.npmjs.org/quick-format-unescaped set size:undefined disposed:false
226 http fetch GET 200 https://registry.npmjs.org/safe-stable-stringify 471ms (cache miss)
227 silly packumentCache full:https://registry.npmjs.org/safe-stable-stringify set size:undefined disposed:false
228 http fetch GET 200 https://registry.npmjs.org/real-require 541ms (cache miss)
229 silly packumentCache full:https://registry.npmjs.org/real-require set size:undefined disposed:false
230 http fetch GET 200 https://registry.npmjs.org/@pinojs%2fredact 784ms (cache miss)
231 silly packumentCache full:https://registry.npmjs.org/@pinojs%2fredact set size:undefined disposed:false
232 http fetch GET 200 https://registry.npmjs.org/sonic-boom 413ms (cache miss)
233 silly packumentCache full:https://registry.npmjs.org/sonic-boom set size:undefined disposed:false
234 http fetch GET 200 https://registry.npmjs.org/thread-stream 544ms (cache miss)
235 silly packumentCache full:https://registry.npmjs.org/thread-stream set size:undefined disposed:false
236 silly fetch manifest bufferutil@^4.0.1
237 silly packumentCache full:https://registry.npmjs.org/bufferutil cache-miss
238 http fetch GET 200 https://registry.npmjs.org/bufferutil 86ms (cache miss)
239 silly packumentCache full:https://registry.npmjs.org/bufferutil set size:undefined disposed:false
240 silly fetch manifest utf-8-validate@>=5.0.2
241 silly packumentCache full:https://registry.npmjs.org/utf-8-validate cache-miss
242 http fetch GET 200 https://registry.npmjs.org/utf-8-validate 64ms (cache miss)
243 silly packumentCache full:https://registry.npmjs.org/utf-8-validate set size:undefined disposed:false
244 silly placeDep ROOT @cacheable/node-cache@1.7.6 OK for: @whiskeysockets/baileys@7.0.0-rc13 want: ^1.4.0
245 silly placeDep ROOT @hapi/boom@9.1.4 OK for: @whiskeysockets/baileys@7.0.0-rc13 want: ^9.1.3
246 silly placeDep ROOT async-mutex@0.5.0 OK for: @whiskeysockets/baileys@7.0.0-rc13 want: ^0.5.0
247 silly placeDep ROOT libsignal@6.0.0 OK for: @whiskeysockets/baileys@7.0.0-rc13 want: ^6.0.0
248 silly placeDep ROOT lru-cache@11.5.1 OK for: @whiskeysockets/baileys@7.0.0-rc13 want: ^11.1.0
249 silly placeDep ROOT music-metadata@11.12.3 OK for: @whiskeysockets/baileys@7.0.0-rc13 want: ^11.12.3
250 silly placeDep ROOT p-queue@9.3.0 OK for: @whiskeysockets/baileys@7.0.0-rc13 want: ^9.0.0
251 silly placeDep node_modules/@whiskeysockets/baileys pino@9.14.0 OK for: @whiskeysockets/baileys@7.0.0-rc13 want: ^9.6
252 silly placeDep ROOT protobufjs@7.6.1 OK for: @whiskeysockets/baileys@7.0.0-rc13 want: ^7.5.6
253 silly placeDep ROOT whatsapp-rust-bridge@0.5.4 OK for: @whiskeysockets/baileys@7.0.0-rc13 want: 0.5.4
254 silly placeDep ROOT ws@8.21.0 OK for: @whiskeysockets/baileys@7.0.0-rc13 want: ^8.13.0
255 silly fetch manifest keyv@^5.5.5
256 silly packumentCache full:https://registry.npmjs.org/keyv cache-miss
257 silly fetch manifest cacheable@^2.3.1
258 silly packumentCache full:https://registry.npmjs.org/cacheable cache-miss
259 silly fetch manifest hookified@^1.14.0
260 silly packumentCache full:https://registry.npmjs.org/hookified cache-miss
261 silly fetch manifest @hapi/hoek@9.x.x
262 silly packumentCache full:https://registry.npmjs.org/@hapi%2fhoek cache-miss
263 silly fetch manifest tslib@^2.4.0
264 silly packumentCache full:https://registry.npmjs.org/tslib cache-miss
265 silly fetch manifest protobufjs@^7.5.5
266 silly packumentCache full:https://registry.npmjs.org/protobufjs cache-miss
267 silly fetch manifest curve25519-js@^0.0.4
268 silly packumentCache full:https://registry.npmjs.org/curve25519-js cache-miss
269 http cache https://registry.npmjs.org/protobufjs 53ms (cache hit)
270 silly packumentCache full:https://registry.npmjs.org/protobufjs set size:708565 disposed:false
271 silly fetch manifest debug@^4.4.3
272 silly packumentCache full:https://registry.npmjs.org/debug cache-miss
273 http fetch GET 200 https://registry.npmjs.org/tslib 156ms (cache miss)
274 silly packumentCache full:https://registry.npmjs.org/tslib set size:undefined disposed:false
275 silly fetch manifest strtok3@^10.3.4
276 silly packumentCache full:https://registry.npmjs.org/strtok3 cache-miss
277 http fetch GET 200 https://registry.npmjs.org/keyv 197ms (cache miss)
278 silly packumentCache full:https://registry.npmjs.org/keyv set size:undefined disposed:false
279 silly fetch manifest win-guid@^0.2.1
280 silly packumentCache full:https://registry.npmjs.org/win-guid cache-miss
281 http fetch GET 200 https://registry.npmjs.org/debug 113ms (cache miss)
282 silly packumentCache full:https://registry.npmjs.org/debug set size:undefined disposed:false
283 silly fetch manifest file-type@^21.3.1
284 silly packumentCache full:https://registry.npmjs.org/file-type cache-miss
285 http fetch GET 200 https://registry.npmjs.org/hookified 401ms (cache miss)
286 silly packumentCache full:https://registry.npmjs.org/hookified set size:undefined disposed:false
287 silly fetch manifest media-typer@^1.1.0
288 silly packumentCache full:https://registry.npmjs.org/media-typer cache-miss
289 http fetch GET 200 https://registry.npmjs.org/curve25519-js 411ms (cache miss)
290 silly packumentCache full:https://registry.npmjs.org/curve25519-js set size:undefined disposed:false
291 silly fetch manifest token-types@^6.1.2
292 silly packumentCache full:https://registry.npmjs.org/token-types cache-miss
293 http fetch GET 200 https://registry.npmjs.org/cacheable 450ms (cache miss)
294 silly packumentCache full:https://registry.npmjs.org/cacheable set size:undefined disposed:false
295 silly fetch manifest content-type@^1.0.5
296 silly packumentCache full:https://registry.npmjs.org/content-type cache-miss
297 http fetch GET 200 https://registry.npmjs.org/media-typer 73ms (cache miss)
298 silly packumentCache full:https://registry.npmjs.org/media-typer set size:undefined disposed:false
299 silly fetch manifest @tokenizer/token@^0.3.0
300 silly packumentCache full:https://registry.npmjs.org/@tokenizer%2ftoken cache-miss
301 http fetch GET 200 https://registry.npmjs.org/win-guid 321ms (cache miss)
302 silly packumentCache full:https://registry.npmjs.org/win-guid set size:undefined disposed:false
303 silly fetch manifest uint8array-extras@^1.5.0
304 silly packumentCache full:https://registry.npmjs.org/uint8array-extras cache-miss
305 http fetch GET 200 https://registry.npmjs.org/content-type 365ms (cache miss)
306 silly packumentCache full:https://registry.npmjs.org/content-type set size:undefined disposed:false
307 silly fetch manifest @borewit/text-codec@^0.2.2
308 silly packumentCache full:https://registry.npmjs.org/@borewit%2ftext-codec cache-miss
309 http fetch GET 200 https://registry.npmjs.org/token-types 425ms (cache miss)
310 silly packumentCache full:https://registry.npmjs.org/token-types set size:undefined disposed:false
311 silly fetch manifest eventemitter3@^5.0.4
312 silly packumentCache full:https://registry.npmjs.org/eventemitter3 cache-miss
313 http fetch GET 200 https://registry.npmjs.org/strtok3 717ms (cache miss)
314 silly packumentCache full:https://registry.npmjs.org/strtok3 set size:undefined disposed:false
315 silly fetch manifest p-timeout@^7.0.0
316 silly packumentCache full:https://registry.npmjs.org/p-timeout cache-miss
317 http fetch GET 200 https://registry.npmjs.org/uint8array-extras 424ms (cache miss)
318 silly packumentCache full:https://registry.npmjs.org/uint8array-extras set size:undefined disposed:false
319 silly fetch manifest thread-stream@^3.0.0
320 silly packumentCache full:https://registry.npmjs.org/thread-stream cache-miss
321 http fetch GET 200 https://registry.npmjs.org/@hapi%2fhoek 973ms (cache miss)
322 silly packumentCache full:https://registry.npmjs.org/@hapi%2fhoek set size:undefined disposed:false
323 silly fetch manifest pino-abstract-transport@^2.0.0
324 silly packumentCache full:https://registry.npmjs.org/pino-abstract-transport cache-miss
325 http fetch GET 200 https://registry.npmjs.org/eventemitter3 119ms (cache miss)
326 silly packumentCache full:https://registry.npmjs.org/eventemitter3 set size:undefined disposed:false
327 silly fetch manifest long@^5.3.2
328 silly packumentCache full:https://registry.npmjs.org/long cache-miss
329 http cache https://registry.npmjs.org/thread-stream 52ms (cache hit)
330 silly packumentCache full:https://registry.npmjs.org/thread-stream set size:132366 disposed:false
331 silly fetch manifest @types/node@>=13.7.0
332 silly packumentCache full:https://registry.npmjs.org/@types%2fnode cache-miss
333 http cache https://registry.npmjs.org/pino-abstract-transport 47ms (cache hit)
334 silly packumentCache full:https://registry.npmjs.org/pino-abstract-transport set size:28687 disposed:false
335 silly fetch manifest @protobufjs/path@^1.1.2
336 silly packumentCache full:https://registry.npmjs.org/@protobufjs%2fpath cache-miss
337 http fetch GET 200 https://registry.npmjs.org/long 131ms (cache miss)
338 silly packumentCache full:https://registry.npmjs.org/long set size:undefined disposed:false
339 silly fetch manifest @protobufjs/pool@^1.1.0
340 silly packumentCache full:https://registry.npmjs.org/@protobufjs%2fpool cache-miss
341 http fetch GET 200 https://registry.npmjs.org/file-type 1021ms (cache miss)
342 silly packumentCache full:https://registry.npmjs.org/file-type set size:undefined disposed:false
343 silly fetch manifest @protobufjs/utf8@^1.1.1
344 silly packumentCache full:https://registry.npmjs.org/@protobufjs%2futf8 cache-miss
345 http fetch GET 200 https://registry.npmjs.org/p-timeout 512ms (cache miss)
346 silly packumentCache full:https://registry.npmjs.org/p-timeout set size:undefined disposed:false
347 silly fetch manifest @protobufjs/fetch@^1.1.1
348 silly packumentCache full:https://registry.npmjs.org/@protobufjs%2ffetch cache-miss
349 http fetch GET 200 https://registry.npmjs.org/@tokenizer%2ftoken 955ms (cache miss)
350 silly packumentCache full:https://registry.npmjs.org/@tokenizer%2ftoken set size:undefined disposed:false
351 silly fetch manifest @protobufjs/float@^1.0.2
352 silly packumentCache full:https://registry.npmjs.org/@protobufjs%2ffloat cache-miss
353 http fetch GET 200 https://registry.npmjs.org/@protobufjs%2fpath 555ms (cache miss)
354 silly packumentCache full:https://registry.npmjs.org/@protobufjs%2fpath set size:undefined disposed:false
355 silly fetch manifest @protobufjs/base64@^1.1.2
356 silly packumentCache full:https://registry.npmjs.org/@protobufjs%2fbase64 cache-miss
357 http fetch GET 200 https://registry.npmjs.org/@borewit%2ftext-codec 897ms (cache miss)
358 silly packumentCache full:https://registry.npmjs.org/@borewit%2ftext-codec set size:undefined disposed:false
359 silly fetch manifest @protobufjs/codegen@^2.0.5
360 silly packumentCache full:https://registry.npmjs.org/@protobufjs%2fcodegen cache-miss
361 http fetch GET 200 https://registry.npmjs.org/@types%2fnode 794ms (cache miss)
362 silly packumentCache full:https://registry.npmjs.org/@types%2fnode set size:undefined disposed:false
363 silly fetch manifest @protobufjs/inquire@^1.1.2
364 silly packumentCache full:https://registry.npmjs.org/@protobufjs%2finquire cache-miss
365 http fetch GET 200 https://registry.npmjs.org/@protobufjs%2futf8 1172ms (cache miss)
366 silly packumentCache full:https://registry.npmjs.org/@protobufjs%2futf8 set size:undefined disposed:false
367 silly fetch manifest @protobufjs/aspromise@^1.1.2
368 silly packumentCache full:https://registry.npmjs.org/@protobufjs%2faspromise cache-miss
369 http fetch GET 200 https://registry.npmjs.org/@protobufjs%2ffloat 1068ms (cache miss)
370 silly packumentCache full:https://registry.npmjs.org/@protobufjs%2ffloat set size:undefined disposed:false
371 silly fetch manifest @protobufjs/eventemitter@^1.1.1
372 silly packumentCache full:https://registry.npmjs.org/@protobufjs%2feventemitter cache-miss
373 http fetch GET 200 https://registry.npmjs.org/@protobufjs%2fcodegen 797ms (cache miss)
374 silly packumentCache full:https://registry.npmjs.org/@protobufjs%2fcodegen set size:undefined disposed:false
375 http fetch GET 200 https://registry.npmjs.org/@protobufjs%2fpool 1398ms (cache miss)
376 silly packumentCache full:https://registry.npmjs.org/@protobufjs%2fpool set size:undefined disposed:false
377 http fetch GET 200 https://registry.npmjs.org/@protobufjs%2ffetch 1101ms (cache miss)
378 silly packumentCache full:https://registry.npmjs.org/@protobufjs%2ffetch set size:undefined disposed:false
379 http fetch GET 200 https://registry.npmjs.org/@protobufjs%2fbase64 951ms (cache miss)
380 silly packumentCache full:https://registry.npmjs.org/@protobufjs%2fbase64 set size:undefined disposed:false
381 http fetch GET 200 https://registry.npmjs.org/@protobufjs%2faspromise 525ms (cache miss)
382 silly packumentCache full:https://registry.npmjs.org/@protobufjs%2faspromise set size:undefined disposed:false
383 http fetch GET 200 https://registry.npmjs.org/@protobufjs%2feventemitter 600ms (cache miss)
384 silly packumentCache full:https://registry.npmjs.org/@protobufjs%2feventemitter set size:undefined disposed:false
385 http fetch GET 200 https://registry.npmjs.org/@protobufjs%2finquire 971ms (cache miss)
386 silly packumentCache full:https://registry.npmjs.org/@protobufjs%2finquire set size:undefined disposed:false
387 silly placeDep ROOT cacheable@2.3.5 OK for: @cacheable/node-cache@1.7.6 want: ^2.3.1
388 silly placeDep ROOT hookified@1.15.1 OK for: @cacheable/node-cache@1.7.6 want: ^1.14.0
389 silly placeDep ROOT keyv@5.6.0 OK for: @cacheable/node-cache@1.7.6 want: ^5.5.5
390 silly fetch manifest hookified@^1.15.0
391 silly packumentCache full:https://registry.npmjs.org/hookified cache-miss
392 silly fetch manifest keyv@^5.6.0
393 silly packumentCache full:https://registry.npmjs.org/keyv cache-miss
394 silly fetch manifest qified@^0.10.1
395 silly packumentCache full:https://registry.npmjs.org/qified cache-miss
396 silly fetch manifest @cacheable/memory@^2.0.8
397 silly packumentCache full:https://registry.npmjs.org/@cacheable%2fmemory cache-miss
398 silly fetch manifest @cacheable/utils@^2.4.1
399 silly packumentCache full:https://registry.npmjs.org/@cacheable%2futils cache-miss
400 silly fetch manifest @keyv/serialize@^1.1.1
401 silly packumentCache full:https://registry.npmjs.org/@keyv%2fserialize cache-miss
402 http cache https://registry.npmjs.org/hookified 66ms (cache hit)
403 silly packumentCache full:https://registry.npmjs.org/hookified set size:92482 disposed:false
404 http cache https://registry.npmjs.org/keyv 75ms (cache hit)
405 silly packumentCache full:https://registry.npmjs.org/keyv set size:215840 disposed:false
406 http fetch GET 200 https://registry.npmjs.org/qified 441ms (cache miss)
407 silly packumentCache full:https://registry.npmjs.org/qified set size:undefined disposed:false
408 http fetch GET 200 https://registry.npmjs.org/@cacheable%2fmemory 876ms (cache miss)
409 silly packumentCache full:https://registry.npmjs.org/@cacheable%2fmemory set size:undefined disposed:false
410 http fetch GET 200 https://registry.npmjs.org/@cacheable%2futils 1060ms (cache miss)
411 silly packumentCache full:https://registry.npmjs.org/@cacheable%2futils set size:undefined disposed:false
412 http fetch GET 200 https://registry.npmjs.org/@keyv%2fserialize 1098ms (cache miss)
413 silly packumentCache full:https://registry.npmjs.org/@keyv%2fserialize set size:undefined disposed:false
414 silly placeDep ROOT @hapi/hoek@9.3.0 OK for: @hapi/boom@9.1.4 want: 9.x.x
415 silly placeDep ROOT tslib@2.8.1 OK for: async-mutex@0.5.0 want: ^2.4.0
416 silly placeDep ROOT @cacheable/memory@2.0.9 OK for: cacheable@2.3.5 want: ^2.0.8
417 silly placeDep ROOT @cacheable/utils@2.4.1 OK for: cacheable@2.3.5 want: ^2.4.1
418 silly placeDep ROOT qified@0.10.1 OK for: cacheable@2.3.5 want: ^0.10.1
419 silly fetch manifest @keyv/bigmap@^1.3.1
420 silly packumentCache full:https://registry.npmjs.org/@keyv%2fbigmap cache-miss
421 silly fetch manifest hashery@^1.5.1
422 silly packumentCache full:https://registry.npmjs.org/hashery cache-miss
423 silly fetch manifest hookified@^2.1.1
424 silly packumentCache full:https://registry.npmjs.org/hookified cache-hit
425 http fetch GET 200 https://registry.npmjs.org/hashery 402ms (cache miss)
426 silly packumentCache full:https://registry.npmjs.org/hashery set size:undefined disposed:false
427 http fetch GET 200 https://registry.npmjs.org/@keyv%2fbigmap 902ms (cache miss)
428 silly packumentCache full:https://registry.npmjs.org/@keyv%2fbigmap set size:undefined disposed:false
429 silly placeDep ROOT @keyv/bigmap@1.3.1 OK for: @cacheable/memory@2.0.9 want: ^1.3.1
430 silly fetch manifest hashery@^1.4.0
431 silly packumentCache full:https://registry.npmjs.org/hashery cache-miss
432 http cache https://registry.npmjs.org/hashery 31ms (cache hit)
433 silly packumentCache full:https://registry.npmjs.org/hashery set size:75282 disposed:false
434 silly placeDep ROOT hashery@1.5.1 OK for: @cacheable/utils@2.4.1 want: ^1.5.1
435 silly placeDep ROOT @keyv/serialize@1.1.1 OK for: keyv@5.6.0 want: ^1.1.1
436 silly placeDep ROOT curve25519-js@0.0.4 OK for: libsignal@6.0.0 want: ^0.0.4
437 silly placeDep ROOT @borewit/text-codec@0.2.2 OK for: music-metadata@11.12.3 want: ^0.2.2
438 silly placeDep ROOT @tokenizer/token@0.3.0 OK for: music-metadata@11.12.3 want: ^0.3.0
439 silly placeDep ROOT content-type@1.0.5 OK for: music-metadata@11.12.3 want: ^1.0.5
440 silly placeDep ROOT debug@4.4.3 OK for: music-metadata@11.12.3 want: ^4.4.3
441 silly placeDep ROOT file-type@21.3.4 OK for: music-metadata@11.12.3 want: ^21.3.1
442 silly placeDep ROOT media-typer@1.1.0 OK for: music-metadata@11.12.3 want: ^1.1.0
443 silly placeDep ROOT strtok3@10.3.5 OK for: music-metadata@11.12.3 want: ^10.3.4
444 silly placeDep ROOT token-types@6.1.2 OK for: music-metadata@11.12.3 want: ^6.1.2
445 silly placeDep ROOT uint8array-extras@1.5.0 OK for: music-metadata@11.12.3 want: ^1.5.0
446 silly placeDep ROOT win-guid@0.2.1 OK for: music-metadata@11.12.3 want: ^0.2.1
447 silly fetch manifest ms@^2.1.3
448 silly packumentCache full:https://registry.npmjs.org/ms cache-miss
449 silly fetch manifest token-types@^6.1.1
450 silly packumentCache full:https://registry.npmjs.org/token-types cache-miss
451 silly fetch manifest uint8array-extras@^1.4.0
452 silly packumentCache full:https://registry.npmjs.org/uint8array-extras cache-miss
453 silly fetch manifest @tokenizer/inflate@^0.4.1
454 silly packumentCache full:https://registry.npmjs.org/@tokenizer%2finflate cache-miss
455 silly fetch manifest ieee754@^1.2.1
456 silly packumentCache full:https://registry.npmjs.org/ieee754 cache-miss
457 http cache https://registry.npmjs.org/token-types 77ms (cache hit)
458 silly packumentCache full:https://registry.npmjs.org/token-types set size:155133 disposed:false
459 http cache https://registry.npmjs.org/uint8array-extras 92ms (cache hit)
460 silly packumentCache full:https://registry.npmjs.org/uint8array-extras set size:36606 disposed:false
461 http fetch GET 200 https://registry.npmjs.org/ieee754 130ms (cache miss)
462 silly packumentCache full:https://registry.npmjs.org/ieee754 set size:undefined disposed:false
463 http fetch GET 200 https://registry.npmjs.org/ms 168ms (cache miss)
464 silly packumentCache full:https://registry.npmjs.org/ms set size:undefined disposed:false
465 http fetch GET 200 https://registry.npmjs.org/@tokenizer%2finflate 847ms (cache miss)
466 silly packumentCache full:https://registry.npmjs.org/@tokenizer%2finflate set size:undefined disposed:false
467 silly placeDep ROOT ms@2.1.3 OK for: debug@4.4.3 want: ^2.1.3
468 silly placeDep ROOT @tokenizer/inflate@0.4.1 OK for: file-type@21.3.4 want: ^0.4.1
469 silly placeDep ROOT eventemitter3@5.0.4 OK for: p-queue@9.3.0 want: ^5.0.4
470 silly placeDep ROOT p-timeout@7.0.1 OK for: p-queue@9.3.0 want: ^7.0.0
471 silly placeDep ROOT @pinojs/redact@0.4.0 OK for: pino@10.3.1 want: ^0.4.0
472 silly placeDep ROOT atomic-sleep@1.0.0 OK for: pino@10.3.1 want: ^1.0.0
473 silly placeDep ROOT on-exit-leak-free@2.1.2 OK for: pino@10.3.1 want: ^2.1.0
474 silly placeDep ROOT pino-abstract-transport@3.0.0 OK for: pino@10.3.1 want: ^3.0.0
475 silly placeDep ROOT pino-std-serializers@7.1.0 OK for: pino@10.3.1 want: ^7.0.0
476 silly placeDep ROOT process-warning@5.0.0 OK for: pino@10.3.1 want: ^5.0.0
477 silly placeDep ROOT quick-format-unescaped@4.0.4 OK for: pino@10.3.1 want: ^4.0.3
478 silly placeDep ROOT real-require@0.2.0 OK for: pino@10.3.1 want: ^0.2.0
479 silly placeDep ROOT safe-stable-stringify@2.5.0 OK for: pino@10.3.1 want: ^2.3.1
480 silly placeDep ROOT sonic-boom@4.2.1 OK for: pino@10.3.1 want: ^4.0.1
481 silly placeDep ROOT thread-stream@4.2.0 OK for: pino@10.3.1 want: ^4.0.0
482 silly fetch manifest split2@^4.0.0
483 silly packumentCache full:https://registry.npmjs.org/split2 cache-miss
484 silly fetch manifest real-require@^1.0.0
485 silly packumentCache full:https://registry.npmjs.org/real-require cache-miss
486 http cache https://registry.npmjs.org/real-require 42ms (cache hit)
487 silly packumentCache full:https://registry.npmjs.org/real-require set size:10884 disposed:false
488 http fetch GET 200 https://registry.npmjs.org/split2 116ms (cache miss)
489 silly packumentCache full:https://registry.npmjs.org/split2 set size:undefined disposed:false
490 silly placeDep ROOT split2@4.2.0 OK for: pino-abstract-transport@3.0.0 want: ^4.0.0
491 silly placeDep ROOT @protobufjs/aspromise@1.1.2 OK for: protobufjs@7.6.1 want: ^1.1.2
492 silly placeDep ROOT @protobufjs/base64@1.1.2 OK for: protobufjs@7.6.1 want: ^1.1.2
493 silly placeDep ROOT @protobufjs/codegen@2.0.5 OK for: protobufjs@7.6.1 want: ^2.0.5
494 silly placeDep ROOT @protobufjs/eventemitter@1.1.1 OK for: protobufjs@7.6.1 want: ^1.1.1
495 silly placeDep ROOT @protobufjs/fetch@1.1.1 OK for: protobufjs@7.6.1 want: ^1.1.1
496 silly placeDep ROOT @protobufjs/float@1.0.2 OK for: protobufjs@7.6.1 want: ^1.0.2
497 silly placeDep ROOT @protobufjs/inquire@1.1.2 OK for: protobufjs@7.6.1 want: ^1.1.2
498 silly placeDep ROOT @protobufjs/path@1.1.2 OK for: protobufjs@7.6.1 want: ^1.1.2
499 silly placeDep ROOT @protobufjs/pool@1.1.0 OK for: protobufjs@7.6.1 want: ^1.1.0
500 silly placeDep ROOT @protobufjs/utf8@1.1.1 OK for: protobufjs@7.6.1 want: ^1.1.1
501 silly placeDep ROOT @types/node@25.9.1 OK for: protobufjs@7.6.1 want: >=13.7.0
502 silly placeDep ROOT long@5.3.2 OK for: protobufjs@7.6.1 want: ^5.3.2
503 silly fetch manifest undici-types@>=7.24.0 <7.24.7
504 silly packumentCache full:https://registry.npmjs.org/undici-types cache-miss
505 http fetch GET 200 https://registry.npmjs.org/undici-types 423ms (cache miss)
506 silly packumentCache full:https://registry.npmjs.org/undici-types set size:undefined disposed:false
507 silly placeDep ROOT undici-types@7.24.6 OK for: @types/node@25.9.1 want: >=7.24.0 <7.24.7
508 silly placeDep node_modules/qified hookified@2.2.0 OK for: qified@0.10.1 want: ^2.1.1
509 silly placeDep ROOT @img/colour@1.1.0 OK for: sharp@0.34.5 want: ^1.0.0
510 silly placeDep ROOT @img/sharp-darwin-arm64@0.34.5 OK for: sharp@0.34.5 want: 0.34.5
511 silly placeDep ROOT @img/sharp-darwin-x64@0.34.5 OK for: sharp@0.34.5 want: 0.34.5
512 silly placeDep ROOT @img/sharp-libvips-darwin-arm64@1.2.4 OK for: sharp@0.34.5 want: 1.2.4
513 silly placeDep ROOT @img/sharp-libvips-darwin-x64@1.2.4 OK for: sharp@0.34.5 want: 1.2.4
514 silly placeDep ROOT @img/sharp-libvips-linux-arm@1.2.4 OK for: sharp@0.34.5 want: 1.2.4
515 silly placeDep ROOT @img/sharp-libvips-linux-arm64@1.2.4 OK for: sharp@0.34.5 want: 1.2.4
516 silly placeDep ROOT @img/sharp-libvips-linux-ppc64@1.2.4 OK for: sharp@0.34.5 want: 1.2.4
517 silly placeDep ROOT @img/sharp-libvips-linux-riscv64@1.2.4 OK for: sharp@0.34.5 want: 1.2.4
518 silly placeDep ROOT @img/sharp-libvips-linux-s390x@1.2.4 OK for: sharp@0.34.5 want: 1.2.4
519 silly placeDep ROOT @img/sharp-libvips-linux-x64@1.2.4 OK for: sharp@0.34.5 want: 1.2.4
520 silly placeDep ROOT @img/sharp-libvips-linuxmusl-arm64@1.2.4 OK for: sharp@0.34.5 want: 1.2.4
521 silly placeDep ROOT @img/sharp-libvips-linuxmusl-x64@1.2.4 OK for: sharp@0.34.5 want: 1.2.4
522 silly placeDep ROOT @img/sharp-linux-arm@0.34.5 OK for: sharp@0.34.5 want: 0.34.5
523 silly placeDep ROOT @img/sharp-linux-arm64@0.34.5 OK for: sharp@0.34.5 want: 0.34.5
524 silly placeDep ROOT @img/sharp-linux-ppc64@0.34.5 OK for: sharp@0.34.5 want: 0.34.5
525 silly placeDep ROOT @img/sharp-linux-riscv64@0.34.5 OK for: sharp@0.34.5 want: 0.34.5
526 silly placeDep ROOT @img/sharp-linux-s390x@0.34.5 OK for: sharp@0.34.5 want: 0.34.5
527 silly placeDep ROOT @img/sharp-linux-x64@0.34.5 OK for: sharp@0.34.5 want: 0.34.5
528 silly placeDep ROOT @img/sharp-linuxmusl-arm64@0.34.5 OK for: sharp@0.34.5 want: 0.34.5
529 silly placeDep ROOT @img/sharp-linuxmusl-x64@0.34.5 OK for: sharp@0.34.5 want: 0.34.5
530 silly placeDep ROOT @img/sharp-wasm32@0.34.5 OK for: sharp@0.34.5 want: 0.34.5
531 silly placeDep ROOT @img/sharp-win32-arm64@0.34.5 OK for: sharp@0.34.5 want: 0.34.5
532 silly placeDep ROOT @img/sharp-win32-ia32@0.34.5 OK for: sharp@0.34.5 want: 0.34.5
533 silly placeDep ROOT @img/sharp-win32-x64@0.34.5 OK for: sharp@0.34.5 want: 0.34.5
534 silly placeDep ROOT detect-libc@2.1.2 OK for: sharp@0.34.5 want: ^2.1.2
535 silly placeDep ROOT semver@7.8.1 OK for: sharp@0.34.5 want: ^7.7.3
536 silly fetch manifest @emnapi/runtime@^1.7.0
537 silly packumentCache full:https://registry.npmjs.org/@emnapi%2fruntime cache-miss
538 http fetch GET 200 https://registry.npmjs.org/@emnapi%2fruntime 292ms (cache miss)
539 silly packumentCache full:https://registry.npmjs.org/@emnapi%2fruntime set size:undefined disposed:false
540 silly placeDep ROOT @emnapi/runtime@1.10.0 OK for: @img/sharp-wasm32@0.34.5 want: ^1.7.0
541 silly placeDep node_modules/thread-stream real-require@1.0.0 OK for: thread-stream@4.2.0 want: ^1.0.0
542 silly placeDep ROOT ieee754@1.2.1 OK for: token-types@6.1.2 want: ^1.2.1
543 silly placeDep node_modules/@whiskeysockets/baileys pino-abstract-transport@2.0.0 OK for: pino@9.14.0 want: ^2.0.0
544 silly placeDep node_modules/@whiskeysockets/baileys thread-stream@3.1.0 OK for: pino@9.14.0 want: ^3.0.0
545 silly reify moves {}
546 silly audit bulk request {
546 silly audit   '@whiskeysockets/baileys': [ '7.0.0-rc13' ],
546 silly audit   sharp: [ '0.34.5' ],
546 silly audit   pino: [ '10.3.1', '9.14.0' ],
546 silly audit   '@cacheable/node-cache': [ '1.7.6' ],
546 silly audit   '@hapi/boom': [ '9.1.4' ],
546 silly audit   'async-mutex': [ '0.5.0' ],
546 silly audit   libsignal: [ '6.0.0' ],
546 silly audit   'lru-cache': [ '11.5.1' ],
546 silly audit   'music-metadata': [ '11.12.3' ],
546 silly audit   'p-queue': [ '9.3.0' ],
546 silly audit   protobufjs: [ '7.6.1' ],
546 silly audit   'whatsapp-rust-bridge': [ '0.5.4' ],
546 silly audit   ws: [ '8.21.0' ],
546 silly audit   cacheable: [ '2.3.5' ],
546 silly audit   hookified: [ '1.15.1', '2.2.0' ],
546 silly audit   keyv: [ '5.6.0' ],
546 silly audit   '@hapi/hoek': [ '9.3.0' ],
546 silly audit   tslib: [ '2.8.1' ],
546 silly audit   '@cacheable/memory': [ '2.0.9' ],
546 silly audit   '@cacheable/utils': [ '2.4.1' ],
546 silly audit   qified: [ '0.10.1' ],
546 silly audit   '@keyv/bigmap': [ '1.3.1' ],
546 silly audit   hashery: [ '1.5.1' ],
546 silly audit   '@keyv/serialize': [ '1.1.1' ],
546 silly audit   'curve25519-js': [ '0.0.4' ],
546 silly audit   '@borewit/text-codec': [ '0.2.2' ],
546 silly audit   '@tokenizer/token': [ '0.3.0' ],
546 silly audit   'content-type': [ '1.0.5' ],
546 silly audit   debug: [ '4.4.3' ],
546 silly audit   'file-type': [ '21.3.4' ],
546 silly audit   'media-typer': [ '1.1.0' ],
546 silly audit   strtok3: [ '10.3.5' ],
546 silly audit   'token-types': [ '6.1.2' ],
546 silly audit   'uint8array-extras': [ '1.5.0' ],
546 silly audit   'win-guid': [ '0.2.1' ],
546 silly audit   ms: [ '2.1.3' ],
546 silly audit   '@tokenizer/inflate': [ '0.4.1' ],
546 silly audit   eventemitter3: [ '5.0.4' ],
546 silly audit   'p-timeout': [ '7.0.1' ],
546 silly audit   '@pinojs/redact': [ '0.4.0' ],
546 silly audit   'atomic-sleep': [ '1.0.0' ],
546 silly audit   'on-exit-leak-free': [ '2.1.2' ],
546 silly audit   'pino-abstract-transport': [ '3.0.0', '2.0.0' ],
546 silly audit   'pino-std-serializers': [ '7.1.0' ],
546 silly audit   'process-warning': [ '5.0.0' ],
546 silly audit   'quick-format-unescaped': [ '4.0.4' ],
546 silly audit   'real-require': [ '0.2.0', '1.0.0' ],
546 silly audit   'safe-stable-stringify': [ '2.5.0' ],
546 silly audit   'sonic-boom': [ '4.2.1' ],
546 silly audit   'thread-stream': [ '4.2.0', '3.1.0' ],
546 silly audit   split2: [ '4.2.0' ],
546 silly audit   '@protobufjs/aspromise': [ '1.1.2' ],
546 silly audit   '@protobufjs/base64': [ '1.1.2' ],
546 silly audit   '@protobufjs/codegen': [ '2.0.5' ],
546 silly audit   '@protobufjs/eventemitter': [ '1.1.1' ],
546 silly audit   '@protobufjs/fetch': [ '1.1.1' ],
546 silly audit   '@protobufjs/float': [ '1.0.2' ],
546 silly audit   '@protobufjs/inquire': [ '1.1.2' ],
546 silly audit   '@protobufjs/path': [ '1.1.2' ],
546 silly audit   '@protobufjs/pool': [ '1.1.0' ],
546 silly audit   '@protobufjs/utf8': [ '1.1.1' ],
546 silly audit   '@types/node': [ '25.9.1' ],
546 silly audit   long: [ '5.3.2' ],
546 silly audit   'undici-types': [ '7.24.6' ],
546 silly audit   '@img/colour': [ '1.1.0' ],
546 silly audit   '@img/sharp-darwin-arm64': [ '0.34.5' ],
546 silly audit   '@img/sharp-darwin-x64': [ '0.34.5' ],
546 silly audit   '@img/sharp-libvips-darwin-arm64': [ '1.2.4' ],
546 silly audit   '@img/sharp-libvips-darwin-x64': [ '1.2.4' ],
546 silly audit   '@img/sharp-libvips-linux-arm': [ '1.2.4' ],
546 silly audit   '@img/sharp-libvips-linux-arm64': [ '1.2.4' ],
546 silly audit   '@img/sharp-libvips-linux-ppc64': [ '1.2.4' ],
546 silly audit   '@img/sharp-libvips-linux-riscv64': [ '1.2.4' ],
546 silly audit   '@img/sharp-libvips-linux-s390x': [ '1.2.4' ],
546 silly audit   '@img/sharp-libvips-linux-x64': [ '1.2.4' ],
546 silly audit   '@img/sharp-libvips-linuxmusl-arm64': [ '1.2.4' ],
546 silly audit   '@img/sharp-libvips-linuxmusl-x64': [ '1.2.4' ],
546 silly audit   '@img/sharp-linux-arm': [ '0.34.5' ],
546 silly audit   '@img/sharp-linux-arm64': [ '0.34.5' ],
546 silly audit   '@img/sharp-linux-ppc64': [ '0.34.5' ],
546 silly audit   '@img/sharp-linux-riscv64': [ '0.34.5' ],
546 silly audit   '@img/sharp-linux-s390x': [ '0.34.5' ],
546 silly audit   '@img/sharp-linux-x64': [ '0.34.5' ],
546 silly audit   '@img/sharp-linuxmusl-arm64': [ '0.34.5' ],
546 silly audit   '@img/sharp-linuxmusl-x64': [ '0.34.5' ],
546 silly audit   '@img/sharp-wasm32': [ '0.34.5' ],
546 silly audit   '@img/sharp-win32-arm64': [ '0.34.5' ],
546 silly audit   '@img/sharp-win32-ia32': [ '0.34.5' ],
546 silly audit   '@img/sharp-win32-x64': [ '0.34.5' ],
546 silly audit   'detect-libc': [ '2.1.2' ],
546 silly audit   semver: [ '7.8.1' ],
546 silly audit   '@emnapi/runtime': [ '1.10.0' ],
546 silly audit   ieee754: [ '1.2.1' ]
546 silly audit }
547 http cache detect-libc@https://registry.npmjs.org/detect-libc/-/detect-libc-2.1.2.tgz 1ms (cache hit)
548 http cache semver@https://registry.npmjs.org/semver/-/semver-7.8.1.tgz 0ms (cache hit)
549 http cache ieee754@https://registry.npmjs.org/ieee754/-/ieee754-1.2.1.tgz 0ms (cache hit)
550 http cache @img/colour@https://registry.npmjs.org/@img/colour/-/colour-1.1.0.tgz 1ms (cache hit)
551 http cache undici-types@https://registry.npmjs.org/undici-types/-/undici-types-7.24.6.tgz 1ms (cache hit)
552 http cache long@https://registry.npmjs.org/long/-/long-5.3.2.tgz 0ms (cache hit)
553 http cache @types/node@https://registry.npmjs.org/@types/node/-/node-25.9.1.tgz 0ms (cache hit)
554 http cache @protobufjs/utf8@https://registry.npmjs.org/@protobufjs/utf8/-/utf8-1.1.1.tgz 0ms (cache hit)
555 http cache @protobufjs/pool@https://registry.npmjs.org/@protobufjs/pool/-/pool-1.1.0.tgz 0ms (cache hit)
556 http cache @protobufjs/path@https://registry.npmjs.org/@protobufjs/path/-/path-1.1.2.tgz 1ms (cache hit)
557 http cache @protobufjs/inquire@https://registry.npmjs.org/@protobufjs/inquire/-/inquire-1.1.2.tgz 0ms (cache hit)
558 http cache @protobufjs/float@https://registry.npmjs.org/@protobufjs/float/-/float-1.0.2.tgz 0ms (cache hit)
559 http cache @protobufjs/fetch@https://registry.npmjs.org/@protobufjs/fetch/-/fetch-1.1.1.tgz 1ms (cache hit)
560 http cache @protobufjs/eventemitter@https://registry.npmjs.org/@protobufjs/eventemitter/-/eventemitter-1.1.1.tgz 0ms (cache hit)
561 http cache @protobufjs/codegen@https://registry.npmjs.org/@protobufjs/codegen/-/codegen-2.0.5.tgz 0ms (cache hit)
562 http cache @protobufjs/base64@https://registry.npmjs.org/@protobufjs/base64/-/base64-1.1.2.tgz 0ms (cache hit)
563 http cache @protobufjs/aspromise@https://registry.npmjs.org/@protobufjs/aspromise/-/aspromise-1.1.2.tgz 0ms (cache hit)
564 http cache split2@https://registry.npmjs.org/split2/-/split2-4.2.0.tgz 0ms (cache hit)
565 http cache thread-stream@https://registry.npmjs.org/thread-stream/-/thread-stream-4.2.0.tgz 0ms (cache hit)
566 http cache sonic-boom@https://registry.npmjs.org/sonic-boom/-/sonic-boom-4.2.1.tgz 1ms (cache hit)
567 http cache safe-stable-stringify@https://registry.npmjs.org/safe-stable-stringify/-/safe-stable-stringify-2.5.0.tgz 1ms (cache hit)
568 http cache real-require@https://registry.npmjs.org/real-require/-/real-require-0.2.0.tgz 0ms (cache hit)
569 http cache quick-format-unescaped@https://registry.npmjs.org/quick-format-unescaped/-/quick-format-unescaped-4.0.4.tgz 0ms (cache hit)
570 http cache process-warning@https://registry.npmjs.org/process-warning/-/process-warning-5.0.0.tgz 0ms (cache hit)
571 http cache pino-std-serializers@https://registry.npmjs.org/pino-std-serializers/-/pino-std-serializers-7.1.0.tgz 0ms (cache hit)
572 http cache atomic-sleep@https://registry.npmjs.org/atomic-sleep/-/atomic-sleep-1.0.0.tgz 0ms (cache hit)
573 http cache @pinojs/redact@https://registry.npmjs.org/@pinojs/redact/-/redact-0.4.0.tgz 0ms (cache hit)
574 http cache p-timeout@https://registry.npmjs.org/p-timeout/-/p-timeout-7.0.1.tgz 0ms (cache hit)
575 http cache eventemitter3@https://registry.npmjs.org/eventemitter3/-/eventemitter3-5.0.4.tgz 0ms (cache hit)
576 http cache @tokenizer/inflate@https://registry.npmjs.org/@tokenizer/inflate/-/inflate-0.4.1.tgz 0ms (cache hit)
577 http cache ms@https://registry.npmjs.org/ms/-/ms-2.1.3.tgz 0ms (cache hit)
578 http cache uint8array-extras@https://registry.npmjs.org/uint8array-extras/-/uint8array-extras-1.5.0.tgz 0ms (cache hit)
579 http cache pino-abstract-transport@https://registry.npmjs.org/pino-abstract-transport/-/pino-abstract-transport-3.0.0.tgz 0ms (cache hit)
580 http cache win-guid@https://registry.npmjs.org/win-guid/-/win-guid-0.2.1.tgz 0ms (cache hit)
581 http cache token-types@https://registry.npmjs.org/token-types/-/token-types-6.1.2.tgz 0ms (cache hit)
582 http cache media-typer@https://registry.npmjs.org/media-typer/-/media-typer-1.1.0.tgz 0ms (cache hit)
583 http cache strtok3@https://registry.npmjs.org/strtok3/-/strtok3-10.3.5.tgz 0ms (cache hit)
584 http cache file-type@https://registry.npmjs.org/file-type/-/file-type-21.3.4.tgz 1ms (cache hit)
585 http cache debug@https://registry.npmjs.org/debug/-/debug-4.4.3.tgz 0ms (cache hit)
586 http cache content-type@https://registry.npmjs.org/content-type/-/content-type-1.0.5.tgz 1ms (cache hit)
587 http cache @tokenizer/token@https://registry.npmjs.org/@tokenizer/token/-/token-0.3.0.tgz 0ms (cache hit)
588 http cache curve25519-js@https://registry.npmjs.org/curve25519-js/-/curve25519-js-0.0.4.tgz 0ms (cache hit)
589 http cache @keyv/serialize@https://registry.npmjs.org/@keyv/serialize/-/serialize-1.1.1.tgz 0ms (cache hit)
590 http cache hashery@https://registry.npmjs.org/hashery/-/hashery-1.5.1.tgz 0ms (cache hit)
591 http cache @borewit/text-codec@https://registry.npmjs.org/@borewit/text-codec/-/text-codec-0.2.2.tgz 0ms (cache hit)
592 http cache @keyv/bigmap@https://registry.npmjs.org/@keyv/bigmap/-/bigmap-1.3.1.tgz 0ms (cache hit)
593 http cache on-exit-leak-free@https://registry.npmjs.org/on-exit-leak-free/-/on-exit-leak-free-2.1.2.tgz 0ms (cache hit)
594 http cache qified@https://registry.npmjs.org/qified/-/qified-0.10.1.tgz 0ms (cache hit)
595 http cache @cacheable/utils@https://registry.npmjs.org/@cacheable/utils/-/utils-2.4.1.tgz 0ms (cache hit)
596 http cache @cacheable/memory@https://registry.npmjs.org/@cacheable/memory/-/memory-2.0.9.tgz 0ms (cache hit)
597 http cache tslib@https://registry.npmjs.org/tslib/-/tslib-2.8.1.tgz 0ms (cache hit)
598 http cache @hapi/hoek@https://registry.npmjs.org/@hapi/hoek/-/hoek-9.3.0.tgz 0ms (cache hit)
599 http cache cacheable@https://registry.npmjs.org/cacheable/-/cacheable-2.3.5.tgz 1ms (cache hit)
600 http cache keyv@https://registry.npmjs.org/keyv/-/keyv-5.6.0.tgz 0ms (cache hit)
601 http cache whatsapp-rust-bridge@https://registry.npmjs.org/whatsapp-rust-bridge/-/whatsapp-rust-bridge-0.5.4.tgz 0ms (cache hit)
602 http cache protobufjs@https://registry.npmjs.org/protobufjs/-/protobufjs-7.6.1.tgz 0ms (cache hit)
603 http cache p-queue@https://registry.npmjs.org/p-queue/-/p-queue-9.3.0.tgz 1ms (cache hit)
604 http cache music-metadata@https://registry.npmjs.org/music-metadata/-/music-metadata-11.12.3.tgz 0ms (cache hit)
605 http cache lru-cache@https://registry.npmjs.org/lru-cache/-/lru-cache-11.5.1.tgz 0ms (cache hit)
606 http cache libsignal@https://registry.npmjs.org/libsignal/-/libsignal-6.0.0.tgz 0ms (cache hit)
607 http cache async-mutex@https://registry.npmjs.org/async-mutex/-/async-mutex-0.5.0.tgz 0ms (cache hit)
608 http cache @hapi/boom@https://registry.npmjs.org/@hapi/boom/-/boom-9.1.4.tgz 0ms (cache hit)
609 http cache @cacheable/node-cache@https://registry.npmjs.org/@cacheable/node-cache/-/node-cache-1.7.6.tgz 1ms (cache hit)
610 http cache pino@https://registry.npmjs.org/pino/-/pino-10.3.1.tgz 0ms (cache hit)
611 http cache sharp@https://registry.npmjs.org/sharp/-/sharp-0.34.5.tgz 0ms (cache hit)
612 http cache @whiskeysockets/baileys@https://registry.npmjs.org/@whiskeysockets/baileys/-/baileys-7.0.0-rc13.tgz 0ms (cache hit)
613 http cache real-require@https://registry.npmjs.org/real-require/-/real-require-1.0.0.tgz 0ms (cache hit)
614 http cache hookified@https://registry.npmjs.org/hookified/-/hookified-2.2.0.tgz 0ms (cache hit)
615 http cache thread-stream@https://registry.npmjs.org/thread-stream/-/thread-stream-3.1.0.tgz 0ms (cache hit)
616 http cache pino-abstract-transport@https://registry.npmjs.org/pino-abstract-transport/-/pino-abstract-transport-2.0.0.tgz 0ms (cache hit)
617 http cache pino@https://registry.npmjs.org/pino/-/pino-9.14.0.tgz 0ms (cache hit)
618 http cache hookified@https://registry.npmjs.org/hookified/-/hookified-1.15.1.tgz 0ms (cache hit)
619 http cache ws@https://registry.npmjs.org/ws/-/ws-8.21.0.tgz 0ms (cache hit)
620 silly tarball no local data for detect-libc@https://registry.npmjs.org/detect-libc/-/detect-libc-2.1.2.tgz. Extracting by manifest.
621 silly tarball no local data for semver@https://registry.npmjs.org/semver/-/semver-7.8.1.tgz. Extracting by manifest.
622 silly tarball no local data for @img/colour@https://registry.npmjs.org/@img/colour/-/colour-1.1.0.tgz. Extracting by manifest.
623 silly tarball no local data for ieee754@https://registry.npmjs.org/ieee754/-/ieee754-1.2.1.tgz. Extracting by manifest.
624 silly tarball no local data for undici-types@https://registry.npmjs.org/undici-types/-/undici-types-7.24.6.tgz. Extracting by manifest.
625 silly tarball no local data for long@https://registry.npmjs.org/long/-/long-5.3.2.tgz. Extracting by manifest.
626 silly tarball no local data for @types/node@https://registry.npmjs.org/@types/node/-/node-25.9.1.tgz. Extracting by manifest.
627 silly tarball no local data for @protobufjs/utf8@https://registry.npmjs.org/@protobufjs/utf8/-/utf8-1.1.1.tgz. Extracting by manifest.
628 silly tarball no local data for @protobufjs/pool@https://registry.npmjs.org/@protobufjs/pool/-/pool-1.1.0.tgz. Extracting by manifest.
629 silly tarball no local data for @protobufjs/path@https://registry.npmjs.org/@protobufjs/path/-/path-1.1.2.tgz. Extracting by manifest.
630 silly tarball no local data for @protobufjs/inquire@https://registry.npmjs.org/@protobufjs/inquire/-/inquire-1.1.2.tgz. Extracting by manifest.
631 silly tarball no local data for @protobufjs/float@https://registry.npmjs.org/@protobufjs/float/-/float-1.0.2.tgz. Extracting by manifest.
632 silly tarball no local data for @protobufjs/fetch@https://registry.npmjs.org/@protobufjs/fetch/-/fetch-1.1.1.tgz. Extracting by manifest.
633 silly tarball no local data for @protobufjs/eventemitter@https://registry.npmjs.org/@protobufjs/eventemitter/-/eventemitter-1.1.1.tgz. Extracting by manifest.
634 silly tarball no local data for @protobufjs/codegen@https://registry.npmjs.org/@protobufjs/codegen/-/codegen-2.0.5.tgz. Extracting by manifest.
635 silly tarball no local data for @protobufjs/base64@https://registry.npmjs.org/@protobufjs/base64/-/base64-1.1.2.tgz. Extracting by manifest.
636 silly tarball no local data for @protobufjs/aspromise@https://registry.npmjs.org/@protobufjs/aspromise/-/aspromise-1.1.2.tgz. Extracting by manifest.
637 silly tarball no local data for split2@https://registry.npmjs.org/split2/-/split2-4.2.0.tgz. Extracting by manifest.
638 silly tarball no local data for thread-stream@https://registry.npmjs.org/thread-stream/-/thread-stream-4.2.0.tgz. Extracting by manifest.
639 silly tarball no local data for sonic-boom@https://registry.npmjs.org/sonic-boom/-/sonic-boom-4.2.1.tgz. Extracting by manifest.
640 silly tarball no local data for safe-stable-stringify@https://registry.npmjs.org/safe-stable-stringify/-/safe-stable-stringify-2.5.0.tgz. Extracting by manifest.
641 silly tarball no local data for real-require@https://registry.npmjs.org/real-require/-/real-require-0.2.0.tgz. Extracting by manifest.
642 silly tarball no local data for quick-format-unescaped@https://registry.npmjs.org/quick-format-unescaped/-/quick-format-unescaped-4.0.4.tgz. Extracting by manifest.
643 silly tarball no local data for process-warning@https://registry.npmjs.org/process-warning/-/process-warning-5.0.0.tgz. Extracting by manifest.
644 silly tarball no local data for pino-std-serializers@https://registry.npmjs.org/pino-std-serializers/-/pino-std-serializers-7.1.0.tgz. Extracting by manifest.
645 silly tarball no local data for atomic-sleep@https://registry.npmjs.org/atomic-sleep/-/atomic-sleep-1.0.0.tgz. Extracting by manifest.
646 silly tarball no local data for @pinojs/redact@https://registry.npmjs.org/@pinojs/redact/-/redact-0.4.0.tgz. Extracting by manifest.
647 silly tarball no local data for p-timeout@https://registry.npmjs.org/p-timeout/-/p-timeout-7.0.1.tgz. Extracting by manifest.
648 silly tarball no local data for eventemitter3@https://registry.npmjs.org/eventemitter3/-/eventemitter3-5.0.4.tgz. Extracting by manifest.
649 silly tarball no local data for @tokenizer/inflate@https://registry.npmjs.org/@tokenizer/inflate/-/inflate-0.4.1.tgz. Extracting by manifest.
650 silly tarball no local data for ms@https://registry.npmjs.org/ms/-/ms-2.1.3.tgz. Extracting by manifest.
651 silly tarball no local data for uint8array-extras@https://registry.npmjs.org/uint8array-extras/-/uint8array-extras-1.5.0.tgz. Extracting by manifest.
652 silly tarball no local data for pino-abstract-transport@https://registry.npmjs.org/pino-abstract-transport/-/pino-abstract-transport-3.0.0.tgz. Extracting by manifest.
653 silly tarball no local data for win-guid@https://registry.npmjs.org/win-guid/-/win-guid-0.2.1.tgz. Extracting by manifest.
654 silly tarball no local data for token-types@https://registry.npmjs.org/token-types/-/token-types-6.1.2.tgz. Extracting by manifest.
655 silly tarball no local data for media-typer@https://registry.npmjs.org/media-typer/-/media-typer-1.1.0.tgz. Extracting by manifest.
656 silly tarball no local data for strtok3@https://registry.npmjs.org/strtok3/-/strtok3-10.3.5.tgz. Extracting by manifest.
657 silly tarball no local data for file-type@https://registry.npmjs.org/file-type/-/file-type-21.3.4.tgz. Extracting by manifest.
658 silly tarball no local data for debug@https://registry.npmjs.org/debug/-/debug-4.4.3.tgz. Extracting by manifest.
659 silly tarball no local data for content-type@https://registry.npmjs.org/content-type/-/content-type-1.0.5.tgz. Extracting by manifest.
660 silly tarball no local data for @tokenizer/token@https://registry.npmjs.org/@tokenizer/token/-/token-0.3.0.tgz. Extracting by manifest.
661 silly tarball no local data for curve25519-js@https://registry.npmjs.org/curve25519-js/-/curve25519-js-0.0.4.tgz. Extracting by manifest.
662 silly tarball no local data for @keyv/serialize@https://registry.npmjs.org/@keyv/serialize/-/serialize-1.1.1.tgz. Extracting by manifest.
663 silly tarball no local data for hashery@https://registry.npmjs.org/hashery/-/hashery-1.5.1.tgz. Extracting by manifest.
664 silly tarball no local data for @borewit/text-codec@https://registry.npmjs.org/@borewit/text-codec/-/text-codec-0.2.2.tgz. Extracting by manifest.
665 silly tarball no local data for @keyv/bigmap@https://registry.npmjs.org/@keyv/bigmap/-/bigmap-1.3.1.tgz. Extracting by manifest.
666 silly tarball no local data for on-exit-leak-free@https://registry.npmjs.org/on-exit-leak-free/-/on-exit-leak-free-2.1.2.tgz. Extracting by manifest.
667 silly tarball no local data for qified@https://registry.npmjs.org/qified/-/qified-0.10.1.tgz. Extracting by manifest.
668 silly tarball no local data for @cacheable/utils@https://registry.npmjs.org/@cacheable/utils/-/utils-2.4.1.tgz. Extracting by manifest.
669 silly tarball no local data for @cacheable/memory@https://registry.npmjs.org/@cacheable/memory/-/memory-2.0.9.tgz. Extracting by manifest.
670 silly tarball no local data for tslib@https://registry.npmjs.org/tslib/-/tslib-2.8.1.tgz. Extracting by manifest.
671 silly tarball no local data for @hapi/hoek@https://registry.npmjs.org/@hapi/hoek/-/hoek-9.3.0.tgz. Extracting by manifest.
672 silly tarball no local data for cacheable@https://registry.npmjs.org/cacheable/-/cacheable-2.3.5.tgz. Extracting by manifest.
673 silly tarball no local data for keyv@https://registry.npmjs.org/keyv/-/keyv-5.6.0.tgz. Extracting by manifest.
674 silly tarball no local data for whatsapp-rust-bridge@https://registry.npmjs.org/whatsapp-rust-bridge/-/whatsapp-rust-bridge-0.5.4.tgz. Extracting by manifest.
675 silly tarball no local data for protobufjs@https://registry.npmjs.org/protobufjs/-/protobufjs-7.6.1.tgz. Extracting by manifest.
676 silly tarball no local data for p-queue@https://registry.npmjs.org/p-queue/-/p-queue-9.3.0.tgz. Extracting by manifest.
677 silly tarball no local data for music-metadata@https://registry.npmjs.org/music-metadata/-/music-metadata-11.12.3.tgz. Extracting by manifest.
678 silly tarball no local data for lru-cache@https://registry.npmjs.org/lru-cache/-/lru-cache-11.5.1.tgz. Extracting by manifest.
679 silly tarball no local data for libsignal@https://registry.npmjs.org/libsignal/-/libsignal-6.0.0.tgz. Extracting by manifest.
680 silly tarball no local data for async-mutex@https://registry.npmjs.org/async-mutex/-/async-mutex-0.5.0.tgz. Extracting by manifest.
681 silly tarball no local data for @hapi/boom@https://registry.npmjs.org/@hapi/boom/-/boom-9.1.4.tgz. Extracting by manifest.
682 silly tarball no local data for @cacheable/node-cache@https://registry.npmjs.org/@cacheable/node-cache/-/node-cache-1.7.6.tgz. Extracting by manifest.
683 silly tarball no local data for pino@https://registry.npmjs.org/pino/-/pino-10.3.1.tgz. Extracting by manifest.
684 silly tarball no local data for sharp@https://registry.npmjs.org/sharp/-/sharp-0.34.5.tgz. Extracting by manifest.
685 silly tarball no local data for @whiskeysockets/baileys@https://registry.npmjs.org/@whiskeysockets/baileys/-/baileys-7.0.0-rc13.tgz. Extracting by manifest.
686 silly tarball no local data for real-require@https://registry.npmjs.org/real-require/-/real-require-1.0.0.tgz. Extracting by manifest.
687 silly tarball no local data for hookified@https://registry.npmjs.org/hookified/-/hookified-2.2.0.tgz. Extracting by manifest.
688 silly tarball no local data for thread-stream@https://registry.npmjs.org/thread-stream/-/thread-stream-3.1.0.tgz. Extracting by manifest.
689 silly tarball no local data for pino-abstract-transport@https://registry.npmjs.org/pino-abstract-transport/-/pino-abstract-transport-2.0.0.tgz. Extracting by manifest.
690 silly tarball no local data for pino@https://registry.npmjs.org/pino/-/pino-9.14.0.tgz. Extracting by manifest.
691 silly tarball no local data for hookified@https://registry.npmjs.org/hookified/-/hookified-1.15.1.tgz. Extracting by manifest.
692 silly tarball no local data for ws@https://registry.npmjs.org/ws/-/ws-8.21.0.tgz. Extracting by manifest.
693 http fetch POST 200 https://registry.npmjs.org/-/npm/v1/security/advisories/bulk 998ms
694 silly audit report {}
695 http fetch GET 200 https://registry.npmjs.org/detect-libc/-/detect-libc-2.1.2.tgz 1152ms (cache miss)
696 http fetch GET 200 https://registry.npmjs.org/ieee754/-/ieee754-1.2.1.tgz 1282ms (cache miss)
697 http fetch GET 200 https://registry.npmjs.org/@protobufjs/codegen/-/codegen-2.0.5.tgz 1505ms (cache miss)
698 http fetch GET 200 https://registry.npmjs.org/@protobufjs/base64/-/base64-1.1.2.tgz 1684ms (cache miss)
699 http fetch GET 200 https://registry.npmjs.org/@protobufjs/aspromise/-/aspromise-1.1.2.tgz 1685ms (cache miss)
700 http fetch GET 200 https://registry.npmjs.org/p-timeout/-/p-timeout-7.0.1.tgz 1650ms (cache miss)
701 http fetch GET 200 https://registry.npmjs.org/process-warning/-/process-warning-5.0.0.tgz 1744ms (cache miss)
702 http fetch GET 200 https://registry.npmjs.org/quick-format-unescaped/-/quick-format-unescaped-4.0.4.tgz 1751ms (cache miss)
703 http fetch GET 200 https://registry.npmjs.org/real-require/-/real-require-0.2.0.tgz 1798ms (cache miss)
704 http fetch GET 200 https://registry.npmjs.org/safe-stable-stringify/-/safe-stable-stringify-2.5.0.tgz 1805ms (cache miss)
705 http fetch GET 200 https://registry.npmjs.org/@img/colour/-/colour-1.1.0.tgz 1877ms (cache miss)
706 http fetch GET 200 https://registry.npmjs.org/pino-std-serializers/-/pino-std-serializers-7.1.0.tgz 1796ms (cache miss)
707 http fetch GET 200 https://registry.npmjs.org/split2/-/split2-4.2.0.tgz 1824ms (cache miss)
708 http fetch GET 200 https://registry.npmjs.org/atomic-sleep/-/atomic-sleep-1.0.0.tgz 1858ms (cache miss)
709 http fetch GET 200 https://registry.npmjs.org/uint8array-extras/-/uint8array-extras-1.5.0.tgz 1842ms (cache miss)
710 http fetch GET 200 https://registry.npmjs.org/@protobufjs/path/-/path-1.1.2.tgz 1980ms (cache miss)
711 http fetch GET 200 https://registry.npmjs.org/pino-abstract-transport/-/pino-abstract-transport-3.0.0.tgz 1899ms (cache miss)
712 http fetch GET 200 https://registry.npmjs.org/long/-/long-5.3.2.tgz 2047ms (cache miss)
713 http fetch GET 200 https://registry.npmjs.org/ms/-/ms-2.1.3.tgz 1961ms (cache miss)
714 http fetch GET 200 https://registry.npmjs.org/token-types/-/token-types-6.1.2.tgz 2054ms (cache miss)
715 http fetch GET 200 https://registry.npmjs.org/media-typer/-/media-typer-1.1.0.tgz 2057ms (cache miss)
716 http fetch GET 200 https://registry.npmjs.org/content-type/-/content-type-1.0.5.tgz 2087ms (cache miss)
717 http fetch GET 200 https://registry.npmjs.org/on-exit-leak-free/-/on-exit-leak-free-2.1.2.tgz 2072ms (cache miss)
718 http fetch GET 200 https://registry.npmjs.org/win-guid/-/win-guid-0.2.1.tgz 2173ms (cache miss)
719 http fetch GET 200 https://registry.npmjs.org/@protobufjs/pool/-/pool-1.1.0.tgz 2272ms (cache miss)
720 http fetch GET 200 https://registry.npmjs.org/@protobufjs/float/-/float-1.0.2.tgz 2296ms (cache miss)
721 http fetch GET 200 https://registry.npmjs.org/debug/-/debug-4.4.3.tgz 2226ms (cache miss)
722 http fetch GET 200 https://registry.npmjs.org/file-type/-/file-type-21.3.4.tgz 2258ms (cache miss)
723 http fetch GET 200 https://registry.npmjs.org/@protobufjs/fetch/-/fetch-1.1.1.tgz 2372ms (cache miss)
724 http fetch GET 200 https://registry.npmjs.org/@protobufjs/eventemitter/-/eventemitter-1.1.1.tgz 2373ms (cache miss)
725 http fetch GET 200 https://registry.npmjs.org/@keyv/serialize/-/serialize-1.1.1.tgz 2273ms (cache miss)
726 http fetch GET 200 https://registry.npmjs.org/@keyv/bigmap/-/bigmap-1.3.1.tgz 2277ms (cache miss)
727 http fetch GET 200 https://registry.npmjs.org/@borewit/text-codec/-/text-codec-0.2.2.tgz 2325ms (cache miss)
728 http fetch GET 200 https://registry.npmjs.org/@tokenizer/token/-/token-0.3.0.tgz 2342ms (cache miss)
729 http fetch GET 200 https://registry.npmjs.org/qified/-/qified-0.10.1.tgz 2332ms (cache miss)
730 http fetch GET 200 https://registry.npmjs.org/real-require/-/real-require-1.0.0.tgz 2288ms (cache miss)
731 http fetch GET 200 https://registry.npmjs.org/@protobufjs/inquire/-/inquire-1.1.2.tgz 2503ms (cache miss)
732 http fetch GET 200 https://registry.npmjs.org/curve25519-js/-/curve25519-js-0.0.4.tgz 2394ms (cache miss)
733 http fetch GET 200 https://registry.npmjs.org/pino-abstract-transport/-/pino-abstract-transport-2.0.0.tgz 2308ms (cache miss)
734 http fetch GET 200 https://registry.npmjs.org/cacheable/-/cacheable-2.3.5.tgz 2377ms (cache miss)
735 http fetch GET 200 https://registry.npmjs.org/@cacheable/memory/-/memory-2.0.9.tgz 2427ms (cache miss)
736 http fetch GET 200 https://registry.npmjs.org/@hapi/boom/-/boom-9.1.4.tgz 2458ms (cache miss)
737 http fetch GET 200 https://registry.npmjs.org/@tokenizer/inflate/-/inflate-0.4.1.tgz 2596ms (cache miss)
738 http fetch GET 200 https://registry.npmjs.org/@protobufjs/utf8/-/utf8-1.1.1.tgz 2698ms (cache miss)
739 http fetch GET 200 https://registry.npmjs.org/eventemitter3/-/eventemitter3-5.0.4.tgz 2624ms (cache miss)
740 http fetch GET 200 https://registry.npmjs.org/@cacheable/node-cache/-/node-cache-1.7.6.tgz 2525ms (cache miss)
741 http fetch GET 200 https://registry.npmjs.org/undici-types/-/undici-types-7.24.6.tgz 2792ms (cache miss)
742 http fetch GET 200 https://registry.npmjs.org/p-queue/-/p-queue-9.3.0.tgz 2649ms (cache miss)
743 http fetch GET 200 https://registry.npmjs.org/@cacheable/utils/-/utils-2.4.1.tgz 2785ms (cache miss)
744 http fetch GET 200 https://registry.npmjs.org/@pinojs/redact/-/redact-0.4.0.tgz 2872ms (cache miss)
745 http fetch GET 200 https://registry.npmjs.org/tslib/-/tslib-2.8.1.tgz 2791ms (cache miss)
746 http fetch GET 200 https://registry.npmjs.org/keyv/-/keyv-5.6.0.tgz 2805ms (cache miss)
747 http fetch GET 200 https://registry.npmjs.org/sonic-boom/-/sonic-boom-4.2.1.tgz 2959ms (cache miss)
748 http fetch GET 200 https://registry.npmjs.org/hashery/-/hashery-1.5.1.tgz 2997ms (cache miss)
749 http fetch GET 200 https://registry.npmjs.org/ws/-/ws-8.21.0.tgz 2922ms (cache miss)
750 http fetch GET 200 https://registry.npmjs.org/hookified/-/hookified-1.15.1.tgz 2959ms (cache miss)
751 http fetch GET 200 https://registry.npmjs.org/hookified/-/hookified-2.2.0.tgz 3019ms (cache miss)
752 http fetch GET 200 https://registry.npmjs.org/async-mutex/-/async-mutex-0.5.0.tgz 3118ms (cache miss)
753 http fetch GET 200 https://registry.npmjs.org/libsignal/-/libsignal-6.0.0.tgz 3150ms (cache miss)
754 http fetch GET 200 https://registry.npmjs.org/@hapi/hoek/-/hoek-9.3.0.tgz 3389ms (cache miss)
755 http fetch GET 200 https://registry.npmjs.org/semver/-/semver-7.8.1.tgz 3640ms (cache miss)
756 http fetch GET 200 https://registry.npmjs.org/strtok3/-/strtok3-10.3.5.tgz 3555ms (cache miss)
757 http fetch GET 200 https://registry.npmjs.org/sharp/-/sharp-0.34.5.tgz 3518ms (cache miss)
758 http fetch GET 200 https://registry.npmjs.org/whatsapp-rust-bridge/-/whatsapp-rust-bridge-0.5.4.tgz 3627ms (cache miss)
759 http fetch GET 200 https://registry.npmjs.org/thread-stream/-/thread-stream-4.2.0.tgz 3785ms (cache miss)
760 http fetch GET 200 https://registry.npmjs.org/thread-stream/-/thread-stream-3.1.0.tgz 3677ms (cache miss)
761 http fetch GET 200 https://registry.npmjs.org/@types/node/-/node-25.9.1.tgz 4440ms (cache miss)
762 http fetch GET 200 https://registry.npmjs.org/protobufjs/-/protobufjs-7.6.1.tgz 4665ms (cache miss)
763 http fetch GET 200 https://registry.npmjs.org/lru-cache/-/lru-cache-11.5.1.tgz 5183ms (cache miss)
764 http fetch GET 200 https://registry.npmjs.org/pino/-/pino-10.3.1.tgz 5410ms (cache miss)
765 http fetch GET 200 https://registry.npmjs.org/pino/-/pino-9.14.0.tgz 5430ms (cache miss)
766 http fetch GET 200 https://registry.npmjs.org/music-metadata/-/music-metadata-11.12.3.tgz 5543ms (cache miss)
767 http fetch GET 200 https://registry.npmjs.org/@whiskeysockets/baileys/-/baileys-7.0.0-rc13.tgz 6759ms (cache miss)
768 info run @whiskeysockets/baileys@7.0.0-rc13 preinstall node_modules/@whiskeysockets/baileys node ./engine-requirements.js
769 info run @whiskeysockets/baileys@7.0.0-rc13 preinstall { code: 0, signal: null }
770 info run sharp@0.34.5 install node_modules/sharp node install/check.js || npm run build
771 info run sharp@0.34.5 install { code: 0, signal: null }
772 info run protobufjs@7.6.1 postinstall node_modules/protobufjs node scripts/postinstall
773 info run protobufjs@7.6.1 postinstall { code: 0, signal: null }
774 silly ADD node_modules/ieee754
775 silly ADD node_modules/semver
776 silly ADD node_modules/detect-libc
777 silly ADD node_modules/@img/colour
778 silly ADD node_modules/undici-types
779 silly ADD node_modules/long
780 silly ADD node_modules/@types/node
781 silly ADD node_modules/@protobufjs/utf8
782 silly ADD node_modules/@protobufjs/pool
783 silly ADD node_modules/@protobufjs/path
784 silly ADD node_modules/@protobufjs/inquire
785 silly ADD node_modules/@protobufjs/float
786 silly ADD node_modules/@protobufjs/fetch
787 silly ADD node_modules/@protobufjs/eventemitter
788 silly ADD node_modules/@protobufjs/codegen
789 silly ADD node_modules/@protobufjs/base64
790 silly ADD node_modules/@protobufjs/aspromise
791 silly ADD node_modules/split2
792 silly ADD node_modules/thread-stream
793 silly ADD node_modules/thread-stream/node_modules/real-require
794 silly ADD node_modules/sonic-boom
795 silly ADD node_modules/safe-stable-stringify
796 silly ADD node_modules/real-require
797 silly ADD node_modules/quick-format-unescaped
798 silly ADD node_modules/process-warning
799 silly ADD node_modules/pino-std-serializers
800 silly ADD node_modules/pino-abstract-transport
801 silly ADD node_modules/on-exit-leak-free
802 silly ADD node_modules/atomic-sleep
803 silly ADD node_modules/@pinojs/redact
804 silly ADD node_modules/p-timeout
805 silly ADD node_modules/eventemitter3
806 silly ADD node_modules/@tokenizer/inflate
807 silly ADD node_modules/ms
808 silly ADD node_modules/win-guid
809 silly ADD node_modules/uint8array-extras
810 silly ADD node_modules/token-types
811 silly ADD node_modules/strtok3
812 silly ADD node_modules/media-typer
813 silly ADD node_modules/file-type
814 silly ADD node_modules/debug
815 silly ADD node_modules/content-type
816 silly ADD node_modules/@tokenizer/token
817 silly ADD node_modules/@borewit/text-codec
818 silly ADD node_modules/curve25519-js
819 silly ADD node_modules/@keyv/serialize
820 silly ADD node_modules/hashery
821 silly ADD node_modules/@keyv/bigmap
822 silly ADD node_modules/qified
823 silly ADD node_modules/qified/node_modules/hookified
824 silly ADD node_modules/@cacheable/utils
825 silly ADD node_modules/@cacheable/memory
826 silly ADD node_modules/tslib
827 silly ADD node_modules/@hapi/hoek
828 silly ADD node_modules/keyv
829 silly ADD node_modules/hookified
830 silly ADD node_modules/cacheable
831 silly ADD node_modules/ws
832 silly ADD node_modules/whatsapp-rust-bridge
833 silly ADD node_modules/protobufjs
834 silly ADD node_modules/p-queue
835 silly ADD node_modules/music-metadata
836 silly ADD node_modules/lru-cache
837 silly ADD node_modules/libsignal
838 silly ADD node_modules/async-mutex
839 silly ADD node_modules/@hapi/boom
840 silly ADD node_modules/@cacheable/node-cache
841 silly ADD node_modules/pino
842 silly ADD node_modules/sharp
843 silly ADD node_modules/@whiskeysockets/baileys
844 silly ADD node_modules/@whiskeysockets/baileys/node_modules/thread-stream
845 silly ADD node_modules/@whiskeysockets/baileys/node_modules/pino-abstract-transport
846 silly ADD node_modules/@whiskeysockets/baileys/node_modules/pino
847 warn allow-scripts 3 packages have install scripts not yet covered by allowScripts:
847 warn allow-scripts   @whiskeysockets/baileys@7.0.0-rc13 (preinstall: node ./engine-requirements.js)
847 warn allow-scripts   sharp@0.34.5 (install: node install/check.js || npm run build)
847 warn allow-scripts   protobufjs@7.6.1 (postinstall: node scripts/postinstall)
847 warn allow-scripts
847 warn allow-scripts Run `npm approve-scripts --allow-scripts-pending` to review, or `npm approve-scripts <pkg>` to allow.
848 verbose cwd /data/data/com.termux/files/home
849 verbose os Linux 4.14.186-g629cb8c46-dirty
850 verbose node v26.2.0
851 verbose npm  v11.16.0
852 verbose exit 0
853 info ok
