0 verbose cli /data/data/com.termux/files/usr/bin/node /data/data/com.termux/files/usr/bin/npm
1 info using npm@11.16.0
2 info using node@v26.2.0
3 silly config load:file:/data/data/com.termux/files/usr/lib/node_modules/npm/npmrc
4 silly config load:file:/data/data/com.termux/files/home/.npmrc
5 silly config load:file:/data/data/com.termux/files/usr/etc/npmrc
6 verbose title npm install ab-downloader
7 verbose argv "install" "ab-downloader"
8 verbose logfile logs-max:10 dir:/data/data/com.termux/files/home/.npm/_logs/2026-05-31T17_36_17_235Z-
9 verbose logfile /data/data/com.termux/files/home/.npm/_logs/2026-05-31T17_36_17_235Z-debug-0.log
10 silly logfile start cleaning logs, removing 1 files
11 silly logfile done cleaning log files
12 silly packumentCache heap:1082130432 maxSize:270532608 maxEntrySize:135266304
13 silly idealTree buildDeps
14 silly fetch manifest ab-downloader@*
15 silly packumentCache full:https://registry.npmjs.org/ab-downloader cache-miss
16 http fetch GET 200 https://registry.npmjs.org/ab-downloader 1270ms (cache miss)
17 silly packumentCache full:https://registry.npmjs.org/ab-downloader set size:undefined disposed:false
18 silly placeDep ROOT ab-downloader@1.0.2 OK for: home@1.0.0 want: *
19 silly fetch manifest axios@^1.4.0
20 silly packumentCache full:https://registry.npmjs.org/axios cache-miss
21 silly fetch manifest docdash@^2.0.2
22 silly packumentCache full:https://registry.npmjs.org/docdash cache-miss
23 http fetch GET 200 https://registry.npmjs.org/axios 371ms (cache revalidated)
24 silly packumentCache full:https://registry.npmjs.org/axios set size:820578 disposed:false
25 http fetch GET 200 https://registry.npmjs.org/docdash 514ms (cache miss)
26 silly packumentCache full:https://registry.npmjs.org/docdash set size:undefined disposed:false
27 silly placeDep ROOT axios@1.16.1 OK for: ab-downloader@1.0.2 want: ^1.4.0
28 silly placeDep ROOT docdash@2.0.2 OK for: ab-downloader@1.0.2 want: ^2.0.2
29 silly fetch manifest follow-redirects@^1.16.0
30 silly packumentCache full:https://registry.npmjs.org/follow-redirects cache-miss
31 silly fetch manifest form-data@^4.0.5
32 silly packumentCache full:https://registry.npmjs.org/form-data cache-miss
33 silly fetch manifest https-proxy-agent@^5.0.1
34 silly packumentCache full:https://registry.npmjs.org/https-proxy-agent cache-miss
35 silly fetch manifest proxy-from-env@^2.1.0
36 silly packumentCache full:https://registry.npmjs.org/proxy-from-env cache-miss
37 http fetch GET 200 https://registry.npmjs.org/proxy-from-env 175ms (cache miss)
38 silly packumentCache full:https://registry.npmjs.org/proxy-from-env set size:undefined disposed:false
39 http fetch GET 200 https://registry.npmjs.org/form-data 198ms (cache miss)
40 silly packumentCache full:https://registry.npmjs.org/form-data set size:undefined disposed:false
41 http fetch GET 200 https://registry.npmjs.org/https-proxy-agent 508ms (cache revalidated)
42 silly packumentCache full:https://registry.npmjs.org/https-proxy-agent set size:81258 disposed:false
43 http fetch GET 200 https://registry.npmjs.org/follow-redirects 552ms (cache revalidated)
44 silly packumentCache full:https://registry.npmjs.org/follow-redirects set size:188945 disposed:false
45 silly placeDep ROOT follow-redirects@1.16.0 OK for: axios@1.16.1 want: ^1.16.0
46 silly placeDep ROOT form-data@4.0.5 OK for: axios@1.16.1 want: ^4.0.5
47 silly placeDep ROOT https-proxy-agent@5.0.1 OK for: axios@1.16.1 want: ^5.0.1
48 silly placeDep ROOT proxy-from-env@2.1.0 OK for: axios@1.16.1 want: ^2.1.0
49 silly fetch manifest asynckit@^0.4.0
50 silly packumentCache full:https://registry.npmjs.org/asynckit cache-miss
51 silly fetch manifest combined-stream@^1.0.8
52 silly packumentCache full:https://registry.npmjs.org/combined-stream cache-miss
53 silly fetch manifest es-set-tostringtag@^2.1.0
54 silly packumentCache full:https://registry.npmjs.org/es-set-tostringtag cache-miss
55 silly fetch manifest mime-types@^2.1.12
56 silly packumentCache full:https://registry.npmjs.org/mime-types cache-miss
57 silly fetch manifest agent-base@6
58 silly packumentCache full:https://registry.npmjs.org/agent-base cache-miss
59 http fetch GET 200 https://registry.npmjs.org/asynckit 164ms (cache miss)
60 silly packumentCache full:https://registry.npmjs.org/asynckit set size:undefined disposed:false
61 http fetch GET 200 https://registry.npmjs.org/es-set-tostringtag 163ms (cache miss)
62 silly packumentCache full:https://registry.npmjs.org/es-set-tostringtag set size:undefined disposed:false
63 http fetch GET 200 https://registry.npmjs.org/combined-stream 179ms (cache miss)
64 silly packumentCache full:https://registry.npmjs.org/combined-stream set size:undefined disposed:false
65 http fetch GET 200 https://registry.npmjs.org/agent-base 217ms (cache revalidated)
66 silly packumentCache full:https://registry.npmjs.org/agent-base set size:72085 disposed:false
67 http fetch GET 200 https://registry.npmjs.org/mime-types 376ms (cache revalidated)
68 silly packumentCache full:https://registry.npmjs.org/mime-types set size:139110 disposed:false
69 silly placeDep ROOT asynckit@0.4.0 OK for: form-data@4.0.5 want: ^0.4.0
70 silly placeDep ROOT combined-stream@1.0.8 OK for: form-data@4.0.5 want: ^1.0.8
71 silly placeDep ROOT es-set-tostringtag@2.1.0 OK for: form-data@4.0.5 want: ^2.1.0
72 silly placeDep node_modules/form-data mime-types@2.1.35 OK for: form-data@4.0.5 want: ^2.1.12
73 silly fetch manifest delayed-stream@~1.0.0
74 silly packumentCache full:https://registry.npmjs.org/delayed-stream cache-miss
75 silly fetch manifest has-tostringtag@^1.0.2
76 silly packumentCache full:https://registry.npmjs.org/has-tostringtag cache-miss
77 silly fetch manifest mime-db@1.52.0
78 silly packumentCache full:https://registry.npmjs.org/mime-db cache-miss
79 http fetch GET 200 https://registry.npmjs.org/mime-db 94ms (cache revalidated)
80 silly packumentCache full:https://registry.npmjs.org/mime-db set size:164953 disposed:false
81 http fetch GET 200 https://registry.npmjs.org/delayed-stream 119ms (cache miss)
82 silly packumentCache full:https://registry.npmjs.org/delayed-stream set size:undefined disposed:false
83 http fetch GET 200 https://registry.npmjs.org/has-tostringtag 117ms (cache miss)
84 silly packumentCache full:https://registry.npmjs.org/has-tostringtag set size:undefined disposed:false
85 silly placeDep ROOT delayed-stream@1.0.0 OK for: combined-stream@1.0.8 want: ~1.0.0
86 silly placeDep ROOT has-tostringtag@1.0.2 OK for: es-set-tostringtag@2.1.0 want: ^1.0.2
87 silly placeDep ROOT agent-base@6.0.2 OK for: https-proxy-agent@5.0.1 want: 6
88 silly placeDep node_modules/form-data mime-db@1.52.0 OK for: mime-types@2.1.35 want: 1.52.0
89 silly reify moves {}
90 silly audit bulk request {
90 silly audit   '@babel/helper-string-parser': [ '7.29.7' ],
90 silly audit   '@babel/helper-validator-identifier': [ '7.29.7' ],
90 silly audit   '@babel/parser': [ '7.29.7' ],
90 silly audit   '@babel/types': [ '7.29.7' ],
90 silly audit   '@borewit/text-codec': [ '0.2.2' ],
90 silly audit   '@cacheable/memory': [ '2.0.9' ],
90 silly audit   '@cacheable/node-cache': [ '1.7.6' ],
90 silly audit   '@cacheable/utils': [ '2.4.1' ],
90 silly audit   '@cspotcode/source-map-support': [ '0.8.1' ],
90 silly audit   '@jridgewell/trace-mapping': [ '0.3.9', '0.3.31' ],
90 silly audit   '@emnapi/runtime': [ '1.10.0' ],
90 silly audit   '@esbuild/aix-ppc64': [ '0.28.0', '0.27.7' ],
90 silly audit   '@esbuild/android-arm': [ '0.28.0', '0.27.7' ],
90 silly audit   '@esbuild/android-arm64': [ '0.28.0', '0.27.7' ],
90 silly audit   '@esbuild/android-x64': [ '0.28.0', '0.27.7' ],
90 silly audit   '@esbuild/darwin-arm64': [ '0.28.0', '0.27.7' ],
90 silly audit   '@esbuild/darwin-x64': [ '0.28.0', '0.27.7' ],
90 silly audit   '@esbuild/freebsd-arm64': [ '0.28.0', '0.27.7' ],
90 silly audit   '@esbuild/freebsd-x64': [ '0.28.0', '0.27.7' ],
90 silly audit   '@esbuild/linux-arm': [ '0.28.0', '0.27.7' ],
90 silly audit   '@esbuild/linux-arm64': [ '0.28.0', '0.27.7' ],
90 silly audit   '@esbuild/linux-ia32': [ '0.28.0', '0.27.7' ],
90 silly audit   '@esbuild/linux-loong64': [ '0.28.0', '0.27.7' ],
90 silly audit   '@esbuild/linux-mips64el': [ '0.28.0', '0.27.7' ],
90 silly audit   '@esbuild/linux-ppc64': [ '0.28.0', '0.27.7' ],
90 silly audit   '@esbuild/linux-riscv64': [ '0.28.0', '0.27.7' ],
90 silly audit   '@esbuild/linux-s390x': [ '0.28.0', '0.27.7' ],
90 silly audit   '@esbuild/linux-x64': [ '0.28.0', '0.27.7' ],
90 silly audit   '@esbuild/netbsd-arm64': [ '0.28.0', '0.27.7' ],
90 silly audit   '@esbuild/netbsd-x64': [ '0.28.0', '0.27.7' ],
90 silly audit   '@esbuild/openbsd-arm64': [ '0.28.0', '0.27.7' ],
90 silly audit   '@esbuild/openbsd-x64': [ '0.28.0', '0.27.7' ],
90 silly audit   '@esbuild/openharmony-arm64': [ '0.28.0', '0.27.7' ],
90 silly audit   '@esbuild/sunos-x64': [ '0.28.0', '0.27.7' ],
90 silly audit   '@esbuild/win32-arm64': [ '0.28.0', '0.27.7' ],
90 silly audit   '@esbuild/win32-ia32': [ '0.28.0', '0.27.7' ],
90 silly audit   '@esbuild/win32-x64': [ '0.28.0', '0.27.7' ],
90 silly audit   '@hapi/boom': [ '9.1.4' ],
90 silly audit   '@hapi/hoek': [ '9.3.0' ],
90 silly audit   '@img/colour': [ '1.1.0' ],
90 silly audit   '@img/sharp-darwin-arm64': [ '0.34.5' ],
90 silly audit   '@img/sharp-darwin-x64': [ '0.34.5' ],
90 silly audit   '@img/sharp-libvips-darwin-arm64': [ '1.2.4' ],
90 silly audit   '@img/sharp-libvips-darwin-x64': [ '1.2.4' ],
90 silly audit   '@img/sharp-libvips-linux-arm': [ '1.2.4' ],
90 silly audit   '@img/sharp-libvips-linux-arm64': [ '1.2.4' ],
90 silly audit   '@img/sharp-libvips-linux-ppc64': [ '1.2.4' ],
90 silly audit   '@img/sharp-libvips-linux-riscv64': [ '1.2.4' ],
90 silly audit   '@img/sharp-libvips-linux-s390x': [ '1.2.4' ],
90 silly audit   '@img/sharp-libvips-linux-x64': [ '1.2.4' ],
90 silly audit   '@img/sharp-libvips-linuxmusl-arm64': [ '1.2.4' ],
90 silly audit   '@img/sharp-libvips-linuxmusl-x64': [ '1.2.4' ],
90 silly audit   '@img/sharp-linux-arm': [ '0.34.5' ],
90 silly audit   '@img/sharp-linux-arm64': [ '0.34.5' ],
90 silly audit   '@img/sharp-linux-ppc64': [ '0.34.5' ],
90 silly audit   '@img/sharp-linux-riscv64': [ '0.34.5' ],
90 silly audit   '@img/sharp-linux-s390x': [ '0.34.5' ],
90 silly audit   '@img/sharp-linux-x64': [ '0.34.5' ],
90 silly audit   '@img/sharp-linuxmusl-arm64': [ '0.34.5' ],
90 silly audit   '@img/sharp-linuxmusl-x64': [ '0.34.5' ],
90 silly audit   '@img/sharp-wasm32': [ '0.34.5' ],
90 silly audit   '@img/sharp-win32-arm64': [ '0.34.5' ],
90 silly audit   '@img/sharp-win32-ia32': [ '0.34.5' ],
90 silly audit   '@img/sharp-win32-x64': [ '0.34.5' ],
90 silly audit   '@jridgewell/gen-mapping': [ '0.3.13' ],
90 silly audit   '@jridgewell/resolve-uri': [ '3.1.2' ],
90 silly audit   '@jridgewell/source-map': [ '0.3.11' ],
90 silly audit   '@jridgewell/sourcemap-codec': [ '1.5.5' ],
90 silly audit   '@jsdoc/salty': [ '0.2.12' ],
90 silly audit   '@jsep-plugin/assignment': [ '1.3.0' ],
90 silly audit   '@jsep-plugin/regex': [ '1.0.4' ],
90 silly audit   '@keyv/bigmap': [ '1.3.1' ],
90 silly audit   '@keyv/serialize': [ '1.1.1' ],
90 silly audit   '@pinojs/redact': [ '0.4.0' ],
90 silly audit   '@protobufjs/aspromise': [ '1.1.2' ],
90 silly audit   '@protobufjs/base64': [ '1.1.2' ],
90 silly audit   '@protobufjs/codegen': [ '2.0.5' ],
90 silly audit   '@protobufjs/eventemitter': [ '1.1.1' ],
90 silly audit   '@protobufjs/fetch': [ '1.1.1' ],
90 silly audit   '@protobufjs/float': [ '1.0.2' ],
90 silly audit   '@protobufjs/inquire': [ '1.1.2' ],
90 silly audit   '@protobufjs/path': [ '1.1.2' ],
90 silly audit   '@protobufjs/pool': [ '1.1.0' ],
90 silly audit   '@protobufjs/utf8': [ '1.1.1' ],
90 silly audit   '@rollup/rollup-android-arm-eabi': [ '4.60.4' ],
90 silly audit   '@rollup/rollup-android-arm64': [ '4.60.4' ],
90 silly audit   '@rollup/rollup-darwin-arm64': [ '4.60.4' ],
90 silly audit   '@rollup/rollup-darwin-x64': [ '4.60.4' ],
90 silly audit   '@rollup/rollup-freebsd-arm64': [ '4.60.4' ],
90 silly audit   '@rollup/rollup-freebsd-x64': [ '4.60.4' ],
90 silly audit   '@rollup/rollup-linux-arm-gnueabihf': [ '4.60.4' ],
90 silly audit   '@rollup/rollup-linux-arm-musleabihf': [ '4.60.4' ],
90 silly audit   '@rollup/rollup-linux-arm64-gnu': [ '4.60.4' ],
90 silly audit   '@rollup/rollup-linux-arm64-musl': [ '4.60.4' ],
90 silly audit   '@rollup/rollup-linux-loong64-gnu': [ '4.60.4' ],
90 silly audit   '@rollup/rollup-linux-loong64-musl': [ '4.60.4' ],
90 silly audit   '@rollup/rollup-linux-ppc64-gnu': [ '4.60.4' ],
90 silly audit   '@rollup/rollup-linux-ppc64-musl': [ '4.60.4' ],
90 silly audit   '@rollup/rollup-linux-riscv64-gnu': [ '4.60.4' ],
90 silly audit   '@rollup/rollup-linux-riscv64-musl': [ '4.60.4' ],
90 silly audit   '@rollup/rollup-linux-s390x-gnu': [ '4.60.4' ],
90 silly audit   '@rollup/rollup-linux-x64-gnu': [ '4.60.4' ],
90 silly audit   '@rollup/rollup-linux-x64-musl': [ '4.60.4' ],
90 silly audit   '@rollup/rollup-openbsd-x64': [ '4.60.4' ],
90 silly audit   '@rollup/rollup-openharmony-arm64': [ '4.60.4' ],
90 silly audit   '@rollup/rollup-win32-arm64-msvc': [ '4.60.4' ],
90 silly audit   '@rollup/rollup-win32-ia32-msvc': [ '4.60.4' ],
90 silly audit   '@rollup/rollup-win32-x64-gnu': [ '4.60.4' ],
90 silly audit   '@rollup/rollup-win32-x64-msvc': [ '4.60.4' ],
90 silly audit   '@tokenizer/inflate': [ '0.4.1' ],
90 silly audit   '@tokenizer/token': [ '0.3.0' ],
90 silly audit   '@tsconfig/node10': [ '1.0.12' ],
90 silly audit   '@tsconfig/node12': [ '1.0.11' ],
90 silly audit   '@tsconfig/node14': [ '1.0.3' ],
90 silly audit   '@tsconfig/node16': [ '1.0.4' ],
90 silly audit   '@types/estree': [ '1.0.8' ],
90 silly audit   '@types/linkify-it': [ '5.0.0' ],
90 silly audit   '@types/markdown-it': [ '14.1.2' ],
90 silly audit   '@types/mdurl': [ '2.0.0' ],
90 silly audit   '@types/node': [ '25.9.1' ],
90 silly audit   '@whiskeysockets/baileys': [ '7.0.0-rc13' ],
90 silly audit   pino: [ '9.14.0', '10.3.1' ],
90 silly audit   'pino-abstract-transport': [ '2.0.0', '3.0.0' ],
90 silly audit   'thread-stream': [ '3.1.0', '4.2.0' ],
90 silly audit   accepts: [ '2.0.0' ],
90 silly audit   acorn: [ '8.16.0' ],
90 silly audit   'acorn-walk': [ '8.3.5' ],
90 silly audit   'ansi-regex': [ '3.0.1' ],
90 silly audit   'any-promise': [ '1.3.0' ],
90 silly audit   arg: [ '4.1.3' ],
90 silly audit   argparse: [ '2.0.1' ],
90 silly audit   'async-mutex': [ '0.5.0' ],
90 silly audit   'async.parallellimit': [ '0.5.2' ],
90 silly audit   'async.util.eachoflimit': [ '0.5.2' ],
90 silly audit   'async.util.isarray': [ '0.5.2' ],
90 silly audit   'async.util.isarraylike': [ '0.5.2' ],
90 silly audit   'async.util.keyiterator': [ '0.5.2' ],
90 silly audit   'async.util.keys': [ '0.5.2' ],
90 silly audit   'async.util.noop': [ '0.5.2' ],
90 silly audit   'async.util.once': [ '0.5.2' ],
90 silly audit   'async.util.onlyonce': [ '0.5.2' ],
90 silly audit   'async.util.parallel': [ '0.5.2' ],
90 silly audit   'async.util.restparam': [ '0.5.2' ],
90 silly audit   'atomic-sleep': [ '1.0.0' ],
90 silly audit   'balanced-match': [ '1.0.2' ],
90 silly audit   bluebird: [ '3.7.2' ],
90 silly audit   'body-parser': [ '2.2.2' ],
90 silly audit   'iconv-lite': [ '0.7.2', '0.6.3' ],
90 silly audit   boolbase: [ '1.0.0' ],
90 silly audit   boolstring: [ '2.0.1' ],
90 silly audit   'brace-expansion': [ '1.1.15' ],
90 silly audit   'btch-downloader': [ '6.0.32' ],
90 silly audit   'btch-http': [ '2.0.3' ],
90 silly audit   'buffer-from': [ '1.1.2' ],
90 silly audit   'bundle-require': [ '5.1.0' ],
90 silly audit   bytes: [ '3.1.2' ],
90 silly audit   cac: [ '6.7.14' ],
90 silly audit   cacheable: [ '2.3.5' ],
90 silly audit   'call-bind-apply-helpers': [ '1.0.2' ],
90 silly audit   'call-bound': [ '1.0.4' ],
90 silly audit   'camel-case': [ '4.1.2' ],
90 silly audit   catharsis: [ '0.9.0' ],
90 silly audit   cheerio: [ '1.2.0' ],
90 silly audit   'cheerio-select': [ '2.1.0' ],
90 silly audit   'dom-serializer': [ '2.0.0', '0.2.2' ],
90 silly audit   domelementtype: [ '2.3.0', '1.3.1' ],
90 silly audit   domhandler: [ '5.0.3', '2.4.2' ],
90 silly audit   domutils: [ '3.2.2', '1.7.0' ],
90 silly audit   entities: [ '4.5.0', '7.0.1', '2.2.0', '1.1.2', '6.0.1' ],
90 silly audit   htmlparser2: [ '10.1.0', '3.10.1' ],
90 silly audit   chokidar: [ '4.0.3' ],
90 silly audit   'clean-css': [ '5.3.3' ],
90 silly audit   'source-map': [ '0.6.1', '0.7.6' ],
90 silly audit   'clean-jsdoc-theme': [ '4.3.2' ],
90 silly audit   commander: [ '10.0.1', '9.5.0', '4.1.1', '2.20.3' ],
90 silly audit   'concat-map': [ '0.0.1' ],
90 silly audit   confbox: [ '0.1.8' ],
90 silly audit   consola: [ '3.4.2' ],
90 silly audit   'content-disposition': [ '1.1.0' ],
90 silly audit   'content-type': [ '1.0.5', '2.0.0' ],
90 silly audit   cookie: [ '0.7.2' ],
90 silly audit   'cookie-signature': [ '1.2.2' ],
90 silly audit   'create-require': [ '1.1.1' ],
90 silly audit   'css-select': [ '5.2.2' ],
90 silly audit   'css-what': [ '6.2.2' ],
90 silly audit   'curve25519-js': [ '0.0.4' ],
90 silly audit   dasu: [ '0.4.3' ],
90 silly audit   debug: [ '4.4.3' ],
90 silly audit   depd: [ '2.0.0' ],
90 silly audit   'detect-libc': [ '2.1.2' ],
90 silly audit   diff: [ '4.0.4' ],
90 silly audit   'dot-case': [ '3.0.4' ],
90 silly audit   dotenv: [ '17.4.2' ],
90 silly audit   'dunder-proto': [ '1.0.1' ],
90 silly audit   'ee-first': [ '1.1.1' ],
90 silly audit   encodeurl: [ '2.0.0' ],
90 silly audit   encoding: [ '0.1.13' ],
90 silly audit   'encoding-sniffer': [ '0.2.1' ],
90 silly audit   'es-define-property': [ '1.0.1' ],
90 silly audit   'es-errors': [ '1.3.0' ],
90 silly audit   'es-object-atoms': [ '1.1.2' ],
90 silly audit   esbuild: [ '0.28.0', '0.27.7' ],
90 silly audit   'escape-html': [ '1.0.3' ],
90 silly audit   'escape-string-regexp': [ '2.0.0' ],
90 silly audit   etag: [ '1.8.1' ],
90 silly audit   eventemitter3: [ '5.0.4' ],
90 silly audit   express: [ '5.2.1' ],
90 silly audit   fdir: [ '6.5.0' ],
90 silly audit   'file-type': [ '21.3.4' ],
90 silly audit   finalhandler: [ '2.1.1' ],
90 silly audit   'fix-dts-default-cjs-exports': [ '1.0.1' ],
90 silly audit   forwarded: [ '0.2.0' ],
90 silly audit   fresh: [ '2.0.0' ],
90 silly audit   'fs-extra': [ '10.1.0' ],
90 silly audit   fsevents: [ '2.3.3' ],
90 silly audit   'function-bind': [ '1.1.2' ],
90 silly audit   'get-intrinsic': [ '1.3.0' ],
90 silly audit   'get-proto': [ '1.0.1' ],
90 silly audit   gopd: [ '1.2.0' ],
90 silly audit   'graceful-fs': [ '4.2.11' ],
90 silly audit   'has-symbols': [ '1.1.0' ],
90 silly audit   hashery: [ '1.5.1' ],
90 silly audit   hasown: [ '2.0.4' ],
90 silly audit   he: [ '1.2.0' ],
90 silly audit   hookified: [ '1.15.1', '2.2.0' ],
90 silly audit   'html-minifier-terser': [ '7.2.0' ],
90 silly audit   'html-to-text': [ '5.1.1' ],
90 silly audit   'http-errors': [ '2.0.1' ],
90 silly audit   'human-time': [ '0.0.2' ],
90 silly audit   ieee754: [ '1.2.1' ],
90 silly audit   inherits: [ '2.0.4' ],
90 silly audit   install: [ '0.13.0' ],
90 silly audit   'ipaddr.js': [ '1.9.1' ],
90 silly audit   'is-fullwidth-code-point': [ '2.0.0' ],
90 silly audit   'is-plain-object': [ '2.0.4' ],
90 silly audit   'is-primitive': [ '3.0.1' ],
90 silly audit   'is-promise': [ '4.0.0' ],
90 silly audit   isobject: [ '3.0.1' ],
90 silly audit   joycon: [ '3.1.1' ],
90 silly audit   js2xmlparser: [ '4.0.2' ],
90 silly audit   jsdoc: [ '4.0.5' ],
90 silly audit   jsep: [ '1.4.0' ],
90 silly audit   jsonfile: [ '6.2.1' ],
90 silly audit   'jsonpath-plus': [ '10.3.0' ],
90 silly audit   keypress: [ '0.2.1' ],
90 silly audit   keyv: [ '5.6.0' ],
90 silly audit   klaw: [ '3.0.0' ],
90 silly audit   'klaw-sync': [ '6.0.0' ],
90 silly audit   libsignal: [ '6.0.0' ],
90 silly audit   lilconfig: [ '3.1.3' ],
90 silly audit   'lines-and-columns': [ '1.2.4' ],
90 silly audit   'linkify-it': [ '5.0.1' ],
90 silly audit   'load-tsconfig': [ '0.2.5' ],
90 silly audit   lodash: [ '4.18.1' ],
90 silly audit   long: [ '5.3.2' ],
90 silly audit   'lower-case': [ '2.0.2' ],
90 silly audit   'lru-cache': [ '11.5.1' ],
90 silly audit   'lyrics-finder': [ '21.7.0' ],
90 silly audit   'magic-string': [ '0.30.21' ],
90 silly audit   'make-error': [ '1.3.6' ],
90 silly audit   'markdown-it': [ '14.2.0' ],
90 silly audit   'markdown-it-anchor': [ '8.6.7' ],
90 silly audit   marked: [ '4.3.0' ],
90 silly audit   'math-intrinsics': [ '1.1.0' ],
90 silly audit   mdurl: [ '2.0.0' ],
90 silly audit   'media-typer': [ '1.1.0' ],
90 silly audit   'merge-descriptors': [ '2.0.0' ],
90 silly audit   'mime-db': [ '1.54.0', '1.52.0' ],
90 silly audit   'mime-types': [ '3.0.2', '2.1.35' ],
90 silly audit   'mimic-fn': [ '2.1.0' ],
90 silly audit   minimatch: [ '3.0.8' ],
90 silly audit   minimist: [ '1.2.8' ],
90 silly audit   mkdirp: [ '1.0.4' ],
90 silly audit   mlly: [ '1.8.2' ],
90 silly audit   ms: [ '2.1.3' ],
90 silly audit   'music-metadata': [ '11.12.3' ],
90 silly audit   mz: [ '2.7.0' ],
90 silly audit   negotiator: [ '1.0.0' ],
90 silly audit   'no-case': [ '3.0.4' ],
90 silly audit   'node-fetch': [ '2.7.0' ],
90 silly audit   'node-fzf': [ '0.14.0' ],
90 silly audit   'nth-check': [ '2.1.1' ],
90 silly audit   'object-assign': [ '4.1.1' ],
90 silly audit   'object-inspect': [ '1.13.4' ],
90 silly audit   'on-exit-leak-free': [ '2.1.2' ],
90 silly audit   'on-finished': [ '2.4.1' ],
90 silly audit   once: [ '1.4.0' ],
90 silly audit   onetime: [ '5.1.2' ],
90 silly audit   'p-queue': [ '9.3.0' ],
90 silly audit   'p-timeout': [ '7.0.1' ],
90 silly audit   'param-case': [ '3.0.4' ],
90 silly audit   parse5: [ '7.3.0' ],
90 silly audit   'parse5-htmlparser2-tree-adapter': [ '7.1.0' ],
90 silly audit   'parse5-parser-stream': [ '7.1.2' ],
90 silly audit   parseurl: [ '1.3.3' ],
90 silly audit   'pascal-case': [ '3.1.2' ],
90 silly audit   'path-to-regexp': [ '8.4.2' ],
90 silly audit   pathe: [ '2.0.3' ],
90 silly audit   picocolors: [ '1.1.1' ],
90 silly audit   picomatch: [ '4.0.4' ],
90 silly audit   'pino-std-serializers': [ '7.1.0' ],
90 silly audit   pirates: [ '4.0.7' ],
90 silly audit   'pkg-types': [ '1.3.1' ],
90 silly audit   'play-audio': [ '0.5.2' ],
90 silly audit   'play-dl': [ '1.9.7' ],
90 silly audit   'postcss-load-config': [ '6.0.1' ],
90 silly audit   'process-warning': [ '5.0.0' ],
90 silly audit   protobufjs: [ '7.6.1' ],
90 silly audit   'proxy-addr': [ '2.0.7' ],
90 silly audit   'punycode.js': [ '2.3.1' ],
90 silly audit   qified: [ '0.10.1' ],
90 silly audit   qs: [ '6.15.2' ],
90 silly audit   'quick-format-unescaped': [ '4.0.4' ],
90 silly audit   'range-parser': [ '1.2.1' ],
90 silly audit   'raw-body': [ '3.0.2' ],
90 silly audit   'readable-stream': [ '3.6.2' ],
90 silly audit   readdirp: [ '4.1.2' ],
90 silly audit   'real-require': [ '0.2.0', '1.0.0' ],
90 silly audit   redstar: [ '0.0.2' ],
90 silly audit   relateurl: [ '0.2.7' ],
90 silly audit   requizzle: [ '0.2.4' ],
90 silly audit   'resolve-from': [ '5.0.0' ],
90 silly audit   'restore-cursor': [ '3.1.0' ],
90 silly audit   rollup: [ '4.60.4' ],
90 silly audit   router: [ '2.2.0' ],
90 silly audit   'safe-buffer': [ '5.2.1' ],
90 silly audit   'safe-stable-stringify': [ '2.5.0' ],
90 silly audit   'safer-buffer': [ '2.1.2' ],
90 silly audit   semver: [ '7.8.1' ],
90 silly audit   send: [ '1.2.1' ],
90 silly audit   'serve-static': [ '2.2.1' ],
90 silly audit   'set-value': [ '4.1.0' ],
90 silly audit   setprototypeof: [ '1.2.0' ],
90 silly audit   sharp: [ '0.34.5' ],
90 silly audit   showdown: [ '2.1.0' ],
90 silly audit   'side-channel': [ '1.1.0' ],
90 silly audit   'side-channel-list': [ '1.0.1' ],
90 silly audit   'side-channel-map': [ '1.0.1' ],
90 silly audit   'side-channel-weakmap': [ '1.0.2' ],
90 silly audit   'signal-exit': [ '3.0.7' ],
90 silly audit   'sonic-boom': [ '4.2.1' ],
90 silly audit   'source-map-support': [ '0.5.21' ],
90 silly audit   split2: [ '4.2.0' ],
90 silly audit   statuses: [ '2.0.2' ],
90 silly audit   string_decoder: [ '1.3.0' ],
90 silly audit   'string-width': [ '2.1.1' ],
90 silly audit   'strip-ansi': [ '4.0.0' ],
90 silly audit   'strip-json-comments': [ '3.1.1' ],
90 silly audit   strtok3: [ '10.3.5' ],
90 silly audit   sucrase: [ '3.35.1' ],
90 silly audit   terser: [ '5.48.0' ],
90 silly audit   thenify: [ '3.3.1' ],
90 silly audit   'thenify-all': [ '1.6.0' ],
90 silly audit   tinyexec: [ '0.3.2' ],
90 silly audit   tinyglobby: [ '0.2.17' ],
90 silly audit   toidentifier: [ '1.0.1' ],
90 silly audit   'token-types': [ '6.1.2' ],
90 silly audit   tr46: [ '0.0.3' ],
90 silly audit   'tree-kill': [ '1.2.2' ],
90 silly audit   'ts-interface-checker': [ '0.1.13' ],
90 silly audit   'ts-node': [ '10.9.2' ],
90 silly audit   tslib: [ '2.8.1' ],
90 silly audit   tsup: [ '8.5.1' ],
90 silly audit   ttys: [ '0.0.3' ],
90 silly audit   'type-is': [ '2.1.0' ],
90 silly audit   typescript: [ '6.0.3' ],
90 silly audit   'uc.micro': [ '2.1.0' ],
90 silly audit   ufo: [ '1.6.4' ],
90 silly audit   'uint8array-extras': [ '1.5.0' ],
90 silly audit   underscore: [ '1.13.8' ],
90 silly audit   undici: [ '7.26.0' ],
90 silly audit   'undici-types': [ '7.24.6' ],
90 silly audit   universalify: [ '2.0.1' ],
90 silly audit   unpipe: [ '1.0.0' ],
90 silly audit   'util-deprecate': [ '1.0.2' ],
90 silly audit   'v8-compile-cache-lib': [ '3.0.1' ],
90 silly audit   vary: [ '1.1.2' ],
90 silly audit   'webidl-conversions': [ '3.0.1' ],
90 silly audit   'whatsapp-rust-bridge': [ '0.5.4' ],
90 silly audit   'whatwg-encoding': [ '3.1.1' ],
90 silly audit   'whatwg-mimetype': [ '4.0.0' ],
90 silly audit   'whatwg-url': [ '5.0.0' ],
90 silly audit   'win-guid': [ '0.2.1' ],
90 silly audit   wrappy: [ '1.0.2' ],
90 silly audit   ws: [ '8.21.0' ],
90 silly audit   xmlcreate: [ '2.0.4' ],
90 silly audit   yn: [ '3.1.1' ],
90 silly audit   'yt-search': [ '2.13.1' ],
90 silly audit   'ab-downloader': [ '1.0.2' ],
90 silly audit   axios: [ '1.16.1' ],
90 silly audit   docdash: [ '2.0.2' ],
90 silly audit   'follow-redirects': [ '1.16.0' ],
90 silly audit   'form-data': [ '4.0.5' ],
90 silly audit   'https-proxy-agent': [ '5.0.1' ],
90 silly audit   'proxy-from-env': [ '2.1.0' ],
90 silly audit   asynckit: [ '0.4.0' ],
90 silly audit   'combined-stream': [ '1.0.8' ],
90 silly audit   'es-set-tostringtag': [ '2.1.0' ],
90 silly audit   'delayed-stream': [ '1.0.0' ],
90 silly audit   'has-tostringtag': [ '1.0.2' ],
90 silly audit   'agent-base': [ '6.0.2' ]
90 silly audit }
91 http cache agent-base@https://registry.npmjs.org/agent-base/-/agent-base-6.0.2.tgz 0ms (cache hit)
92 http cache has-tostringtag@https://registry.npmjs.org/has-tostringtag/-/has-tostringtag-1.0.2.tgz 1ms (cache hit)
93 http cache delayed-stream@https://registry.npmjs.org/delayed-stream/-/delayed-stream-1.0.0.tgz 0ms (cache hit)
94 http cache es-set-tostringtag@https://registry.npmjs.org/es-set-tostringtag/-/es-set-tostringtag-2.1.0.tgz 0ms (cache hit)
95 http cache combined-stream@https://registry.npmjs.org/combined-stream/-/combined-stream-1.0.8.tgz 0ms (cache hit)
96 http cache asynckit@https://registry.npmjs.org/asynckit/-/asynckit-0.4.0.tgz 0ms (cache hit)
97 http cache proxy-from-env@https://registry.npmjs.org/proxy-from-env/-/proxy-from-env-2.1.0.tgz 0ms (cache hit)
98 http cache https-proxy-agent@https://registry.npmjs.org/https-proxy-agent/-/https-proxy-agent-5.0.1.tgz 0ms (cache hit)
99 http cache form-data@https://registry.npmjs.org/form-data/-/form-data-4.0.5.tgz 0ms (cache hit)
100 http cache follow-redirects@https://registry.npmjs.org/follow-redirects/-/follow-redirects-1.16.0.tgz 0ms (cache hit)
101 http cache docdash@https://registry.npmjs.org/docdash/-/docdash-2.0.2.tgz 0ms (cache hit)
102 http cache axios@https://registry.npmjs.org/axios/-/axios-1.16.1.tgz 0ms (cache hit)
103 http cache ab-downloader@https://registry.npmjs.org/ab-downloader/-/ab-downloader-1.0.2.tgz 0ms (cache hit)
104 http cache mime-db@https://registry.npmjs.org/mime-db/-/mime-db-1.52.0.tgz 0ms (cache hit)
105 http cache mime-types@https://registry.npmjs.org/mime-types/-/mime-types-2.1.35.tgz 0ms (cache hit)
106 silly tarball no local data for agent-base@https://registry.npmjs.org/agent-base/-/agent-base-6.0.2.tgz. Extracting by manifest.
107 silly tarball no local data for has-tostringtag@https://registry.npmjs.org/has-tostringtag/-/has-tostringtag-1.0.2.tgz. Extracting by manifest.
108 silly tarball no local data for delayed-stream@https://registry.npmjs.org/delayed-stream/-/delayed-stream-1.0.0.tgz. Extracting by manifest.
109 silly tarball no local data for es-set-tostringtag@https://registry.npmjs.org/es-set-tostringtag/-/es-set-tostringtag-2.1.0.tgz. Extracting by manifest.
110 silly tarball no local data for combined-stream@https://registry.npmjs.org/combined-stream/-/combined-stream-1.0.8.tgz. Extracting by manifest.
111 silly tarball no local data for asynckit@https://registry.npmjs.org/asynckit/-/asynckit-0.4.0.tgz. Extracting by manifest.
112 silly tarball no local data for proxy-from-env@https://registry.npmjs.org/proxy-from-env/-/proxy-from-env-2.1.0.tgz. Extracting by manifest.
113 silly tarball no local data for https-proxy-agent@https://registry.npmjs.org/https-proxy-agent/-/https-proxy-agent-5.0.1.tgz. Extracting by manifest.
114 silly tarball no local data for form-data@https://registry.npmjs.org/form-data/-/form-data-4.0.5.tgz. Extracting by manifest.
115 silly tarball no local data for docdash@https://registry.npmjs.org/docdash/-/docdash-2.0.2.tgz. Extracting by manifest.
116 silly tarball no local data for axios@https://registry.npmjs.org/axios/-/axios-1.16.1.tgz. Extracting by manifest.
117 silly tarball no local data for ab-downloader@https://registry.npmjs.org/ab-downloader/-/ab-downloader-1.0.2.tgz. Extracting by manifest.
118 silly tarball no local data for mime-db@https://registry.npmjs.org/mime-db/-/mime-db-1.52.0.tgz. Extracting by manifest.
119 silly tarball no local data for mime-types@https://registry.npmjs.org/mime-types/-/mime-types-2.1.35.tgz. Extracting by manifest.
120 http fetch POST 200 https://registry.npmjs.org/-/npm/v1/security/advisories/bulk 494ms
121 silly audit report {
121 silly audit report   minimatch: [
121 silly audit report     {
121 silly audit report       id: 1113459,
121 silly audit report       url: 'https://github.com/advisories/GHSA-3ppc-4f35-3m26',
121 silly audit report       title: 'minimatch has a ReDoS via repeated wildcards with non-matching literal in pattern',
121 silly audit report       severity: 'high',
121 silly audit report       vulnerable_versions: '<3.1.3',
121 silly audit report       cwe: [Array],
121 silly audit report       cvss: [Object]
121 silly audit report     },
121 silly audit report     {
121 silly audit report       id: 1113538,
121 silly audit report       url: 'https://github.com/advisories/GHSA-7r86-cg39-jmmj',
121 silly audit report       title: 'minimatch has ReDoS: matchOne() combinatorial backtracking via multiple non-adjacent GLOBSTAR segments',
121 silly audit report       severity: 'high',
121 silly audit report       vulnerable_versions: '<3.1.3',
121 silly audit report       cwe: [Array],
121 silly audit report       cvss: [Object]
121 silly audit report     },
121 silly audit report     {
121 silly audit report       id: 1113546,
121 silly audit report       url: 'https://github.com/advisories/GHSA-23c5-xmqv-rm74',
121 silly audit report       title: 'minimatch ReDoS: nested *() extglobs generate catastrophically backtracking regular expressions',
121 silly audit report       severity: 'high',
121 silly audit report       vulnerable_versions: '<3.1.4',
121 silly audit report       cwe: [Array],
121 silly audit report       cvss: [Object]
121 silly audit report     }
121 silly audit report   ],
121 silly audit report   showdown: [
121 silly audit report     {
121 silly audit report       id: 1117038,
121 silly audit report       url: 'https://github.com/advisories/GHSA-rmmh-p597-ppvv',
121 silly audit report       title: 'Showdown vulnerable to Regular Expression Denial of Service (ReDoS) in link/anchor parsing',
121 silly audit report       severity: 'moderate',
121 silly audit report       vulnerable_versions: '<=2.1.0',
121 silly audit report       cwe: [Array],
121 silly audit report       cvss: [Object]
121 silly audit report     }
121 silly audit report   ]
121 silly audit report }
122 silly packumentCache corgi:https://registry.npmjs.org/minimatch cache-miss
123 silly packumentCache corgi:https://registry.npmjs.org/showdown cache-miss
124 http fetch GET 200 https://registry.npmjs.org/delayed-stream/-/delayed-stream-1.0.0.tgz 619ms (cache miss)
125 http fetch GET 200 https://registry.npmjs.org/proxy-from-env/-/proxy-from-env-2.1.0.tgz 702ms (cache miss)
126 http fetch GET 200 https://registry.npmjs.org/combined-stream/-/combined-stream-1.0.8.tgz 719ms (cache miss)
127 http fetch GET 200 https://registry.npmjs.org/ab-downloader/-/ab-downloader-1.0.2.tgz 696ms (cache miss)
128 http fetch GET 200 https://registry.npmjs.org/es-set-tostringtag/-/es-set-tostringtag-2.1.0.tgz 736ms (cache miss)
129 http fetch GET 200 https://registry.npmjs.org/mime-types/-/mime-types-2.1.35.tgz 708ms (cache miss)
130 http fetch GET 200 https://registry.npmjs.org/minimatch 374ms (cache revalidated)
131 silly packumentCache corgi:https://registry.npmjs.org/minimatch set size:168441 disposed:false
132 http fetch GET 200 https://registry.npmjs.org/has-tostringtag/-/has-tostringtag-1.0.2.tgz 818ms (cache miss)
133 http fetch GET 200 https://registry.npmjs.org/https-proxy-agent/-/https-proxy-agent-5.0.1.tgz 817ms (cache miss)
134 http fetch GET 200 https://registry.npmjs.org/mime-db/-/mime-db-1.52.0.tgz 805ms (cache miss)
135 http fetch GET 200 https://registry.npmjs.org/agent-base/-/agent-base-6.0.2.tgz 851ms (cache miss)
136 http fetch GET 200 https://registry.npmjs.org/form-data/-/form-data-4.0.5.tgz 831ms (cache miss)
137 http fetch GET 200 https://registry.npmjs.org/asynckit/-/asynckit-0.4.0.tgz 854ms (cache miss)
138 http fetch GET 200 https://registry.npmjs.org/showdown 581ms (cache revalidated)
139 silly packumentCache corgi:https://registry.npmjs.org/showdown set size:69295 disposed:false
140 silly packumentCache corgi:https://registry.npmjs.org/redstar cache-miss
141 http fetch GET 200 https://registry.npmjs.org/docdash/-/docdash-2.0.2.tgz 1168ms (cache miss)
142 http fetch GET 200 https://registry.npmjs.org/axios/-/axios-1.16.1.tgz 1253ms (cache miss)
143 http fetch GET 200 https://registry.npmjs.org/redstar 1344ms (cache revalidated)
144 silly packumentCache corgi:https://registry.npmjs.org/redstar set size:1262 disposed:false
145 silly packumentCache corgi:https://registry.npmjs.org/clean-jsdoc-theme cache-miss
146 http fetch GET 200 https://registry.npmjs.org/clean-jsdoc-theme 339ms (cache revalidated)
147 silly packumentCache corgi:https://registry.npmjs.org/clean-jsdoc-theme set size:163827 disposed:false
148 silly packumentCache corgi:https://registry.npmjs.org/node-fzf cache-miss
149 http fetch GET 200 https://registry.npmjs.org/node-fzf 461ms (cache revalidated)
150 silly packumentCache corgi:https://registry.npmjs.org/node-fzf set size:42290 disposed:false
151 silly packumentCache corgi:https://registry.npmjs.org/btch-downloader cache-miss
152 http fetch GET 200 https://registry.npmjs.org/btch-downloader 372ms (cache revalidated)
153 silly packumentCache corgi:https://registry.npmjs.org/btch-downloader set size:99129 disposed:false
154 silly packumentCache corgi:https://registry.npmjs.org/yt-search cache-miss
155 http fetch GET 200 https://registry.npmjs.org/yt-search 347ms (cache revalidated)
156 silly packumentCache corgi:https://registry.npmjs.org/yt-search set size:126336 disposed:false
157 silly ADD node_modules/agent-base
158 silly ADD node_modules/has-tostringtag
159 silly ADD node_modules/delayed-stream
160 silly ADD node_modules/es-set-tostringtag
161 silly ADD node_modules/combined-stream
162 silly ADD node_modules/asynckit
163 silly ADD node_modules/proxy-from-env
164 silly ADD node_modules/https-proxy-agent
165 silly ADD node_modules/form-data
166 silly ADD node_modules/form-data/node_modules/mime-db
167 silly ADD node_modules/form-data/node_modules/mime-types
168 silly ADD node_modules/follow-redirects
169 silly ADD node_modules/docdash
170 silly ADD node_modules/axios
171 silly ADD node_modules/ab-downloader
172 warn allow-scripts 6 packages have install scripts not yet covered by allowScripts:
172 warn allow-scripts   @whiskeysockets/baileys@7.0.0-rc13 (install: (install scripts present))
172 warn allow-scripts   btch-downloader@6.0.32 (install: (install scripts present))
172 warn allow-scripts   esbuild@0.28.0 (install: (install scripts present))
172 warn allow-scripts   protobufjs@7.6.1 (install: (install scripts present))
172 warn allow-scripts   sharp@0.34.5 (install: (install scripts present))
172 warn allow-scripts   esbuild@0.27.7 (install: (install scripts present))
172 warn allow-scripts
172 warn allow-scripts Run `npm approve-scripts --allow-scripts-pending` to review, or `npm approve-scripts <pkg>` to allow.
173 verbose cwd /data/data/com.termux/files/home
174 verbose os Linux 4.14.186-g629cb8c46-dirty
175 verbose node v26.2.0
176 verbose npm  v11.16.0
177 verbose exit 0
178 info ok
