0 verbose cli /data/data/com.termux/files/usr/bin/node /data/data/com.termux/files/usr/bin/npm
1 info using npm@11.16.0
2 info using node@v26.2.0
3 silly config load:file:/data/data/com.termux/files/usr/lib/node_modules/npm/npmrc
4 silly config load:file:/data/data/com.termux/files/home/.npmrc
5 silly config load:file:/data/data/com.termux/files/usr/etc/npmrc
6 verbose title npm install @distube/ytdl-core yt-search
7 verbose argv "install" "@distube/ytdl-core" "yt-search"
8 verbose logfile logs-max:10 dir:/data/data/com.termux/files/home/.npm/_logs/2026-05-31T16_40_53_227Z-
9 verbose logfile /data/data/com.termux/files/home/.npm/_logs/2026-05-31T16_40_53_227Z-debug-0.log
10 silly logfile start cleaning logs, removing 1 files
11 silly logfile done cleaning log files
12 silly packumentCache heap:1082130432 maxSize:270532608 maxEntrySize:135266304
13 silly idealTree buildDeps
14 silly fetch manifest yt-search@^2.13.1
15 silly packumentCache full:https://registry.npmjs.org/yt-search cache-miss
16 http fetch GET 200 https://registry.npmjs.org/yt-search 997ms (cache revalidated)
17 silly packumentCache full:https://registry.npmjs.org/yt-search set size:230821 disposed:false
18 silly fetch manifest @distube/ytdl-core@*
19 silly packumentCache full:https://registry.npmjs.org/@distube%2fytdl-core cache-miss
20 http fetch GET 200 https://registry.npmjs.org/@distube%2fytdl-core 798ms (cache revalidated)
21 silly packumentCache full:https://registry.npmjs.org/@distube%2fytdl-core set size:186402 disposed:false
22 silly placeDep ROOT @distube/ytdl-core@4.16.12 OK for: home@1.0.0 want: *
23 silly placeDep ROOT yt-search@2.13.1 REPLACE for: home@1.0.0 want: ^2.13.1
24 silly fetch manifest sax@^1.4.1
25 silly packumentCache full:https://registry.npmjs.org/sax cache-miss
26 silly fetch manifest miniget@^4.2.3
27 silly packumentCache full:https://registry.npmjs.org/miniget cache-miss
28 silly fetch manifest m3u8stream@^0.8.6
29 silly packumentCache full:https://registry.npmjs.org/m3u8stream cache-miss
30 silly fetch manifest tough-cookie@^5.1.2
31 silly packumentCache full:https://registry.npmjs.org/tough-cookie cache-miss
32 silly fetch manifest http-cookie-agent@^7.0.1
33 silly packumentCache full:https://registry.npmjs.org/http-cookie-agent cache-miss
34 silly fetch manifest https-proxy-agent@^7.0.6
35 silly packumentCache full:https://registry.npmjs.org/https-proxy-agent cache-miss
36 http fetch GET 200 https://registry.npmjs.org/https-proxy-agent 237ms (cache revalidated)
37 silly packumentCache full:https://registry.npmjs.org/https-proxy-agent set size:81258 disposed:false
38 http fetch GET 200 https://registry.npmjs.org/sax 509ms (cache revalidated)
39 silly packumentCache full:https://registry.npmjs.org/sax set size:91199 disposed:false
40 http fetch GET 200 https://registry.npmjs.org/tough-cookie 520ms (cache revalidated)
41 silly packumentCache full:https://registry.npmjs.org/tough-cookie set size:149007 disposed:false
42 http fetch GET 200 https://registry.npmjs.org/http-cookie-agent 579ms (cache revalidated)
43 silly packumentCache full:https://registry.npmjs.org/http-cookie-agent set size:143093 disposed:false
44 http fetch GET 200 https://registry.npmjs.org/miniget 615ms (cache revalidated)
45 silly packumentCache full:https://registry.npmjs.org/miniget set size:76662 disposed:false
46 http fetch GET 200 https://registry.npmjs.org/m3u8stream 622ms (cache revalidated)
47 silly packumentCache full:https://registry.npmjs.org/m3u8stream set size:70942 disposed:false
48 silly fetch manifest undici@^7.8.0
49 silly packumentCache full:https://registry.npmjs.org/undici cache-miss
50 http fetch GET 200 https://registry.npmjs.org/undici 352ms (cache revalidated)
51 silly packumentCache full:https://registry.npmjs.org/undici set size:1396737 disposed:false
52 silly placeDep ROOT http-cookie-agent@7.0.4 OK for: @distube/ytdl-core@4.16.12 want: ^7.0.1
53 silly placeDep ROOT tough-cookie@5.1.2 OK for: http-cookie-agent@7.0.4 want: ^4.0.0 || ^5.0.0 || ^6.0.0
54 silly placeDep ROOT https-proxy-agent@7.0.6 OK for: @distube/ytdl-core@4.16.12 want: ^7.0.6
55 silly placeDep ROOT m3u8stream@0.8.6 OK for: @distube/ytdl-core@4.16.12 want: ^0.8.6
56 silly placeDep ROOT miniget@4.2.3 OK for: @distube/ytdl-core@4.16.12 want: ^4.2.3
57 silly placeDep ROOT sax@1.6.0 OK for: @distube/ytdl-core@4.16.12 want: ^1.4.1
58 silly fetch manifest agent-base@^9.0.0
59 silly packumentCache full:https://registry.npmjs.org/agent-base cache-miss
60 silly fetch manifest tldts@^6.1.32
61 silly packumentCache full:https://registry.npmjs.org/tldts cache-miss
62 silly fetch manifest agent-base@^7.1.2
63 silly packumentCache full:https://registry.npmjs.org/agent-base cache-miss
64 silly fetch manifest miniget@^4.2.2
65 silly packumentCache full:https://registry.npmjs.org/miniget cache-hit
66 silly fetch manifest sax@^1.2.4
67 silly packumentCache full:https://registry.npmjs.org/sax cache-hit
68 http fetch GET 200 https://registry.npmjs.org/agent-base 108ms (cache revalidated)
69 silly packumentCache full:https://registry.npmjs.org/agent-base set size:72085 disposed:false
70 http fetch GET 200 https://registry.npmjs.org/agent-base 111ms (cache revalidated)
71 silly packumentCache full:https://registry.npmjs.org/agent-base set size:72085 disposed:false
72 silly packumentCache full:https://registry.npmjs.org/agent-base dispose
73 http fetch GET 200 https://registry.npmjs.org/tldts 453ms (cache revalidated)
74 silly packumentCache full:https://registry.npmjs.org/tldts set size:3445969 disposed:false
75 silly placeDep ROOT agent-base@9.0.0 OK for: http-cookie-agent@7.0.4 want: ^9.0.0
76 silly placeDep node_modules/https-proxy-agent agent-base@7.1.4 OK for: https-proxy-agent@7.0.6 want: ^7.1.2
77 silly placeDep ROOT tldts@6.1.86 OK for: tough-cookie@5.1.2 want: ^6.1.32
78 silly fetch manifest tldts-core@^6.1.86
79 silly packumentCache full:https://registry.npmjs.org/tldts-core cache-miss
80 http fetch GET 200 https://registry.npmjs.org/tldts-core 620ms (cache revalidated)
81 silly packumentCache full:https://registry.npmjs.org/tldts-core set size:3082599 disposed:false
82 silly placeDep ROOT tldts-core@6.1.86 OK for: tldts@6.1.86 want: ^6.1.86
83 silly reify moves {}
84 silly audit bulk request {
84 silly audit   '@borewit/text-codec': [ '0.2.2' ],
84 silly audit   '@cacheable/memory': [ '2.0.9' ],
84 silly audit   '@cacheable/node-cache': [ '1.7.6' ],
84 silly audit   '@cacheable/utils': [ '2.4.1' ],
84 silly audit   '@emnapi/runtime': [ '1.10.0' ],
84 silly audit   '@hapi/boom': [ '9.1.4' ],
84 silly audit   '@hapi/hoek': [ '9.3.0' ],
84 silly audit   '@img/colour': [ '1.1.0' ],
84 silly audit   '@img/sharp-darwin-arm64': [ '0.34.5' ],
84 silly audit   '@img/sharp-darwin-x64': [ '0.34.5' ],
84 silly audit   '@img/sharp-libvips-darwin-arm64': [ '1.2.4' ],
84 silly audit   '@img/sharp-libvips-darwin-x64': [ '1.2.4' ],
84 silly audit   '@img/sharp-libvips-linux-arm': [ '1.2.4' ],
84 silly audit   '@img/sharp-libvips-linux-arm64': [ '1.2.4' ],
84 silly audit   '@img/sharp-libvips-linux-ppc64': [ '1.2.4' ],
84 silly audit   '@img/sharp-libvips-linux-riscv64': [ '1.2.4' ],
84 silly audit   '@img/sharp-libvips-linux-s390x': [ '1.2.4' ],
84 silly audit   '@img/sharp-libvips-linux-x64': [ '1.2.4' ],
84 silly audit   '@img/sharp-libvips-linuxmusl-arm64': [ '1.2.4' ],
84 silly audit   '@img/sharp-libvips-linuxmusl-x64': [ '1.2.4' ],
84 silly audit   '@img/sharp-linux-arm': [ '0.34.5' ],
84 silly audit   '@img/sharp-linux-arm64': [ '0.34.5' ],
84 silly audit   '@img/sharp-linux-ppc64': [ '0.34.5' ],
84 silly audit   '@img/sharp-linux-riscv64': [ '0.34.5' ],
84 silly audit   '@img/sharp-linux-s390x': [ '0.34.5' ],
84 silly audit   '@img/sharp-linux-x64': [ '0.34.5' ],
84 silly audit   '@img/sharp-linuxmusl-arm64': [ '0.34.5' ],
84 silly audit   '@img/sharp-linuxmusl-x64': [ '0.34.5' ],
84 silly audit   '@img/sharp-wasm32': [ '0.34.5' ],
84 silly audit   '@img/sharp-win32-arm64': [ '0.34.5' ],
84 silly audit   '@img/sharp-win32-ia32': [ '0.34.5' ],
84 silly audit   '@img/sharp-win32-x64': [ '0.34.5' ],
84 silly audit   '@jsep-plugin/assignment': [ '1.3.0' ],
84 silly audit   '@jsep-plugin/regex': [ '1.0.4' ],
84 silly audit   '@keyv/bigmap': [ '1.3.1' ],
84 silly audit   '@keyv/serialize': [ '1.1.1' ],
84 silly audit   '@pinojs/redact': [ '0.4.0' ],
84 silly audit   '@protobufjs/aspromise': [ '1.1.2' ],
84 silly audit   '@protobufjs/base64': [ '1.1.2' ],
84 silly audit   '@protobufjs/codegen': [ '2.0.5' ],
84 silly audit   '@protobufjs/eventemitter': [ '1.1.1' ],
84 silly audit   '@protobufjs/fetch': [ '1.1.1' ],
84 silly audit   '@protobufjs/float': [ '1.0.2' ],
84 silly audit   '@protobufjs/inquire': [ '1.1.2' ],
84 silly audit   '@protobufjs/path': [ '1.1.2' ],
84 silly audit   '@protobufjs/pool': [ '1.1.0' ],
84 silly audit   '@protobufjs/utf8': [ '1.1.1' ],
84 silly audit   '@tokenizer/inflate': [ '0.4.1' ],
84 silly audit   '@tokenizer/token': [ '0.3.0' ],
84 silly audit   '@types/node': [ '25.9.1' ],
84 silly audit   '@whiskeysockets/baileys': [ '7.0.0-rc13' ],
84 silly audit   pino: [ '9.14.0', '10.3.1' ],
84 silly audit   'pino-abstract-transport': [ '2.0.0', '3.0.0' ],
84 silly audit   'thread-stream': [ '3.1.0', '4.2.0' ],
84 silly audit   accepts: [ '2.0.0' ],
84 silly audit   'ansi-regex': [ '3.0.1' ],
84 silly audit   'async-mutex': [ '0.5.0' ],
84 silly audit   'async.parallellimit': [ '0.5.2' ],
84 silly audit   'async.util.eachoflimit': [ '0.5.2' ],
84 silly audit   'async.util.isarray': [ '0.5.2' ],
84 silly audit   'async.util.isarraylike': [ '0.5.2' ],
84 silly audit   'async.util.keyiterator': [ '0.5.2' ],
84 silly audit   'async.util.keys': [ '0.5.2' ],
84 silly audit   'async.util.noop': [ '0.5.2' ],
84 silly audit   'async.util.once': [ '0.5.2' ],
84 silly audit   'async.util.onlyonce': [ '0.5.2' ],
84 silly audit   'async.util.parallel': [ '0.5.2' ],
84 silly audit   'async.util.restparam': [ '0.5.2' ],
84 silly audit   'atomic-sleep': [ '1.0.0' ],
84 silly audit   'balanced-match': [ '1.0.2' ],
84 silly audit   'body-parser': [ '2.2.2' ],
84 silly audit   'iconv-lite': [ '0.7.2', '0.6.3' ],
84 silly audit   boolbase: [ '1.0.0' ],
84 silly audit   boolstring: [ '2.0.1' ],
84 silly audit   'brace-expansion': [ '1.1.15' ],
84 silly audit   bytes: [ '3.1.2' ],
84 silly audit   cacheable: [ '2.3.5' ],
84 silly audit   'call-bind-apply-helpers': [ '1.0.2' ],
84 silly audit   'call-bound': [ '1.0.4' ],
84 silly audit   cheerio: [ '1.2.0' ],
84 silly audit   'cheerio-select': [ '2.1.0' ],
84 silly audit   'dom-serializer': [ '2.0.0', '0.2.2' ],
84 silly audit   domelementtype: [ '2.3.0', '1.3.1' ],
84 silly audit   domhandler: [ '5.0.3', '2.4.2' ],
84 silly audit   domutils: [ '3.2.2', '1.7.0' ],
84 silly audit   entities: [ '4.5.0', '7.0.1', '2.2.0', '1.1.2', '6.0.1' ],
84 silly audit   htmlparser2: [ '10.1.0', '3.10.1' ],
84 silly audit   'concat-map': [ '0.0.1' ],
84 silly audit   'content-disposition': [ '1.1.0' ],
84 silly audit   'content-type': [ '1.0.5', '2.0.0' ],
84 silly audit   cookie: [ '0.7.2' ],
84 silly audit   'cookie-signature': [ '1.2.2' ],
84 silly audit   'css-select': [ '5.2.2' ],
84 silly audit   'css-what': [ '6.2.2' ],
84 silly audit   'curve25519-js': [ '0.0.4' ],
84 silly audit   dasu: [ '0.4.3' ],
84 silly audit   debug: [ '4.4.3' ],
84 silly audit   depd: [ '2.0.0' ],
84 silly audit   'detect-libc': [ '2.1.2' ],
84 silly audit   dotenv: [ '17.4.2' ],
84 silly audit   'dunder-proto': [ '1.0.1' ],
84 silly audit   'ee-first': [ '1.1.1' ],
84 silly audit   encodeurl: [ '2.0.0' ],
84 silly audit   encoding: [ '0.1.13' ],
84 silly audit   'encoding-sniffer': [ '0.2.1' ],
84 silly audit   'es-define-property': [ '1.0.1' ],
84 silly audit   'es-errors': [ '1.3.0' ],
84 silly audit   'es-object-atoms': [ '1.1.2' ],
84 silly audit   'escape-html': [ '1.0.3' ],
84 silly audit   etag: [ '1.8.1' ],
84 silly audit   eventemitter3: [ '5.0.4' ],
84 silly audit   express: [ '5.2.1' ],
84 silly audit   'file-type': [ '21.3.4' ],
84 silly audit   finalhandler: [ '2.1.1' ],
84 silly audit   forwarded: [ '0.2.0' ],
84 silly audit   fresh: [ '2.0.0' ],
84 silly audit   'function-bind': [ '1.1.2' ],
84 silly audit   'get-intrinsic': [ '1.3.0' ],
84 silly audit   'get-proto': [ '1.0.1' ],
84 silly audit   gopd: [ '1.2.0' ],
84 silly audit   'has-symbols': [ '1.1.0' ],
84 silly audit   hashery: [ '1.5.1' ],
84 silly audit   hasown: [ '2.0.4' ],
84 silly audit   he: [ '1.2.0' ],
84 silly audit   hookified: [ '1.15.1', '2.2.0' ],
84 silly audit   'html-to-text': [ '5.1.1' ],
84 silly audit   'http-errors': [ '2.0.1' ],
84 silly audit   'human-time': [ '0.0.2' ],
84 silly audit   ieee754: [ '1.2.1' ],
84 silly audit   inherits: [ '2.0.4' ],
84 silly audit   'ipaddr.js': [ '1.9.1' ],
84 silly audit   'is-fullwidth-code-point': [ '2.0.0' ],
84 silly audit   'is-promise': [ '4.0.0' ],
84 silly audit   jsep: [ '1.4.0' ],
84 silly audit   'jsonpath-plus': [ '10.3.0' ],
84 silly audit   keypress: [ '0.2.1' ],
84 silly audit   keyv: [ '5.6.0' ],
84 silly audit   libsignal: [ '6.0.0' ],
84 silly audit   lodash: [ '4.18.1' ],
84 silly audit   long: [ '5.3.2' ],
84 silly audit   'lru-cache': [ '11.5.1' ],
84 silly audit   'lyrics-finder': [ '21.7.0' ],
84 silly audit   'math-intrinsics': [ '1.1.0' ],
84 silly audit   'media-typer': [ '1.1.0' ],
84 silly audit   'merge-descriptors': [ '2.0.0' ],
84 silly audit   'mime-db': [ '1.54.0' ],
84 silly audit   'mime-types': [ '3.0.2' ],
84 silly audit   'mimic-fn': [ '2.1.0' ],
84 silly audit   minimatch: [ '3.0.8' ],
84 silly audit   minimist: [ '1.2.8' ],
84 silly audit   ms: [ '2.1.3' ],
84 silly audit   'music-metadata': [ '11.12.3' ],
84 silly audit   negotiator: [ '1.0.0' ],
84 silly audit   'node-fetch': [ '2.7.0' ],
84 silly audit   'node-fzf': [ '0.14.0' ],
84 silly audit   'nth-check': [ '2.1.1' ],
84 silly audit   'object-inspect': [ '1.13.4' ],
84 silly audit   'on-exit-leak-free': [ '2.1.2' ],
84 silly audit   'on-finished': [ '2.4.1' ],
84 silly audit   once: [ '1.4.0' ],
84 silly audit   onetime: [ '5.1.2' ],
84 silly audit   'p-queue': [ '9.3.0' ],
84 silly audit   'p-timeout': [ '7.0.1' ],
84 silly audit   parse5: [ '7.3.0' ],
84 silly audit   'parse5-htmlparser2-tree-adapter': [ '7.1.0' ],
84 silly audit   'parse5-parser-stream': [ '7.1.2' ],
84 silly audit   parseurl: [ '1.3.3' ],
84 silly audit   'path-to-regexp': [ '8.4.2' ],
84 silly audit   picocolors: [ '1.1.1' ],
84 silly audit   'pino-std-serializers': [ '7.1.0' ],
84 silly audit   'play-audio': [ '0.5.2' ],
84 silly audit   'play-dl': [ '1.9.7' ],
84 silly audit   'process-warning': [ '5.0.0' ],
84 silly audit   protobufjs: [ '7.6.1' ],
84 silly audit   'proxy-addr': [ '2.0.7' ],
84 silly audit   qified: [ '0.10.1' ],
84 silly audit   qs: [ '6.15.2' ],
84 silly audit   'quick-format-unescaped': [ '4.0.4' ],
84 silly audit   'range-parser': [ '1.2.1' ],
84 silly audit   'raw-body': [ '3.0.2' ],
84 silly audit   'readable-stream': [ '3.6.2' ],
84 silly audit   'real-require': [ '0.2.0', '1.0.0' ],
84 silly audit   redstar: [ '0.0.2' ],
84 silly audit   'restore-cursor': [ '3.1.0' ],
84 silly audit   router: [ '2.2.0' ],
84 silly audit   'safe-buffer': [ '5.2.1' ],
84 silly audit   'safe-stable-stringify': [ '2.5.0' ],
84 silly audit   'safer-buffer': [ '2.1.2' ],
84 silly audit   semver: [ '7.8.1' ],
84 silly audit   send: [ '1.2.1' ],
84 silly audit   'serve-static': [ '2.2.1' ],
84 silly audit   setprototypeof: [ '1.2.0' ],
84 silly audit   sharp: [ '0.34.5' ],
84 silly audit   'side-channel': [ '1.1.0' ],
84 silly audit   'side-channel-list': [ '1.0.1' ],
84 silly audit   'side-channel-map': [ '1.0.1' ],
84 silly audit   'side-channel-weakmap': [ '1.0.2' ],
84 silly audit   'signal-exit': [ '3.0.7' ],
84 silly audit   'sonic-boom': [ '4.2.1' ],
84 silly audit   split2: [ '4.2.0' ],
84 silly audit   statuses: [ '2.0.2' ],
84 silly audit   string_decoder: [ '1.3.0' ],
84 silly audit   'string-width': [ '2.1.1' ],
84 silly audit   'strip-ansi': [ '4.0.0' ],
84 silly audit   strtok3: [ '10.3.5' ],
84 silly audit   toidentifier: [ '1.0.1' ],
84 silly audit   'token-types': [ '6.1.2' ],
84 silly audit   tr46: [ '0.0.3' ],
84 silly audit   tslib: [ '2.8.1' ],
84 silly audit   ttys: [ '0.0.3' ],
84 silly audit   'type-is': [ '2.1.0' ],
84 silly audit   'uint8array-extras': [ '1.5.0' ],
84 silly audit   undici: [ '7.26.0' ],
84 silly audit   'undici-types': [ '7.24.6' ],
84 silly audit   unpipe: [ '1.0.0' ],
84 silly audit   'util-deprecate': [ '1.0.2' ],
84 silly audit   vary: [ '1.1.2' ],
84 silly audit   'webidl-conversions': [ '3.0.1' ],
84 silly audit   'whatsapp-rust-bridge': [ '0.5.4' ],
84 silly audit   'whatwg-encoding': [ '3.1.1' ],
84 silly audit   'whatwg-mimetype': [ '4.0.0' ],
84 silly audit   'whatwg-url': [ '5.0.0' ],
84 silly audit   'win-guid': [ '0.2.1' ],
84 silly audit   wrappy: [ '1.0.2' ],
84 silly audit   ws: [ '8.21.0' ],
84 silly audit   '@distube/ytdl-core': [ '4.16.12' ],
84 silly audit   'yt-search': [ '2.13.1' ],
84 silly audit   'http-cookie-agent': [ '7.0.4' ],
84 silly audit   'tough-cookie': [ '5.1.2' ],
84 silly audit   'https-proxy-agent': [ '7.0.6' ],
84 silly audit   m3u8stream: [ '0.8.6' ],
84 silly audit   miniget: [ '4.2.3' ],
84 silly audit   sax: [ '1.6.0' ],
84 silly audit   'agent-base': [ '9.0.0', '7.1.4' ],
84 silly audit   tldts: [ '6.1.86' ],
84 silly audit   'tldts-core': [ '6.1.86' ]
84 silly audit }
85 http cache tldts-core@https://registry.npmjs.org/tldts-core/-/tldts-core-6.1.86.tgz 0ms (cache hit)
86 http cache tldts@https://registry.npmjs.org/tldts/-/tldts-6.1.86.tgz 0ms (cache hit)
87 http cache sax@https://registry.npmjs.org/sax/-/sax-1.6.0.tgz 0ms (cache hit)
88 http cache agent-base@https://registry.npmjs.org/agent-base/-/agent-base-9.0.0.tgz 0ms (cache hit)
89 http cache tough-cookie@https://registry.npmjs.org/tough-cookie/-/tough-cookie-5.1.2.tgz 0ms (cache hit)
90 http cache https-proxy-agent@https://registry.npmjs.org/https-proxy-agent/-/https-proxy-agent-7.0.6.tgz 0ms (cache hit)
91 http cache http-cookie-agent@https://registry.npmjs.org/http-cookie-agent/-/http-cookie-agent-7.0.4.tgz 0ms (cache hit)
92 http cache agent-base@https://registry.npmjs.org/agent-base/-/agent-base-7.1.4.tgz 0ms (cache hit)
93 http cache miniget@https://registry.npmjs.org/miniget/-/miniget-4.2.3.tgz 0ms (cache hit)
94 http cache m3u8stream@https://registry.npmjs.org/m3u8stream/-/m3u8stream-0.8.6.tgz 0ms (cache hit)
95 http cache @distube/ytdl-core@https://registry.npmjs.org/@distube/ytdl-core/-/ytdl-core-4.16.12.tgz 0ms (cache hit)
96 http fetch POST 200 https://registry.npmjs.org/-/npm/v1/security/advisories/bulk 526ms
97 silly audit report {
97 silly audit report   minimatch: [
97 silly audit report     {
97 silly audit report       id: 1113459,
97 silly audit report       url: 'https://github.com/advisories/GHSA-3ppc-4f35-3m26',
97 silly audit report       title: 'minimatch has a ReDoS via repeated wildcards with non-matching literal in pattern',
97 silly audit report       severity: 'high',
97 silly audit report       vulnerable_versions: '<3.1.3',
97 silly audit report       cwe: [Array],
97 silly audit report       cvss: [Object]
97 silly audit report     },
97 silly audit report     {
97 silly audit report       id: 1113538,
97 silly audit report       url: 'https://github.com/advisories/GHSA-7r86-cg39-jmmj',
97 silly audit report       title: 'minimatch has ReDoS: matchOne() combinatorial backtracking via multiple non-adjacent GLOBSTAR segments',
97 silly audit report       severity: 'high',
97 silly audit report       vulnerable_versions: '<3.1.3',
97 silly audit report       cwe: [Array],
97 silly audit report       cvss: [Object]
97 silly audit report     },
97 silly audit report     {
97 silly audit report       id: 1113546,
97 silly audit report       url: 'https://github.com/advisories/GHSA-23c5-xmqv-rm74',
97 silly audit report       title: 'minimatch ReDoS: nested *() extglobs generate catastrophically backtracking regular expressions',
97 silly audit report       severity: 'high',
97 silly audit report       vulnerable_versions: '<3.1.4',
97 silly audit report       cwe: [Array],
97 silly audit report       cvss: [Object]
97 silly audit report     }
97 silly audit report   ]
97 silly audit report }
98 silly packumentCache corgi:https://registry.npmjs.org/minimatch cache-miss
99 http cache https://registry.npmjs.org/minimatch 52ms (cache hit)
100 silly packumentCache corgi:https://registry.npmjs.org/minimatch set size:168441 disposed:false
101 silly packumentCache corgi:https://registry.npmjs.org/redstar cache-miss
102 http cache https://registry.npmjs.org/redstar 31ms (cache hit)
103 silly packumentCache corgi:https://registry.npmjs.org/redstar set size:1262 disposed:false
104 silly packumentCache corgi:https://registry.npmjs.org/node-fzf cache-miss
105 http cache https://registry.npmjs.org/node-fzf 23ms (cache hit)
106 silly packumentCache corgi:https://registry.npmjs.org/node-fzf set size:42290 disposed:false
107 silly packumentCache corgi:https://registry.npmjs.org/yt-search cache-miss
108 http cache https://registry.npmjs.org/yt-search 27ms (cache hit)
109 silly packumentCache corgi:https://registry.npmjs.org/yt-search set size:126336 disposed:false
110 silly ADD node_modules/tldts-core
111 silly ADD node_modules/tldts
112 silly ADD node_modules/agent-base
113 silly ADD node_modules/sax
114 silly ADD node_modules/miniget
115 silly ADD node_modules/m3u8stream
116 silly ADD node_modules/https-proxy-agent
117 silly ADD node_modules/https-proxy-agent/node_modules/agent-base
118 silly ADD node_modules/tough-cookie
119 silly ADD node_modules/http-cookie-agent
120 silly ADD node_modules/@distube/ytdl-core
121 warn allow-scripts 3 packages have install scripts not yet covered by allowScripts:
121 warn allow-scripts   @whiskeysockets/baileys@7.0.0-rc13 (install: (install scripts present))
121 warn allow-scripts   protobufjs@7.6.1 (install: (install scripts present))
121 warn allow-scripts   sharp@0.34.5 (install: (install scripts present))
121 warn allow-scripts
121 warn allow-scripts Run `npm approve-scripts --allow-scripts-pending` to review, or `npm approve-scripts <pkg>` to allow.
122 verbose cwd /data/data/com.termux/files/home
123 verbose os Linux 4.14.186-g629cb8c46-dirty
124 verbose node v26.2.0
125 verbose npm  v11.16.0
126 verbose exit 0
127 info ok
